2024-06-04T20:33:08.0521479-03:00  [INF] Now listening on: "http://localhost:5113" (d826f4b8)
2024-06-04T20:33:08.1899078-03:00  [INF] Application started. Press Ctrl+C to shut down. (dcaefe54)
2024-06-04T20:33:08.1907022-03:00  [INF] Hosting environment: "Development" (bc5a1a4e)
2024-06-04T20:33:08.1907592-03:00  [INF] Content root path: "C:\Users\Sr.Orlandi\Desktop\Trabalho Final" (cc26f24e)
2024-06-04T20:33:10.9316729-03:00 0HN44TQOBA4OP:00000001 [INF] Request starting "HTTP/1.1" "GET" "http"://"localhost:5113""""/swagger""" - null null (d509f86a)
2024-06-04T20:33:12.2125965-03:00 0HN44TQOBA4OP:00000001 [INF] Request finished "HTTP/1.1" "GET" "http"://"localhost:5113""""/swagger""" - 301 0 null 1286.5594ms (74253ad3)
2024-06-04T20:33:12.2502897-03:00 0HN44TQOBA4OQ:00000001 [INF] Request starting "HTTP/1.1" "GET" "http"://"localhost:5113""""/swagger/index.html""" - null null (d509f86a)
2024-06-04T20:33:12.4368448-03:00 0HN44TQOBA4OQ:00000001 [INF] Request finished "HTTP/1.1" "GET" "http"://"localhost:5113""""/swagger/index.html""" - 200 null "text/html;charset=utf-8" 186.454ms (74253ad3)
2024-06-04T20:33:12.5450375-03:00 0HN44TQOBA4OQ:00000002 [INF] Request starting "HTTP/1.1" "GET" "http"://"localhost:5113""""/swagger/swagger-ui.css""" - null null (d509f86a)
2024-06-04T20:33:12.5458612-03:00 0HN44TQOBA4OS:00000001 [INF] Request starting "HTTP/1.1" "GET" "http"://"localhost:5113""""/swagger/swagger-ui-standalone-preset.js""" - null null (d509f86a)
2024-06-04T20:33:12.5463357-03:00 0HN44TQOBA4OR:00000001 [INF] Request starting "HTTP/1.1" "GET" "http"://"localhost:5113""""/swagger/swagger-ui-bundle.js""" - null null (d509f86a)
2024-06-04T20:33:12.5467369-03:00 0HN44TQOBA4OT:00000001 [INF] Request starting "HTTP/1.1" "GET" "http"://"localhost:5113""""/_vs/browserLink""" - null null (d509f86a)
2024-06-04T20:33:12.5486633-03:00 0HN44TQOBA4OU:00000001 [INF] Request starting "HTTP/1.1" "GET" "http"://"localhost:5113""""/_framework/aspnetcore-browser-refresh.js""" - null null (d509f86a)
2024-06-04T20:33:12.5529113-03:00 0HN44TQOBA4OU:00000001 [INF] Request finished "HTTP/1.1" "GET" "http"://"localhost:5113""""/_framework/aspnetcore-browser-refresh.js""" - 200 13764 "application/javascript; charset=utf-8" 4.1899ms (74253ad3)
2024-06-04T20:33:12.5952468-03:00 0HN44TQOBA4OQ:00000002 [INF] Sending file. Request path: '"/swagger-ui.css"'. Physical path: '"N/A"' (27b0a520)
2024-06-04T20:33:12.5952772-03:00 0HN44TQOBA4OS:00000001 [INF] Sending file. Request path: '"/swagger-ui-standalone-preset.js"'. Physical path: '"N/A"' (27b0a520)
2024-06-04T20:33:12.5986080-03:00 0HN44TQOBA4OQ:00000002 [INF] Request finished "HTTP/1.1" "GET" "http"://"localhost:5113""""/swagger/swagger-ui.css""" - 200 144929 "text/css" 53.7392ms (74253ad3)
2024-06-04T20:33:12.5987137-03:00 0HN44TQOBA4OS:00000001 [INF] Request finished "HTTP/1.1" "GET" "http"://"localhost:5113""""/swagger/swagger-ui-standalone-preset.js""" - 200 312163 "text/javascript" 52.823ms (74253ad3)
2024-06-04T20:33:12.6017324-03:00 0HN44TQOBA4OR:00000001 [INF] Sending file. Request path: '"/swagger-ui-bundle.js"'. Physical path: '"N/A"' (27b0a520)
2024-06-04T20:33:12.6020196-03:00 0HN44TQOBA4OR:00000001 [INF] Request finished "HTTP/1.1" "GET" "http"://"localhost:5113""""/swagger/swagger-ui-bundle.js""" - 200 1061536 "text/javascript" 55.6506ms (74253ad3)
2024-06-04T20:33:12.7178959-03:00 0HN44TQOBA4OT:00000001 [INF] Request finished "HTTP/1.1" "GET" "http"://"localhost:5113""""/_vs/browserLink""" - 200 null "text/javascript; charset=UTF-8" 171.0536ms (74253ad3)
2024-06-04T20:33:12.9327412-03:00 0HN44TQOBA4OR:00000002 [INF] Request starting "HTTP/1.1" "GET" "http"://"localhost:5113""""/swagger/favicon-32x32.png""" - null null (d509f86a)
2024-06-04T20:33:12.9337015-03:00 0HN44TQOBA4OR:00000002 [INF] Sending file. Request path: '"/favicon-32x32.png"'. Physical path: '"N/A"' (27b0a520)
2024-06-04T20:33:12.9338892-03:00 0HN44TQOBA4OR:00000002 [INF] Request finished "HTTP/1.1" "GET" "http"://"localhost:5113""""/swagger/favicon-32x32.png""" - 200 628 "image/png" 1.2238ms (74253ad3)
2024-06-04T20:33:13.0180796-03:00 0HN44TQOBA4OR:00000003 [INF] Request starting "HTTP/1.1" "GET" "http"://"localhost:5113""""/swagger/v1/swagger.json""" - null null (d509f86a)
2024-06-04T20:33:13.2675626-03:00 0HN44TQOBA4OR:00000003 [INF] Request finished "HTTP/1.1" "GET" "http"://"localhost:5113""""/swagger/v1/swagger.json""" - 200 null "application/json;charset=utf-8" 249.4741ms (74253ad3)
2024-06-04T20:34:29.5350001-03:00 0HN44TQOBA4P0:00000001 [INF] Request starting "HTTP/1.1" "GET" "http"://"localhost:5113""""/swagger""" - null null (d509f86a)
2024-06-04T20:34:29.5382568-03:00 0HN44TQOBA4P0:00000001 [INF] Request finished "HTTP/1.1" "GET" "http"://"localhost:5113""""/swagger""" - 499 null null 3.3413ms (74253ad3)
2024-06-04T20:34:29.6416389-03:00 0HN44TQOBA4P1:00000001 [INF] Request starting "HTTP/1.1" "GET" "http"://"localhost:5113""""/swagger/index.html""" - null null (d509f86a)
2024-06-04T20:34:29.6441896-03:00 0HN44TQOBA4P1:00000001 [INF] Request finished "HTTP/1.1" "GET" "http"://"localhost:5113""""/swagger/index.html""" - 200 null "text/html;charset=utf-8" 2.4207ms (74253ad3)
2024-06-04T20:34:29.7259995-03:00 0HN44TQOBA4P1:00000002 [INF] Request starting "HTTP/1.1" "GET" "http"://"localhost:5113""""/_framework/aspnetcore-browser-refresh.js""" - null null (d509f86a)
2024-06-04T20:34:29.7263060-03:00 0HN44TQOBA4P1:00000002 [INF] Request finished "HTTP/1.1" "GET" "http"://"localhost:5113""""/_framework/aspnetcore-browser-refresh.js""" - 200 13764 "application/javascript; charset=utf-8" 0.3206ms (74253ad3)
2024-06-04T20:34:29.7270092-03:00 0HN44TQOBA4P1:00000003 [INF] Request starting "HTTP/1.1" "GET" "http"://"localhost:5113""""/swagger/swagger-ui.css""" - null null (d509f86a)
2024-06-04T20:34:29.7287145-03:00 0HN44TQOBA4P1:00000003 [INF] Sending file. Request path: '"/swagger-ui.css"'. Physical path: '"N/A"' (27b0a520)
2024-06-04T20:34:29.7288585-03:00 0HN44TQOBA4P1:00000003 [INF] Request finished "HTTP/1.1" "GET" "http"://"localhost:5113""""/swagger/swagger-ui.css""" - 499 144929 "text/css" 1.862ms (74253ad3)
2024-06-04T20:34:29.7503118-03:00 0HN44TQOBA4P2:00000001 [INF] Request starting "HTTP/1.1" "GET" "http"://"localhost:5113""""/_vs/browserLink""" - null null (d509f86a)
2024-06-04T20:34:29.7538857-03:00 0HN44TQOBA4P2:00000001 [INF] Request finished "HTTP/1.1" "GET" "http"://"localhost:5113""""/_vs/browserLink""" - 200 null "text/javascript; charset=UTF-8" 3.4989ms (74253ad3)
2024-06-04T20:34:29.9589372-03:00 0HN44TQOBA4P2:00000002 [INF] Request starting "HTTP/1.1" "GET" "http"://"localhost:5113""""/swagger/favicon-32x32.png""" - null null (d509f86a)
2024-06-04T20:34:29.9593726-03:00 0HN44TQOBA4P2:00000002 [INF] Sending file. Request path: '"/favicon-32x32.png"'. Physical path: '"N/A"' (27b0a520)
2024-06-04T20:34:29.9596360-03:00 0HN44TQOBA4P2:00000002 [INF] Request finished "HTTP/1.1" "GET" "http"://"localhost:5113""""/swagger/favicon-32x32.png""" - 200 628 "image/png" 0.6882ms (74253ad3)
2024-06-04T20:34:30.0231816-03:00 0HN44TQOBA4P2:00000003 [INF] Request starting "HTTP/1.1" "GET" "http"://"localhost:5113""""/swagger/v1/swagger.json""" - null null (d509f86a)
2024-06-04T20:34:30.0494952-03:00 0HN44TQOBA4P2:00000003 [INF] Request finished "HTTP/1.1" "GET" "http"://"localhost:5113""""/swagger/v1/swagger.json""" - 200 null "application/json;charset=utf-8" 26.3051ms (74253ad3)
2024-06-04T20:48:25.1719726-03:00 0HN44TQOBA4P3:00000001 [INF] Request starting "HTTP/1.1" "POST" "http"://"localhost:5113""""/api/Products""" - "application/json" 142 (d509f86a)
2024-06-04T20:48:25.1947825-03:00 0HN44TQOBA4P3:00000001 [INF] Executing endpoint '"ApiWebDB.Controllers.ProductsController.Post (Trabalho Final)"' (500cc934)
2024-06-04T20:48:25.2548160-03:00 0HN44TQOBA4P3:00000001 [INF] Route matched with "{action = \"Post\", controller = \"Products\"}". Executing controller action with signature "Microsoft.AspNetCore.Mvc.ActionResult`1[ApiWebDB.BaseDados.Models2.TbProduct] Post(ApiWebDB.DTO.ProductDTO)" on controller "ApiWebDB.Controllers.ProductsController" ("Trabalho Final"). (122b2fdf)
2024-06-04T20:48:26.0188449-03:00 0HN44TQOBA4P3:00000001 [INF] Executed action "ApiWebDB.Controllers.ProductsController.Post (Trabalho Final)" in 761.5845ms (afa2e885)
2024-06-04T20:48:26.0194033-03:00 0HN44TQOBA4P3:00000001 [INF] Executed endpoint '"ApiWebDB.Controllers.ProductsController.Post (Trabalho Final)"' (99874f2b)
2024-06-04T20:48:26.1860498-03:00 0HN44TQOBA4P3:00000001 [ERR] An unhandled exception has occurred while executing the request. (48a46595)
ApiWebDB.Services.Exceptions.InvalidEntityException: Código de barras é inválido.
   at ApiWebDB.Services.Validate.ProductValidator.Validate(TbProduct product) in C:\Users\Sr.Orlandi\Desktop\Trabalho Final\Services\Validate\ProductValidator.cs:line 36
   at TrabalhoFinal.Services.ProductService.Insert(ProductDTO dto) in C:\Users\Sr.Orlandi\Desktop\Trabalho Final\Services\ProductService.cs:line 66
   at ApiWebDB.Controllers.ProductsController.Post(ProductDTO dto) in C:\Users\Sr.Orlandi\Desktop\Trabalho Final\Controllers\ProductsController.cs:line 77
   at lambda_method2(Closure, Object, Object[])
   at Microsoft.AspNetCore.Mvc.Infrastructure.ActionMethodExecutor.SyncObjectResultExecutor.Execute(ActionContext actionContext, IActionResultTypeMapper mapper, ObjectMethodExecutor executor, Object controller, Object[] arguments)
   at Microsoft.AspNetCore.Mvc.Infrastructure.ControllerActionInvoker.InvokeActionMethodAsync()
   at Microsoft.AspNetCore.Mvc.Infrastructure.ControllerActionInvoker.Next(State& next, Scope& scope, Object& state, Boolean& isCompleted)
   at Microsoft.AspNetCore.Mvc.Infrastructure.ControllerActionInvoker.InvokeNextActionFilterAsync()
--- End of stack trace from previous location ---
   at Microsoft.AspNetCore.Mvc.Infrastructure.ControllerActionInvoker.Rethrow(ActionExecutedContextSealed context)
   at Microsoft.AspNetCore.Mvc.Infrastructure.ControllerActionInvoker.Next(State& next, Scope& scope, Object& state, Boolean& isCompleted)
   at Microsoft.AspNetCore.Mvc.Infrastructure.ControllerActionInvoker.InvokeInnerFilterAsync()
--- End of stack trace from previous location ---
   at Microsoft.AspNetCore.Mvc.Infrastructure.ResourceInvoker.<InvokeFilterPipelineAsync>g__Awaited|20_0(ResourceInvoker invoker, Task lastTask, State next, Scope scope, Object state, Boolean isCompleted)
   at Microsoft.AspNetCore.Mvc.Infrastructure.ResourceInvoker.<InvokeAsync>g__Logged|17_1(ResourceInvoker invoker)
   at Microsoft.AspNetCore.Mvc.Infrastructure.ResourceInvoker.<InvokeAsync>g__Logged|17_1(ResourceInvoker invoker)
   at Microsoft.AspNetCore.Routing.EndpointMiddleware.<Invoke>g__AwaitRequestTask|7_0(Endpoint endpoint, Task requestTask, ILogger logger)
   at Microsoft.AspNetCore.Authorization.AuthorizationMiddleware.Invoke(HttpContext context)
   at Swashbuckle.AspNetCore.SwaggerUI.SwaggerUIMiddleware.Invoke(HttpContext httpContext)
   at Swashbuckle.AspNetCore.Swagger.SwaggerMiddleware.Invoke(HttpContext httpContext, ISwaggerProvider swaggerProvider)
   at Microsoft.AspNetCore.Authentication.AuthenticationMiddleware.Invoke(HttpContext context)
   at Microsoft.AspNetCore.Diagnostics.DeveloperExceptionPageMiddlewareImpl.Invoke(HttpContext context)
2024-06-04T20:48:26.1931988-03:00 0HN44TQOBA4P3:00000001 [INF] Request finished "HTTP/1.1" "POST" "http"://"localhost:5113""""/api/Products""" - 500 null "text/plain; charset=utf-8" 1021.318ms (74253ad3)
2024-06-04T20:50:10.7408226-03:00 0HN44TQOBA4P4:00000001 [INF] Request starting "HTTP/1.1" "GET" "http"://"localhost:5113""""/swagger/index.html""" - null null (d509f86a)
2024-06-04T20:50:10.7536566-03:00 0HN44TQOBA4P4:00000001 [INF] Request finished "HTTP/1.1" "GET" "http"://"localhost:5113""""/swagger/index.html""" - 200 null "text/html;charset=utf-8" 12.825ms (74253ad3)
2024-06-04T20:50:10.8314891-03:00 0HN44TQOBA4P4:00000002 [INF] Request starting "HTTP/1.1" "GET" "http"://"localhost:5113""""/swagger/swagger-ui.css""" - null null (d509f86a)
2024-06-04T20:50:10.8339723-03:00 0HN44TQOBA4P5:00000001 [INF] Request starting "HTTP/1.1" "GET" "http"://"localhost:5113""""/swagger/swagger-ui-bundle.js""" - null null (d509f86a)
2024-06-04T20:50:10.8343358-03:00 0HN44TQOBA4P6:00000001 [INF] Request starting "HTTP/1.1" "GET" "http"://"localhost:5113""""/swagger/swagger-ui-standalone-preset.js""" - null null (d509f86a)
2024-06-04T20:50:10.8351890-03:00 0HN44TQOBA4P8:00000001 [INF] Request starting "HTTP/1.1" "GET" "http"://"localhost:5113""""/_framework/aspnetcore-browser-refresh.js""" - null null (d509f86a)
2024-06-04T20:50:10.8351874-03:00 0HN44TQOBA4P4:00000002 [INF] Sending file. Request path: '"/swagger-ui.css"'. Physical path: '"N/A"' (27b0a520)
2024-06-04T20:50:10.8353384-03:00 0HN44TQOBA4P4:00000002 [INF] Request finished "HTTP/1.1" "GET" "http"://"localhost:5113""""/swagger/swagger-ui.css""" - 200 144929 "text/css" 3.8407ms (74253ad3)
2024-06-04T20:50:10.8353934-03:00 0HN44TQOBA4P8:00000001 [INF] Request finished "HTTP/1.1" "GET" "http"://"localhost:5113""""/_framework/aspnetcore-browser-refresh.js""" - 200 13764 "application/javascript; charset=utf-8" 0.1913ms (74253ad3)
2024-06-04T20:50:10.8356576-03:00 0HN44TQOBA4P7:00000001 [INF] Request starting "HTTP/1.1" "GET" "http"://"localhost:5113""""/_vs/browserLink""" - null null (d509f86a)
2024-06-04T20:50:10.8416357-03:00 0HN44TQOBA4P6:00000001 [INF] Sending file. Request path: '"/swagger-ui-standalone-preset.js"'. Physical path: '"N/A"' (27b0a520)
2024-06-04T20:50:10.8420514-03:00 0HN44TQOBA4P6:00000001 [INF] Request finished "HTTP/1.1" "GET" "http"://"localhost:5113""""/swagger/swagger-ui-standalone-preset.js""" - 200 312163 "text/javascript" 7.6448ms (74253ad3)
2024-06-04T20:50:10.8476584-03:00 0HN44TQOBA4P7:00000001 [INF] Request finished "HTTP/1.1" "GET" "http"://"localhost:5113""""/_vs/browserLink""" - 200 null "text/javascript; charset=UTF-8" 11.9554ms (74253ad3)
2024-06-04T20:50:10.8507907-03:00 0HN44TQOBA4P5:00000001 [INF] Sending file. Request path: '"/swagger-ui-bundle.js"'. Physical path: '"N/A"' (27b0a520)
2024-06-04T20:50:10.8510387-03:00 0HN44TQOBA4P5:00000001 [INF] Request finished "HTTP/1.1" "GET" "http"://"localhost:5113""""/swagger/swagger-ui-bundle.js""" - 200 1061536 "text/javascript" 17.0427ms (74253ad3)
2024-06-04T20:50:10.9881616-03:00 0HN44TQOBA4P5:00000002 [INF] Request starting "HTTP/1.1" "GET" "http"://"localhost:5113""""/swagger/favicon-32x32.png""" - null null (d509f86a)
2024-06-04T20:50:10.9884935-03:00 0HN44TQOBA4P5:00000002 [INF] Sending file. Request path: '"/favicon-32x32.png"'. Physical path: '"N/A"' (27b0a520)
2024-06-04T20:50:10.9886001-03:00 0HN44TQOBA4P5:00000002 [INF] Request finished "HTTP/1.1" "GET" "http"://"localhost:5113""""/swagger/favicon-32x32.png""" - 200 628 "image/png" 0.481ms (74253ad3)
2024-06-04T20:50:11.0355722-03:00 0HN44TQOBA4P5:00000003 [INF] Request starting "HTTP/1.1" "GET" "http"://"localhost:5113""""/swagger/v1/swagger.json""" - null null (d509f86a)
2024-06-04T20:50:11.0990950-03:00 0HN44TQOBA4P5:00000003 [INF] Request finished "HTTP/1.1" "GET" "http"://"localhost:5113""""/swagger/v1/swagger.json""" - 200 null "application/json;charset=utf-8" 63.4524ms (74253ad3)
2024-06-04T20:50:51.5396302-03:00 0HN44TQOBA4P5:00000004 [INF] Request starting "HTTP/1.1" "POST" "http"://"localhost:5113""""/api/Products""" - "application/json" 143 (d509f86a)
2024-06-04T20:50:51.5406960-03:00 0HN44TQOBA4P5:00000004 [INF] Executing endpoint '"ApiWebDB.Controllers.ProductsController.Post (Trabalho Final)"' (500cc934)
2024-06-04T20:50:51.5411162-03:00 0HN44TQOBA4P5:00000004 [INF] Route matched with "{action = \"Post\", controller = \"Products\"}". Executing controller action with signature "Microsoft.AspNetCore.Mvc.ActionResult`1[ApiWebDB.BaseDados.Models2.TbProduct] Post(ApiWebDB.DTO.ProductDTO)" on controller "ApiWebDB.Controllers.ProductsController" ("Trabalho Final"). (122b2fdf)
2024-06-04T20:50:51.5488192-03:00 0HN44TQOBA4P5:00000004 [INF] Executed action "ApiWebDB.Controllers.ProductsController.Post (Trabalho Final)" in 7.5944ms (afa2e885)
2024-06-04T20:50:51.5489083-03:00 0HN44TQOBA4P5:00000004 [INF] Executed endpoint '"ApiWebDB.Controllers.ProductsController.Post (Trabalho Final)"' (99874f2b)
2024-06-04T20:50:51.5516904-03:00 0HN44TQOBA4P5:00000004 [ERR] An unhandled exception has occurred while executing the request. (48a46595)
ApiWebDB.Services.Exceptions.InvalidEntityException: Código de barras é inválido.
   at ApiWebDB.Services.Validate.ProductValidator.Validate(TbProduct product) in C:\Users\Sr.Orlandi\Desktop\Trabalho Final\Services\Validate\ProductValidator.cs:line 36
   at TrabalhoFinal.Services.ProductService.Insert(ProductDTO dto) in C:\Users\Sr.Orlandi\Desktop\Trabalho Final\Services\ProductService.cs:line 66
   at ApiWebDB.Controllers.ProductsController.Post(ProductDTO dto) in C:\Users\Sr.Orlandi\Desktop\Trabalho Final\Controllers\ProductsController.cs:line 77
   at lambda_method2(Closure, Object, Object[])
   at Microsoft.AspNetCore.Mvc.Infrastructure.ActionMethodExecutor.SyncObjectResultExecutor.Execute(ActionContext actionContext, IActionResultTypeMapper mapper, ObjectMethodExecutor executor, Object controller, Object[] arguments)
   at Microsoft.AspNetCore.Mvc.Infrastructure.ControllerActionInvoker.InvokeActionMethodAsync()
   at Microsoft.AspNetCore.Mvc.Infrastructure.ControllerActionInvoker.Next(State& next, Scope& scope, Object& state, Boolean& isCompleted)
   at Microsoft.AspNetCore.Mvc.Infrastructure.ControllerActionInvoker.InvokeNextActionFilterAsync()
--- End of stack trace from previous location ---
   at Microsoft.AspNetCore.Mvc.Infrastructure.ControllerActionInvoker.Rethrow(ActionExecutedContextSealed context)
   at Microsoft.AspNetCore.Mvc.Infrastructure.ControllerActionInvoker.Next(State& next, Scope& scope, Object& state, Boolean& isCompleted)
   at Microsoft.AspNetCore.Mvc.Infrastructure.ControllerActionInvoker.InvokeInnerFilterAsync()
--- End of stack trace from previous location ---
   at Microsoft.AspNetCore.Mvc.Infrastructure.ResourceInvoker.<InvokeFilterPipelineAsync>g__Awaited|20_0(ResourceInvoker invoker, Task lastTask, State next, Scope scope, Object state, Boolean isCompleted)
   at Microsoft.AspNetCore.Mvc.Infrastructure.ResourceInvoker.<InvokeAsync>g__Logged|17_1(ResourceInvoker invoker)
   at Microsoft.AspNetCore.Mvc.Infrastructure.ResourceInvoker.<InvokeAsync>g__Logged|17_1(ResourceInvoker invoker)
   at Microsoft.AspNetCore.Routing.EndpointMiddleware.<Invoke>g__AwaitRequestTask|7_0(Endpoint endpoint, Task requestTask, ILogger logger)
   at Microsoft.AspNetCore.Authorization.AuthorizationMiddleware.Invoke(HttpContext context)
   at Swashbuckle.AspNetCore.SwaggerUI.SwaggerUIMiddleware.Invoke(HttpContext httpContext)
   at Swashbuckle.AspNetCore.Swagger.SwaggerMiddleware.Invoke(HttpContext httpContext, ISwaggerProvider swaggerProvider)
   at Microsoft.AspNetCore.Authentication.AuthenticationMiddleware.Invoke(HttpContext context)
   at Microsoft.AspNetCore.Diagnostics.DeveloperExceptionPageMiddlewareImpl.Invoke(HttpContext context)
2024-06-04T20:50:51.5530788-03:00 0HN44TQOBA4P5:00000004 [INF] Request finished "HTTP/1.1" "POST" "http"://"localhost:5113""""/api/Products""" - 500 null "text/plain; charset=utf-8" 13.4468ms (74253ad3)
2024-06-04T21:09:12.4854341-03:00 0HN44TQOBA4P9:00000001 [INF] Request starting "HTTP/1.1" "POST" "http"://"localhost:5113""""/api/Products""" - "application/json" 143 (d509f86a)
2024-06-04T21:09:12.4908591-03:00 0HN44TQOBA4P9:00000001 [INF] Executing endpoint '"ApiWebDB.Controllers.ProductsController.Post (Trabalho Final)"' (500cc934)
2024-06-04T21:09:12.4919846-03:00 0HN44TQOBA4P9:00000001 [INF] Route matched with "{action = \"Post\", controller = \"Products\"}". Executing controller action with signature "Microsoft.AspNetCore.Mvc.ActionResult`1[ApiWebDB.BaseDados.Models2.TbProduct] Post(ApiWebDB.DTO.ProductDTO)" on controller "ApiWebDB.Controllers.ProductsController" ("Trabalho Final"). (122b2fdf)
2024-06-04T21:09:12.5015332-03:00 0HN44TQOBA4P9:00000001 [INF] Executed action "ApiWebDB.Controllers.ProductsController.Post (Trabalho Final)" in 9.3914ms (afa2e885)
2024-06-04T21:09:12.5017564-03:00 0HN44TQOBA4P9:00000001 [INF] Executed endpoint '"ApiWebDB.Controllers.ProductsController.Post (Trabalho Final)"' (99874f2b)
2024-06-04T21:09:12.5107460-03:00 0HN44TQOBA4P9:00000001 [ERR] An unhandled exception has occurred while executing the request. (48a46595)
ApiWebDB.Services.Exceptions.InvalidEntityException: Código de barras é inválido.
   at ApiWebDB.Services.Validate.ProductValidator.Validate(TbProduct product) in C:\Users\Sr.Orlandi\Desktop\Trabalho Final\Services\Validate\ProductValidator.cs:line 36
   at TrabalhoFinal.Services.ProductService.Insert(ProductDTO dto) in C:\Users\Sr.Orlandi\Desktop\Trabalho Final\Services\ProductService.cs:line 66
   at ApiWebDB.Controllers.ProductsController.Post(ProductDTO dto) in C:\Users\Sr.Orlandi\Desktop\Trabalho Final\Controllers\ProductsController.cs:line 77
   at lambda_method2(Closure, Object, Object[])
   at Microsoft.AspNetCore.Mvc.Infrastructure.ActionMethodExecutor.SyncObjectResultExecutor.Execute(ActionContext actionContext, IActionResultTypeMapper mapper, ObjectMethodExecutor executor, Object controller, Object[] arguments)
   at Microsoft.AspNetCore.Mvc.Infrastructure.ControllerActionInvoker.InvokeActionMethodAsync()
   at Microsoft.AspNetCore.Mvc.Infrastructure.ControllerActionInvoker.Next(State& next, Scope& scope, Object& state, Boolean& isCompleted)
   at Microsoft.AspNetCore.Mvc.Infrastructure.ControllerActionInvoker.InvokeNextActionFilterAsync()
--- End of stack trace from previous location ---
   at Microsoft.AspNetCore.Mvc.Infrastructure.ControllerActionInvoker.Rethrow(ActionExecutedContextSealed context)
   at Microsoft.AspNetCore.Mvc.Infrastructure.ControllerActionInvoker.Next(State& next, Scope& scope, Object& state, Boolean& isCompleted)
   at Microsoft.AspNetCore.Mvc.Infrastructure.ControllerActionInvoker.InvokeInnerFilterAsync()
--- End of stack trace from previous location ---
   at Microsoft.AspNetCore.Mvc.Infrastructure.ResourceInvoker.<InvokeFilterPipelineAsync>g__Awaited|20_0(ResourceInvoker invoker, Task lastTask, State next, Scope scope, Object state, Boolean isCompleted)
   at Microsoft.AspNetCore.Mvc.Infrastructure.ResourceInvoker.<InvokeAsync>g__Logged|17_1(ResourceInvoker invoker)
   at Microsoft.AspNetCore.Mvc.Infrastructure.ResourceInvoker.<InvokeAsync>g__Logged|17_1(ResourceInvoker invoker)
   at Microsoft.AspNetCore.Routing.EndpointMiddleware.<Invoke>g__AwaitRequestTask|7_0(Endpoint endpoint, Task requestTask, ILogger logger)
   at Microsoft.AspNetCore.Authorization.AuthorizationMiddleware.Invoke(HttpContext context)
   at Swashbuckle.AspNetCore.SwaggerUI.SwaggerUIMiddleware.Invoke(HttpContext httpContext)
   at Swashbuckle.AspNetCore.Swagger.SwaggerMiddleware.Invoke(HttpContext httpContext, ISwaggerProvider swaggerProvider)
   at Microsoft.AspNetCore.Authentication.AuthenticationMiddleware.Invoke(HttpContext context)
   at Microsoft.AspNetCore.Diagnostics.DeveloperExceptionPageMiddlewareImpl.Invoke(HttpContext context)
2024-06-04T21:09:12.5114421-03:00 0HN44TQOBA4P9:00000001 [INF] Request finished "HTTP/1.1" "POST" "http"://"localhost:5113""""/api/Products""" - 500 null "text/plain; charset=utf-8" 26.7891ms (74253ad3)
2024-06-04T21:10:56.8747894-03:00 0HN44TQOBA4P9:00000002 [INF] Request starting "HTTP/1.1" "POST" "http"://"localhost:5113""""/api/Products""" - "application/json" 143 (d509f86a)
2024-06-04T21:10:56.8751735-03:00 0HN44TQOBA4P9:00000002 [INF] Executing endpoint '"ApiWebDB.Controllers.ProductsController.Post (Trabalho Final)"' (500cc934)
2024-06-04T21:10:56.8753070-03:00 0HN44TQOBA4P9:00000002 [INF] Route matched with "{action = \"Post\", controller = \"Products\"}". Executing controller action with signature "Microsoft.AspNetCore.Mvc.ActionResult`1[ApiWebDB.BaseDados.Models2.TbProduct] Post(ApiWebDB.DTO.ProductDTO)" on controller "ApiWebDB.Controllers.ProductsController" ("Trabalho Final"). (122b2fdf)
2024-06-04T21:10:56.8764019-03:00 0HN44TQOBA4P9:00000002 [INF] Executed action "ApiWebDB.Controllers.ProductsController.Post (Trabalho Final)" in 1.0263ms (afa2e885)
2024-06-04T21:10:56.8765234-03:00 0HN44TQOBA4P9:00000002 [INF] Executed endpoint '"ApiWebDB.Controllers.ProductsController.Post (Trabalho Final)"' (99874f2b)
2024-06-04T21:10:56.8799357-03:00 0HN44TQOBA4P9:00000002 [ERR] An unhandled exception has occurred while executing the request. (48a46595)
ApiWebDB.Services.Exceptions.InvalidEntityException: Código de barras é inválido.
   at ApiWebDB.Services.Validate.ProductValidator.Validate(TbProduct product) in C:\Users\Sr.Orlandi\Desktop\Trabalho Final\Services\Validate\ProductValidator.cs:line 36
   at TrabalhoFinal.Services.ProductService.Insert(ProductDTO dto) in C:\Users\Sr.Orlandi\Desktop\Trabalho Final\Services\ProductService.cs:line 66
   at ApiWebDB.Controllers.ProductsController.Post(ProductDTO dto) in C:\Users\Sr.Orlandi\Desktop\Trabalho Final\Controllers\ProductsController.cs:line 77
   at lambda_method2(Closure, Object, Object[])
   at Microsoft.AspNetCore.Mvc.Infrastructure.ActionMethodExecutor.SyncObjectResultExecutor.Execute(ActionContext actionContext, IActionResultTypeMapper mapper, ObjectMethodExecutor executor, Object controller, Object[] arguments)
   at Microsoft.AspNetCore.Mvc.Infrastructure.ControllerActionInvoker.InvokeActionMethodAsync()
   at Microsoft.AspNetCore.Mvc.Infrastructure.ControllerActionInvoker.Next(State& next, Scope& scope, Object& state, Boolean& isCompleted)
   at Microsoft.AspNetCore.Mvc.Infrastructure.ControllerActionInvoker.InvokeNextActionFilterAsync()
--- End of stack trace from previous location ---
   at Microsoft.AspNetCore.Mvc.Infrastructure.ControllerActionInvoker.Rethrow(ActionExecutedContextSealed context)
   at Microsoft.AspNetCore.Mvc.Infrastructure.ControllerActionInvoker.Next(State& next, Scope& scope, Object& state, Boolean& isCompleted)
   at Microsoft.AspNetCore.Mvc.Infrastructure.ControllerActionInvoker.InvokeInnerFilterAsync()
--- End of stack trace from previous location ---
   at Microsoft.AspNetCore.Mvc.Infrastructure.ResourceInvoker.<InvokeFilterPipelineAsync>g__Awaited|20_0(ResourceInvoker invoker, Task lastTask, State next, Scope scope, Object state, Boolean isCompleted)
   at Microsoft.AspNetCore.Mvc.Infrastructure.ResourceInvoker.<InvokeAsync>g__Logged|17_1(ResourceInvoker invoker)
   at Microsoft.AspNetCore.Mvc.Infrastructure.ResourceInvoker.<InvokeAsync>g__Logged|17_1(ResourceInvoker invoker)
   at Microsoft.AspNetCore.Routing.EndpointMiddleware.<Invoke>g__AwaitRequestTask|7_0(Endpoint endpoint, Task requestTask, ILogger logger)
   at Microsoft.AspNetCore.Authorization.AuthorizationMiddleware.Invoke(HttpContext context)
   at Swashbuckle.AspNetCore.SwaggerUI.SwaggerUIMiddleware.Invoke(HttpContext httpContext)
   at Swashbuckle.AspNetCore.Swagger.SwaggerMiddleware.Invoke(HttpContext httpContext, ISwaggerProvider swaggerProvider)
   at Microsoft.AspNetCore.Authentication.AuthenticationMiddleware.Invoke(HttpContext context)
   at Microsoft.AspNetCore.Diagnostics.DeveloperExceptionPageMiddlewareImpl.Invoke(HttpContext context)
2024-06-04T21:10:56.8811252-03:00 0HN44TQOBA4P9:00000002 [INF] Request finished "HTTP/1.1" "POST" "http"://"localhost:5113""""/api/Products""" - 500 null "text/plain; charset=utf-8" 6.3375ms (74253ad3)
2024-06-04T21:11:00.6402864-03:00 0HN44TQOBA4PA:00000001 [INF] Request starting "HTTP/1.1" "GET" "http"://"localhost:5113""""/swagger/index.html""" - null null (d509f86a)
2024-06-04T21:11:00.6513343-03:00 0HN44TQOBA4PA:00000001 [INF] Request finished "HTTP/1.1" "GET" "http"://"localhost:5113""""/swagger/index.html""" - 200 null "text/html;charset=utf-8" 11.0838ms (74253ad3)
2024-06-04T21:11:00.6713593-03:00 0HN44TQOBA4PA:00000002 [INF] Request starting "HTTP/1.1" "GET" "http"://"localhost:5113""""/swagger/swagger-ui.css""" - null null (d509f86a)
2024-06-04T21:11:00.6722187-03:00 0HN44TQOBA4PB:00000001 [INF] Request starting "HTTP/1.1" "GET" "http"://"localhost:5113""""/swagger/swagger-ui-bundle.js""" - null null (d509f86a)
2024-06-04T21:11:00.6727475-03:00 0HN44TQOBA4PA:00000002 [INF] Sending file. Request path: '"/swagger-ui.css"'. Physical path: '"N/A"' (27b0a520)
2024-06-04T21:11:00.6728975-03:00 0HN44TQOBA4PA:00000002 [INF] Request finished "HTTP/1.1" "GET" "http"://"localhost:5113""""/swagger/swagger-ui.css""" - 200 144929 "text/css" 1.5463ms (74253ad3)
2024-06-04T21:11:00.6729964-03:00 0HN44TQOBA4PC:00000001 [INF] Request starting "HTTP/1.1" "GET" "http"://"localhost:5113""""/swagger/swagger-ui-standalone-preset.js""" - null null (d509f86a)
2024-06-04T21:11:00.6738033-03:00 0HN44TQOBA4PC:00000001 [INF] Sending file. Request path: '"/swagger-ui-standalone-preset.js"'. Physical path: '"N/A"' (27b0a520)
2024-06-04T21:11:00.6739610-03:00 0HN44TQOBA4PC:00000001 [INF] Request finished "HTTP/1.1" "GET" "http"://"localhost:5113""""/swagger/swagger-ui-standalone-preset.js""" - 200 312163 "text/javascript" 0.9162ms (74253ad3)
2024-06-04T21:11:00.6742786-03:00 0HN44TQOBA4PB:00000001 [INF] Sending file. Request path: '"/swagger-ui-bundle.js"'. Physical path: '"N/A"' (27b0a520)
2024-06-04T21:11:00.6744090-03:00 0HN44TQOBA4PB:00000001 [INF] Request finished "HTTP/1.1" "GET" "http"://"localhost:5113""""/swagger/swagger-ui-bundle.js""" - 200 1061536 "text/javascript" 2.1927ms (74253ad3)
2024-06-04T21:11:00.6757663-03:00 0HN44TQOBA4PC:00000002 [INF] Request starting "HTTP/1.1" "GET" "http"://"localhost:5113""""/_vs/browserLink""" - null null (d509f86a)
2024-06-04T21:11:00.6758431-03:00 0HN44TQOBA4PD:00000001 [INF] Request starting "HTTP/1.1" "GET" "http"://"localhost:5113""""/_framework/aspnetcore-browser-refresh.js""" - null null (d509f86a)
2024-06-04T21:11:00.6760560-03:00 0HN44TQOBA4PD:00000001 [INF] Request finished "HTTP/1.1" "GET" "http"://"localhost:5113""""/_framework/aspnetcore-browser-refresh.js""" - 200 13764 "application/javascript; charset=utf-8" 0.1897ms (74253ad3)
2024-06-04T21:11:00.6843577-03:00 0HN44TQOBA4PC:00000002 [INF] Request finished "HTTP/1.1" "GET" "http"://"localhost:5113""""/_vs/browserLink""" - 200 null "text/javascript; charset=UTF-8" 8.5649ms (74253ad3)
2024-06-04T21:11:00.8079085-03:00 0HN44TQOBA4PB:00000002 [INF] Request starting "HTTP/1.1" "GET" "http"://"localhost:5113""""/swagger/favicon-32x32.png""" - null null (d509f86a)
2024-06-04T21:11:00.8081906-03:00 0HN44TQOBA4PB:00000002 [INF] Sending file. Request path: '"/favicon-32x32.png"'. Physical path: '"N/A"' (27b0a520)
2024-06-04T21:11:00.8082734-03:00 0HN44TQOBA4PB:00000002 [INF] Request finished "HTTP/1.1" "GET" "http"://"localhost:5113""""/swagger/favicon-32x32.png""" - 200 628 "image/png" 0.3743ms (74253ad3)
2024-06-04T21:11:00.8465793-03:00 0HN44TQOBA4PB:00000003 [INF] Request starting "HTTP/1.1" "GET" "http"://"localhost:5113""""/swagger/v1/swagger.json""" - null null (d509f86a)
2024-06-04T21:11:00.8651371-03:00 0HN44TQOBA4PB:00000003 [INF] Request finished "HTTP/1.1" "GET" "http"://"localhost:5113""""/swagger/v1/swagger.json""" - 200 null "application/json;charset=utf-8" 18.4854ms (74253ad3)
2024-06-04T21:12:50.1070564-03:00 0HN44TQOBA4PB:00000004 [INF] Request starting "HTTP/1.1" "POST" "http"://"localhost:5113""""/api/Products""" - "application/json" 138 (d509f86a)
2024-06-04T21:12:50.1078071-03:00 0HN44TQOBA4PB:00000004 [INF] Executing endpoint '"ApiWebDB.Controllers.ProductsController.Post (Trabalho Final)"' (500cc934)
2024-06-04T21:12:50.1079969-03:00 0HN44TQOBA4PB:00000004 [INF] Route matched with "{action = \"Post\", controller = \"Products\"}". Executing controller action with signature "Microsoft.AspNetCore.Mvc.ActionResult`1[ApiWebDB.BaseDados.Models2.TbProduct] Post(ApiWebDB.DTO.ProductDTO)" on controller "ApiWebDB.Controllers.ProductsController" ("Trabalho Final"). (122b2fdf)
2024-06-04T21:12:50.1096273-03:00 0HN44TQOBA4PB:00000004 [INF] Executed action "ApiWebDB.Controllers.ProductsController.Post (Trabalho Final)" in 1.5649ms (afa2e885)
2024-06-04T21:12:50.1097406-03:00 0HN44TQOBA4PB:00000004 [INF] Executed endpoint '"ApiWebDB.Controllers.ProductsController.Post (Trabalho Final)"' (99874f2b)
2024-06-04T21:12:50.1117255-03:00 0HN44TQOBA4PB:00000004 [ERR] An unhandled exception has occurred while executing the request. (48a46595)
ApiWebDB.Services.Exceptions.InvalidEntityException: Descrição é obrigatória.
   at ApiWebDB.Services.Validate.ProductValidator.Validate(TbProduct product) in C:\Users\Sr.Orlandi\Desktop\Trabalho Final\Services\Validate\ProductValidator.cs:line 12
   at TrabalhoFinal.Services.ProductService.Insert(ProductDTO dto) in C:\Users\Sr.Orlandi\Desktop\Trabalho Final\Services\ProductService.cs:line 66
   at ApiWebDB.Controllers.ProductsController.Post(ProductDTO dto) in C:\Users\Sr.Orlandi\Desktop\Trabalho Final\Controllers\ProductsController.cs:line 77
   at lambda_method2(Closure, Object, Object[])
   at Microsoft.AspNetCore.Mvc.Infrastructure.ActionMethodExecutor.SyncObjectResultExecutor.Execute(ActionContext actionContext, IActionResultTypeMapper mapper, ObjectMethodExecutor executor, Object controller, Object[] arguments)
   at Microsoft.AspNetCore.Mvc.Infrastructure.ControllerActionInvoker.InvokeActionMethodAsync()
   at Microsoft.AspNetCore.Mvc.Infrastructure.ControllerActionInvoker.Next(State& next, Scope& scope, Object& state, Boolean& isCompleted)
   at Microsoft.AspNetCore.Mvc.Infrastructure.ControllerActionInvoker.InvokeNextActionFilterAsync()
--- End of stack trace from previous location ---
   at Microsoft.AspNetCore.Mvc.Infrastructure.ControllerActionInvoker.Rethrow(ActionExecutedContextSealed context)
   at Microsoft.AspNetCore.Mvc.Infrastructure.ControllerActionInvoker.Next(State& next, Scope& scope, Object& state, Boolean& isCompleted)
   at Microsoft.AspNetCore.Mvc.Infrastructure.ControllerActionInvoker.InvokeInnerFilterAsync()
--- End of stack trace from previous location ---
   at Microsoft.AspNetCore.Mvc.Infrastructure.ResourceInvoker.<InvokeFilterPipelineAsync>g__Awaited|20_0(ResourceInvoker invoker, Task lastTask, State next, Scope scope, Object state, Boolean isCompleted)
   at Microsoft.AspNetCore.Mvc.Infrastructure.ResourceInvoker.<InvokeAsync>g__Logged|17_1(ResourceInvoker invoker)
   at Microsoft.AspNetCore.Mvc.Infrastructure.ResourceInvoker.<InvokeAsync>g__Logged|17_1(ResourceInvoker invoker)
   at Microsoft.AspNetCore.Routing.EndpointMiddleware.<Invoke>g__AwaitRequestTask|7_0(Endpoint endpoint, Task requestTask, ILogger logger)
   at Microsoft.AspNetCore.Authorization.AuthorizationMiddleware.Invoke(HttpContext context)
   at Swashbuckle.AspNetCore.SwaggerUI.SwaggerUIMiddleware.Invoke(HttpContext httpContext)
   at Swashbuckle.AspNetCore.Swagger.SwaggerMiddleware.Invoke(HttpContext httpContext, ISwaggerProvider swaggerProvider)
   at Microsoft.AspNetCore.Authentication.AuthenticationMiddleware.Invoke(HttpContext context)
   at Microsoft.AspNetCore.Diagnostics.DeveloperExceptionPageMiddlewareImpl.Invoke(HttpContext context)
2024-06-04T21:12:50.1128749-03:00 0HN44TQOBA4PB:00000004 [INF] Request finished "HTTP/1.1" "POST" "http"://"localhost:5113""""/api/Products""" - 500 null "text/plain; charset=utf-8" 5.7982ms (74253ad3)
2024-06-04T21:14:16.8175705-03:00 0HN44TQOBA4PB:00000005 [INF] Request starting "HTTP/1.1" "POST" "http"://"localhost:5113""""/api/Products""" - "application/json" 142 (d509f86a)
2024-06-04T21:14:16.8181468-03:00 0HN44TQOBA4PB:00000005 [INF] Executing endpoint '"ApiWebDB.Controllers.ProductsController.Post (Trabalho Final)"' (500cc934)
2024-06-04T21:14:16.8183416-03:00 0HN44TQOBA4PB:00000005 [INF] Route matched with "{action = \"Post\", controller = \"Products\"}". Executing controller action with signature "Microsoft.AspNetCore.Mvc.ActionResult`1[ApiWebDB.BaseDados.Models2.TbProduct] Post(ApiWebDB.DTO.ProductDTO)" on controller "ApiWebDB.Controllers.ProductsController" ("Trabalho Final"). (122b2fdf)
2024-06-04T21:14:16.8199871-03:00 0HN44TQOBA4PB:00000005 [INF] Executed action "ApiWebDB.Controllers.ProductsController.Post (Trabalho Final)" in 1.5543ms (afa2e885)
2024-06-04T21:14:16.8200981-03:00 0HN44TQOBA4PB:00000005 [INF] Executed endpoint '"ApiWebDB.Controllers.ProductsController.Post (Trabalho Final)"' (99874f2b)
2024-06-04T21:14:16.8218183-03:00 0HN44TQOBA4PB:00000005 [ERR] An unhandled exception has occurred while executing the request. (48a46595)
ApiWebDB.Services.Exceptions.InvalidEntityException: Código de barras é inválido.
   at ApiWebDB.Services.Validate.ProductValidator.Validate(TbProduct product) in C:\Users\Sr.Orlandi\Desktop\Trabalho Final\Services\Validate\ProductValidator.cs:line 36
   at TrabalhoFinal.Services.ProductService.Insert(ProductDTO dto) in C:\Users\Sr.Orlandi\Desktop\Trabalho Final\Services\ProductService.cs:line 66
   at ApiWebDB.Controllers.ProductsController.Post(ProductDTO dto) in C:\Users\Sr.Orlandi\Desktop\Trabalho Final\Controllers\ProductsController.cs:line 77
   at lambda_method2(Closure, Object, Object[])
   at Microsoft.AspNetCore.Mvc.Infrastructure.ActionMethodExecutor.SyncObjectResultExecutor.Execute(ActionContext actionContext, IActionResultTypeMapper mapper, ObjectMethodExecutor executor, Object controller, Object[] arguments)
   at Microsoft.AspNetCore.Mvc.Infrastructure.ControllerActionInvoker.InvokeActionMethodAsync()
   at Microsoft.AspNetCore.Mvc.Infrastructure.ControllerActionInvoker.Next(State& next, Scope& scope, Object& state, Boolean& isCompleted)
   at Microsoft.AspNetCore.Mvc.Infrastructure.ControllerActionInvoker.InvokeNextActionFilterAsync()
--- End of stack trace from previous location ---
   at Microsoft.AspNetCore.Mvc.Infrastructure.ControllerActionInvoker.Rethrow(ActionExecutedContextSealed context)
   at Microsoft.AspNetCore.Mvc.Infrastructure.ControllerActionInvoker.Next(State& next, Scope& scope, Object& state, Boolean& isCompleted)
   at Microsoft.AspNetCore.Mvc.Infrastructure.ControllerActionInvoker.InvokeInnerFilterAsync()
--- End of stack trace from previous location ---
   at Microsoft.AspNetCore.Mvc.Infrastructure.ResourceInvoker.<InvokeFilterPipelineAsync>g__Awaited|20_0(ResourceInvoker invoker, Task lastTask, State next, Scope scope, Object state, Boolean isCompleted)
   at Microsoft.AspNetCore.Mvc.Infrastructure.ResourceInvoker.<InvokeAsync>g__Logged|17_1(ResourceInvoker invoker)
   at Microsoft.AspNetCore.Mvc.Infrastructure.ResourceInvoker.<InvokeAsync>g__Logged|17_1(ResourceInvoker invoker)
   at Microsoft.AspNetCore.Routing.EndpointMiddleware.<Invoke>g__AwaitRequestTask|7_0(Endpoint endpoint, Task requestTask, ILogger logger)
   at Microsoft.AspNetCore.Authorization.AuthorizationMiddleware.Invoke(HttpContext context)
   at Swashbuckle.AspNetCore.SwaggerUI.SwaggerUIMiddleware.Invoke(HttpContext httpContext)
   at Swashbuckle.AspNetCore.Swagger.SwaggerMiddleware.Invoke(HttpContext httpContext, ISwaggerProvider swaggerProvider)
   at Microsoft.AspNetCore.Authentication.AuthenticationMiddleware.Invoke(HttpContext context)
   at Microsoft.AspNetCore.Diagnostics.DeveloperExceptionPageMiddlewareImpl.Invoke(HttpContext context)
2024-06-04T21:14:16.8225090-03:00 0HN44TQOBA4PB:00000005 [INF] Request finished "HTTP/1.1" "POST" "http"://"localhost:5113""""/api/Products""" - 500 null "text/plain; charset=utf-8" 4.9971ms (74253ad3)
2024-06-04T21:15:55.0745455-03:00 0HN44TQOBA4PB:00000006 [INF] Request starting "HTTP/1.1" "POST" "http"://"localhost:5113""""/api/Products""" - "application/json" 142 (d509f86a)
2024-06-04T21:15:55.0756627-03:00 0HN44TQOBA4PB:00000006 [INF] Executing endpoint '"ApiWebDB.Controllers.ProductsController.Post (Trabalho Final)"' (500cc934)
2024-06-04T21:15:55.0758552-03:00 0HN44TQOBA4PB:00000006 [INF] Route matched with "{action = \"Post\", controller = \"Products\"}". Executing controller action with signature "Microsoft.AspNetCore.Mvc.ActionResult`1[ApiWebDB.BaseDados.Models2.TbProduct] Post(ApiWebDB.DTO.ProductDTO)" on controller "ApiWebDB.Controllers.ProductsController" ("Trabalho Final"). (122b2fdf)
2024-06-04T21:15:55.0769417-03:00 0HN44TQOBA4PB:00000006 [INF] Executed action "ApiWebDB.Controllers.ProductsController.Post (Trabalho Final)" in 1.0342ms (afa2e885)
2024-06-04T21:15:55.0770158-03:00 0HN44TQOBA4PB:00000006 [INF] Executed endpoint '"ApiWebDB.Controllers.ProductsController.Post (Trabalho Final)"' (99874f2b)
2024-06-04T21:15:55.0791036-03:00 0HN44TQOBA4PB:00000006 [ERR] An unhandled exception has occurred while executing the request. (48a46595)
ApiWebDB.Services.Exceptions.InvalidEntityException: Código de barras é inválido.
   at ApiWebDB.Services.Validate.ProductValidator.Validate(TbProduct product) in C:\Users\Sr.Orlandi\Desktop\Trabalho Final\Services\Validate\ProductValidator.cs:line 36
   at TrabalhoFinal.Services.ProductService.Insert(ProductDTO dto) in C:\Users\Sr.Orlandi\Desktop\Trabalho Final\Services\ProductService.cs:line 66
   at ApiWebDB.Controllers.ProductsController.Post(ProductDTO dto) in C:\Users\Sr.Orlandi\Desktop\Trabalho Final\Controllers\ProductsController.cs:line 77
   at lambda_method2(Closure, Object, Object[])
   at Microsoft.AspNetCore.Mvc.Infrastructure.ActionMethodExecutor.SyncObjectResultExecutor.Execute(ActionContext actionContext, IActionResultTypeMapper mapper, ObjectMethodExecutor executor, Object controller, Object[] arguments)
   at Microsoft.AspNetCore.Mvc.Infrastructure.ControllerActionInvoker.InvokeActionMethodAsync()
   at Microsoft.AspNetCore.Mvc.Infrastructure.ControllerActionInvoker.Next(State& next, Scope& scope, Object& state, Boolean& isCompleted)
   at Microsoft.AspNetCore.Mvc.Infrastructure.ControllerActionInvoker.InvokeNextActionFilterAsync()
--- End of stack trace from previous location ---
   at Microsoft.AspNetCore.Mvc.Infrastructure.ControllerActionInvoker.Rethrow(ActionExecutedContextSealed context)
   at Microsoft.AspNetCore.Mvc.Infrastructure.ControllerActionInvoker.Next(State& next, Scope& scope, Object& state, Boolean& isCompleted)
   at Microsoft.AspNetCore.Mvc.Infrastructure.ControllerActionInvoker.InvokeInnerFilterAsync()
--- End of stack trace from previous location ---
   at Microsoft.AspNetCore.Mvc.Infrastructure.ResourceInvoker.<InvokeFilterPipelineAsync>g__Awaited|20_0(ResourceInvoker invoker, Task lastTask, State next, Scope scope, Object state, Boolean isCompleted)
   at Microsoft.AspNetCore.Mvc.Infrastructure.ResourceInvoker.<InvokeAsync>g__Logged|17_1(ResourceInvoker invoker)
   at Microsoft.AspNetCore.Mvc.Infrastructure.ResourceInvoker.<InvokeAsync>g__Logged|17_1(ResourceInvoker invoker)
   at Microsoft.AspNetCore.Routing.EndpointMiddleware.<Invoke>g__AwaitRequestTask|7_0(Endpoint endpoint, Task requestTask, ILogger logger)
   at Microsoft.AspNetCore.Authorization.AuthorizationMiddleware.Invoke(HttpContext context)
   at Swashbuckle.AspNetCore.SwaggerUI.SwaggerUIMiddleware.Invoke(HttpContext httpContext)
   at Swashbuckle.AspNetCore.Swagger.SwaggerMiddleware.Invoke(HttpContext httpContext, ISwaggerProvider swaggerProvider)
   at Microsoft.AspNetCore.Authentication.AuthenticationMiddleware.Invoke(HttpContext context)
   at Microsoft.AspNetCore.Diagnostics.DeveloperExceptionPageMiddlewareImpl.Invoke(HttpContext context)
2024-06-04T21:15:55.0806277-03:00 0HN44TQOBA4PB:00000006 [INF] Request finished "HTTP/1.1" "POST" "http"://"localhost:5113""""/api/Products""" - 500 null "text/plain; charset=utf-8" 6.089ms (74253ad3)
2024-06-04T21:30:02.5969329-03:00 0HN44TQOBA4PF:00000001 [INF] Request starting "HTTP/1.1" "POST" "http"://"localhost:5113""""/api/Products""" - "application/json" 143 (d509f86a)
2024-06-04T21:30:02.5973664-03:00 0HN44TQOBA4PF:00000001 [INF] Executing endpoint '"ApiWebDB.Controllers.ProductsController.Post (Trabalho Final)"' (500cc934)
2024-06-04T21:30:02.5975478-03:00 0HN44TQOBA4PF:00000001 [INF] Route matched with "{action = \"Post\", controller = \"Products\"}". Executing controller action with signature "Microsoft.AspNetCore.Mvc.ActionResult`1[ApiWebDB.BaseDados.Models2.TbProduct] Post(ApiWebDB.DTO.ProductDTO)" on controller "ApiWebDB.Controllers.ProductsController" ("Trabalho Final"). (122b2fdf)
2024-06-04T21:30:03.9478043-03:00 0HN44TQOBA4PF:00000001 [INF] Executed DbCommand ("68"ms) [Parameters=["@p0='?', @p1='?', @p2='?' (DbType = Decimal), @p3='?', @p4='?' (DbType = Decimal), @p5='?' (DbType = Int32)"], CommandType='Text', CommandTimeout='30']"
""INSERT INTO tb_products (barcode, barcodetype, costprice, description, price, stock)
VALUES (@p0, @p1, @p2, @p3, @p4, @p5)
RETURNING id;" (0723d8ff)
2024-06-04T21:30:04.0204207-03:00 0HN44TQOBA4PF:00000001 [INF] Executed DbCommand ("15"ms) [Parameters=["@p0='?' (DbType = DateTime2), @p1='?' (DbType = Int32), @p2='?' (DbType = Int32)"], CommandType='Text', CommandTimeout='30']"
""INSERT INTO tb_stock_logs (createdat, productid, qty)
VALUES (@p0, @p1, @p2)
RETURNING id;" (0723d8ff)
2024-06-04T21:30:04.0285525-03:00 0HN44TQOBA4PF:00000001 [INF] Executing "CreatedAtActionResult", writing value of type '"ApiWebDB.BaseDados.Models2.TbProduct"'. (605b4265)
2024-06-04T21:30:04.0618590-03:00 0HN44TQOBA4PF:00000001 [INF] Executed action "ApiWebDB.Controllers.ProductsController.Post (Trabalho Final)" in 1464.2092ms (afa2e885)
2024-06-04T21:30:04.0619491-03:00 0HN44TQOBA4PF:00000001 [INF] Executed endpoint '"ApiWebDB.Controllers.ProductsController.Post (Trabalho Final)"' (99874f2b)
2024-06-04T21:30:04.0681640-03:00 0HN44TQOBA4PF:00000001 [INF] Request finished "HTTP/1.1" "POST" "http"://"localhost:5113""""/api/Products""" - 201 null "application/json; charset=utf-8" 1471.2578ms (74253ad3)
2024-06-04T21:30:23.3194732-03:00 0HN44TQOBA4PF:00000002 [INF] Request starting "HTTP/1.1" "GET" "http"://"localhost:5113""""/api/Products""" - null null (d509f86a)
2024-06-04T21:30:23.3203448-03:00 0HN44TQOBA4PF:00000002 [INF] Executing endpoint '"ApiWebDB.Controllers.ProductsController.Get (Trabalho Final)"' (500cc934)
2024-06-04T21:30:23.3222845-03:00 0HN44TQOBA4PF:00000002 [INF] Route matched with "{action = \"Get\", controller = \"Products\"}". Executing controller action with signature "Microsoft.AspNetCore.Mvc.ActionResult`1[System.Collections.Generic.IEnumerable`1[ApiWebDB.BaseDados.Models2.TbProduct]] Get()" on controller "ApiWebDB.Controllers.ProductsController" ("Trabalho Final"). (122b2fdf)
2024-06-04T21:30:23.5567987-03:00 0HN44TQOBA4PF:00000002 [INF] Executed DbCommand ("1"ms) [Parameters=[""], CommandType='Text', CommandTimeout='30']"
""SELECT t.id, t.barcode, t.barcodetype, t.costprice, t.description, t.price, t.stock
FROM tb_products AS t" (0723d8ff)
2024-06-04T21:30:23.5643329-03:00 0HN44TQOBA4PF:00000002 [INF] Executing "OkObjectResult", writing value of type '"System.Collections.Generic.List`1[[ApiWebDB.BaseDados.Models2.TbProduct, Trabalho Final, Version=1.0.0.0, Culture=neutral, PublicKeyToken=null]]"'. (605b4265)
2024-06-04T21:30:23.5675949-03:00 0HN44TQOBA4PF:00000002 [INF] Executed action "ApiWebDB.Controllers.ProductsController.Get (Trabalho Final)" in 245.2175ms (afa2e885)
2024-06-04T21:30:23.5678114-03:00 0HN44TQOBA4PF:00000002 [INF] Executed endpoint '"ApiWebDB.Controllers.ProductsController.Get (Trabalho Final)"' (99874f2b)
2024-06-04T21:30:23.5688035-03:00 0HN44TQOBA4PF:00000002 [INF] Request finished "HTTP/1.1" "GET" "http"://"localhost:5113""""/api/Products""" - 200 null "application/json; charset=utf-8" 249.2068ms (74253ad3)
