2024-05-21T19:57:27.8980116-03:00  [INF] Now listening on: "http://localhost:5113" (d826f4b8)
2024-05-21T19:57:27.9842717-03:00  [INF] Application started. Press Ctrl+C to shut down. (dcaefe54)
2024-05-21T19:57:27.9850476-03:00  [INF] Hosting environment: "Development" (bc5a1a4e)
2024-05-21T19:57:27.9850940-03:00  [INF] Content root path: "C:\Aula Juliano\Aula-Juliano\Trabalho Final" (cc26f24e)
2024-05-21T19:57:28.3154278-03:00 0HN3PT5HKPJOF:00000001 [INF] Request starting "HTTP/1.1" "GET" "http"://"localhost:5113""""/swagger""" - null null (d509f86a)
2024-05-21T19:57:28.7198464-03:00 0HN3PT5HKPJOF:00000001 [ERR] An unhandled exception has occurred while executing the request. (48a46595)
System.ArgumentException: An item with the same key has already been added. Key: v1
   at System.Collections.Generic.Dictionary`2.TryInsert(TKey key, TValue value, InsertionBehavior behavior)
   at System.Collections.Generic.Dictionary`2.Add(TKey key, TValue value)
   at Microsoft.Extensions.DependencyInjection.SwaggerGenOptionsExtensions.SwaggerDoc(SwaggerGenOptions swaggerGenOptions, String name, OpenApiInfo info)
   at Program.<>c.<<Main>$>b__0_2(SwaggerGenOptions options) in C:\Aula Juliano\Aula-Juliano\Trabalho Final\Program.cs:line 51
   at Microsoft.Extensions.Options.ConfigureNamedOptions`1.Configure(String name, TOptions options)
   at Microsoft.Extensions.Options.OptionsFactory`1.Create(String name)
   at Microsoft.Extensions.Options.UnnamedOptionsManager`1.get_Value()
   at Swashbuckle.AspNetCore.SwaggerGen.ConfigureSwaggerGeneratorOptions..ctor(IOptions`1 swaggerGenOptionsAccessor, IServiceProvider serviceProvider, IWebHostEnvironment hostingEnv)
   at System.RuntimeMethodHandle.InvokeMethod(Object target, Void** arguments, Signature sig, Boolean isConstructor)
   at System.Reflection.MethodBaseInvoker.InvokeDirectByRefWithFewArgs(Object obj, Span`1 copyOfArgs, BindingFlags invokeAttr)
   at System.Reflection.MethodBaseInvoker.InvokeWithFewArgs(Object obj, BindingFlags invokeAttr, Binder binder, Object[] parameters, CultureInfo culture)
   at System.Reflection.RuntimeConstructorInfo.Invoke(BindingFlags invokeAttr, Binder binder, Object[] parameters, CultureInfo culture)
   at Microsoft.Extensions.DependencyInjection.ServiceLookup.CallSiteRuntimeResolver.VisitConstructor(ConstructorCallSite constructorCallSite, RuntimeResolverContext context)
   at Microsoft.Extensions.DependencyInjection.ServiceLookup.CallSiteVisitor`2.VisitCallSiteMain(ServiceCallSite callSite, TArgument argument)
   at Microsoft.Extensions.DependencyInjection.ServiceLookup.CallSiteRuntimeResolver.VisitDisposeCache(ServiceCallSite transientCallSite, RuntimeResolverContext context)
   at Microsoft.Extensions.DependencyInjection.ServiceLookup.CallSiteVisitor`2.VisitCallSite(ServiceCallSite callSite, TArgument argument)
   at Microsoft.Extensions.DependencyInjection.ServiceLookup.CallSiteRuntimeResolver.VisitIEnumerable(IEnumerableCallSite enumerableCallSite, RuntimeResolverContext context)
   at Microsoft.Extensions.DependencyInjection.ServiceLookup.CallSiteVisitor`2.VisitCallSiteMain(ServiceCallSite callSite, TArgument argument)
   at Microsoft.Extensions.DependencyInjection.ServiceLookup.CallSiteVisitor`2.VisitNoCache(ServiceCallSite callSite, TArgument argument)
   at Microsoft.Extensions.DependencyInjection.ServiceLookup.CallSiteVisitor`2.VisitCallSite(ServiceCallSite callSite, TArgument argument)
   at Microsoft.Extensions.DependencyInjection.ServiceLookup.CallSiteRuntimeResolver.VisitConstructor(ConstructorCallSite constructorCallSite, RuntimeResolverContext context)
   at Microsoft.Extensions.DependencyInjection.ServiceLookup.CallSiteVisitor`2.VisitCallSiteMain(ServiceCallSite callSite, TArgument argument)
   at Microsoft.Extensions.DependencyInjection.ServiceLookup.CallSiteRuntimeResolver.VisitDisposeCache(ServiceCallSite transientCallSite, RuntimeResolverContext context)
   at Microsoft.Extensions.DependencyInjection.ServiceLookup.CallSiteVisitor`2.VisitCallSite(ServiceCallSite callSite, TArgument argument)
   at Microsoft.Extensions.DependencyInjection.ServiceLookup.CallSiteRuntimeResolver.VisitConstructor(ConstructorCallSite constructorCallSite, RuntimeResolverContext context)
   at Microsoft.Extensions.DependencyInjection.ServiceLookup.CallSiteVisitor`2.VisitCallSiteMain(ServiceCallSite callSite, TArgument argument)
   at Microsoft.Extensions.DependencyInjection.ServiceLookup.CallSiteRuntimeResolver.VisitRootCache(ServiceCallSite callSite, RuntimeResolverContext context)
   at Microsoft.Extensions.DependencyInjection.ServiceLookup.CallSiteVisitor`2.VisitCallSite(ServiceCallSite callSite, TArgument argument)
   at Microsoft.Extensions.DependencyInjection.ServiceLookup.CallSiteRuntimeResolver.Resolve(ServiceCallSite callSite, ServiceProviderEngineScope scope)
   at Microsoft.Extensions.DependencyInjection.ServiceProvider.CreateServiceAccessor(ServiceIdentifier serviceIdentifier)
   at System.Collections.Concurrent.ConcurrentDictionary`2.GetOrAdd(TKey key, Func`2 valueFactory)
   at Microsoft.Extensions.DependencyInjection.ServiceProvider.GetService(ServiceIdentifier serviceIdentifier, ServiceProviderEngineScope serviceProviderEngineScope)
   at Microsoft.Extensions.DependencyInjection.ServiceLookup.ServiceProviderEngineScope.GetService(Type serviceType)
   at Microsoft.Extensions.DependencyInjection.ServiceProviderServiceExtensions.GetRequiredService(IServiceProvider provider, Type serviceType)
   at Microsoft.Extensions.DependencyInjection.ServiceProviderServiceExtensions.GetRequiredService[T](IServiceProvider provider)
   at Microsoft.Extensions.DependencyInjection.SwaggerGenServiceCollectionExtensions.<>c.<AddSwaggerGen>b__0_1(IServiceProvider s)
   at Microsoft.Extensions.DependencyInjection.ServiceLookup.CallSiteRuntimeResolver.VisitFactory(FactoryCallSite factoryCallSite, RuntimeResolverContext context)
   at Microsoft.Extensions.DependencyInjection.ServiceLookup.CallSiteVisitor`2.VisitCallSiteMain(ServiceCallSite callSite, TArgument argument)
   at Microsoft.Extensions.DependencyInjection.ServiceLookup.CallSiteRuntimeResolver.VisitDisposeCache(ServiceCallSite transientCallSite, RuntimeResolverContext context)
   at Microsoft.Extensions.DependencyInjection.ServiceLookup.CallSiteVisitor`2.VisitCallSite(ServiceCallSite callSite, TArgument argument)
   at Microsoft.Extensions.DependencyInjection.ServiceLookup.CallSiteRuntimeResolver.VisitConstructor(ConstructorCallSite constructorCallSite, RuntimeResolverContext context)
   at Microsoft.Extensions.DependencyInjection.ServiceLookup.CallSiteVisitor`2.VisitCallSiteMain(ServiceCallSite callSite, TArgument argument)
   at Microsoft.Extensions.DependencyInjection.ServiceLookup.CallSiteRuntimeResolver.VisitDisposeCache(ServiceCallSite transientCallSite, RuntimeResolverContext context)
   at Microsoft.Extensions.DependencyInjection.ServiceLookup.CallSiteVisitor`2.VisitCallSite(ServiceCallSite callSite, TArgument argument)
   at Microsoft.Extensions.DependencyInjection.ServiceLookup.CallSiteRuntimeResolver.Resolve(ServiceCallSite callSite, ServiceProviderEngineScope scope)
   at Microsoft.Extensions.DependencyInjection.ServiceLookup.DynamicServiceProviderEngine.<>c__DisplayClass2_0.<RealizeService>b__0(ServiceProviderEngineScope scope)
   at Microsoft.Extensions.DependencyInjection.ServiceProvider.GetService(ServiceIdentifier serviceIdentifier, ServiceProviderEngineScope serviceProviderEngineScope)
   at Microsoft.Extensions.DependencyInjection.ServiceLookup.ServiceProviderEngineScope.GetService(Type serviceType)
   at lambda_method1(Closure, Object, HttpContext, IServiceProvider)
   at Microsoft.AspNetCore.Authentication.AuthenticationMiddleware.Invoke(HttpContext context)
   at Microsoft.AspNetCore.Diagnostics.DeveloperExceptionPageMiddlewareImpl.Invoke(HttpContext context)
2024-05-21T19:57:28.7848926-03:00 0HN3PT5HKPJOF:00000001 [INF] Request finished "HTTP/1.1" "GET" "http"://"localhost:5113""""/swagger""" - 500 null "text/html; charset=utf-8" 471.7044ms (74253ad3)
2024-05-21T19:57:28.9021732-03:00 0HN3PT5HKPJOF:00000002 [INF] Request starting "HTTP/1.1" "GET" "http"://"localhost:5113""""/_framework/aspnetcore-browser-refresh.js""" - null null (d509f86a)
2024-05-21T19:57:28.9021745-03:00 0HN3PT5HKPJOG:00000001 [INF] Request starting "HTTP/1.1" "GET" "http"://"localhost:5113""""/_vs/browserLink""" - null null (d509f86a)
2024-05-21T19:57:28.9037822-03:00 0HN3PT5HKPJOF:00000002 [INF] Request finished "HTTP/1.1" "GET" "http"://"localhost:5113""""/_framework/aspnetcore-browser-refresh.js""" - 200 13764 "application/javascript; charset=utf-8" 1.5869ms (74253ad3)
2024-05-21T19:57:28.9443412-03:00 0HN3PT5HKPJOG:00000001 [INF] Request finished "HTTP/1.1" "GET" "http"://"localhost:5113""""/_vs/browserLink""" - 200 null "text/javascript; charset=UTF-8" 42.1444ms (74253ad3)
2024-05-21T19:57:29.0430478-03:00 0HN3PT5HKPJOG:00000002 [INF] Request starting "HTTP/1.1" "GET" "http"://"localhost:5113""""/favicon.ico""" - null null (d509f86a)
2024-05-21T19:57:29.0474867-03:00 0HN3PT5HKPJOG:00000002 [ERR] An unhandled exception has occurred while executing the request. (48a46595)
System.ArgumentException: An item with the same key has already been added. Key: v1
   at System.Collections.Generic.Dictionary`2.TryInsert(TKey key, TValue value, InsertionBehavior behavior)
   at System.Collections.Generic.Dictionary`2.Add(TKey key, TValue value)
   at Microsoft.Extensions.DependencyInjection.SwaggerGenOptionsExtensions.SwaggerDoc(SwaggerGenOptions swaggerGenOptions, String name, OpenApiInfo info)
   at Program.<>c.<<Main>$>b__0_2(SwaggerGenOptions options) in C:\Aula Juliano\Aula-Juliano\Trabalho Final\Program.cs:line 51
   at Microsoft.Extensions.Options.ConfigureNamedOptions`1.Configure(String name, TOptions options)
   at Microsoft.Extensions.Options.OptionsFactory`1.Create(String name)
   at Microsoft.Extensions.Options.UnnamedOptionsManager`1.get_Value()
   at Swashbuckle.AspNetCore.SwaggerGen.ConfigureSwaggerGeneratorOptions..ctor(IOptions`1 swaggerGenOptionsAccessor, IServiceProvider serviceProvider, IWebHostEnvironment hostingEnv)
   at InvokeStub_ConfigureSwaggerGeneratorOptions..ctor(Object, Span`1)
   at System.Reflection.MethodBaseInvoker.InvokeWithFewArgs(Object obj, BindingFlags invokeAttr, Binder binder, Object[] parameters, CultureInfo culture)
   at System.Reflection.RuntimeConstructorInfo.Invoke(BindingFlags invokeAttr, Binder binder, Object[] parameters, CultureInfo culture)
   at Microsoft.Extensions.DependencyInjection.ServiceLookup.CallSiteRuntimeResolver.VisitConstructor(ConstructorCallSite constructorCallSite, RuntimeResolverContext context)
   at Microsoft.Extensions.DependencyInjection.ServiceLookup.CallSiteVisitor`2.VisitCallSiteMain(ServiceCallSite callSite, TArgument argument)
   at Microsoft.Extensions.DependencyInjection.ServiceLookup.CallSiteRuntimeResolver.VisitDisposeCache(ServiceCallSite transientCallSite, RuntimeResolverContext context)
   at Microsoft.Extensions.DependencyInjection.ServiceLookup.CallSiteVisitor`2.VisitCallSite(ServiceCallSite callSite, TArgument argument)
   at Microsoft.Extensions.DependencyInjection.ServiceLookup.CallSiteRuntimeResolver.VisitIEnumerable(IEnumerableCallSite enumerableCallSite, RuntimeResolverContext context)
   at Microsoft.Extensions.DependencyInjection.ServiceLookup.CallSiteVisitor`2.VisitCallSiteMain(ServiceCallSite callSite, TArgument argument)
   at Microsoft.Extensions.DependencyInjection.ServiceLookup.CallSiteVisitor`2.VisitNoCache(ServiceCallSite callSite, TArgument argument)
   at Microsoft.Extensions.DependencyInjection.ServiceLookup.CallSiteVisitor`2.VisitCallSite(ServiceCallSite callSite, TArgument argument)
   at Microsoft.Extensions.DependencyInjection.ServiceLookup.CallSiteRuntimeResolver.VisitConstructor(ConstructorCallSite constructorCallSite, RuntimeResolverContext context)
   at Microsoft.Extensions.DependencyInjection.ServiceLookup.CallSiteVisitor`2.VisitCallSiteMain(ServiceCallSite callSite, TArgument argument)
   at Microsoft.Extensions.DependencyInjection.ServiceLookup.CallSiteRuntimeResolver.VisitDisposeCache(ServiceCallSite transientCallSite, RuntimeResolverContext context)
   at Microsoft.Extensions.DependencyInjection.ServiceLookup.CallSiteVisitor`2.VisitCallSite(ServiceCallSite callSite, TArgument argument)
   at Microsoft.Extensions.DependencyInjection.ServiceLookup.CallSiteRuntimeResolver.VisitConstructor(ConstructorCallSite constructorCallSite, RuntimeResolverContext context)
   at Microsoft.Extensions.DependencyInjection.ServiceLookup.CallSiteVisitor`2.VisitCallSiteMain(ServiceCallSite callSite, TArgument argument)
   at Microsoft.Extensions.DependencyInjection.ServiceLookup.CallSiteRuntimeResolver.VisitRootCache(ServiceCallSite callSite, RuntimeResolverContext context)
   at Microsoft.Extensions.DependencyInjection.ServiceLookup.CallSiteVisitor`2.VisitCallSite(ServiceCallSite callSite, TArgument argument)
   at Microsoft.Extensions.DependencyInjection.ServiceLookup.CallSiteRuntimeResolver.Resolve(ServiceCallSite callSite, ServiceProviderEngineScope scope)
   at Microsoft.Extensions.DependencyInjection.ServiceProvider.CreateServiceAccessor(ServiceIdentifier serviceIdentifier)
   at System.Collections.Concurrent.ConcurrentDictionary`2.GetOrAdd(TKey key, Func`2 valueFactory)
   at Microsoft.Extensions.DependencyInjection.ServiceProvider.GetService(ServiceIdentifier serviceIdentifier, ServiceProviderEngineScope serviceProviderEngineScope)
   at Microsoft.Extensions.DependencyInjection.ServiceLookup.ServiceProviderEngineScope.GetService(Type serviceType)
   at Microsoft.Extensions.DependencyInjection.ServiceProviderServiceExtensions.GetRequiredService(IServiceProvider provider, Type serviceType)
   at Microsoft.Extensions.DependencyInjection.ServiceProviderServiceExtensions.GetRequiredService[T](IServiceProvider provider)
   at Microsoft.Extensions.DependencyInjection.SwaggerGenServiceCollectionExtensions.<>c.<AddSwaggerGen>b__0_1(IServiceProvider s)
   at Microsoft.Extensions.DependencyInjection.ServiceLookup.CallSiteRuntimeResolver.VisitFactory(FactoryCallSite factoryCallSite, RuntimeResolverContext context)
   at Microsoft.Extensions.DependencyInjection.ServiceLookup.CallSiteVisitor`2.VisitCallSiteMain(ServiceCallSite callSite, TArgument argument)
   at Microsoft.Extensions.DependencyInjection.ServiceLookup.CallSiteRuntimeResolver.VisitDisposeCache(ServiceCallSite transientCallSite, RuntimeResolverContext context)
   at Microsoft.Extensions.DependencyInjection.ServiceLookup.CallSiteVisitor`2.VisitCallSite(ServiceCallSite callSite, TArgument argument)
   at Microsoft.Extensions.DependencyInjection.ServiceLookup.CallSiteRuntimeResolver.VisitConstructor(ConstructorCallSite constructorCallSite, RuntimeResolverContext context)
   at Microsoft.Extensions.DependencyInjection.ServiceLookup.CallSiteVisitor`2.VisitCallSiteMain(ServiceCallSite callSite, TArgument argument)
   at Microsoft.Extensions.DependencyInjection.ServiceLookup.CallSiteRuntimeResolver.VisitDisposeCache(ServiceCallSite transientCallSite, RuntimeResolverContext context)
   at Microsoft.Extensions.DependencyInjection.ServiceLookup.CallSiteVisitor`2.VisitCallSite(ServiceCallSite callSite, TArgument argument)
   at Microsoft.Extensions.DependencyInjection.ServiceLookup.CallSiteRuntimeResolver.Resolve(ServiceCallSite callSite, ServiceProviderEngineScope scope)
   at Microsoft.Extensions.DependencyInjection.ServiceLookup.DynamicServiceProviderEngine.<>c__DisplayClass2_0.<RealizeService>b__0(ServiceProviderEngineScope scope)
   at Microsoft.Extensions.DependencyInjection.ServiceProvider.GetService(ServiceIdentifier serviceIdentifier, ServiceProviderEngineScope serviceProviderEngineScope)
   at Microsoft.Extensions.DependencyInjection.ServiceLookup.ServiceProviderEngineScope.GetService(Type serviceType)
   at lambda_method1(Closure, Object, HttpContext, IServiceProvider)
   at Microsoft.AspNetCore.Authentication.AuthenticationMiddleware.Invoke(HttpContext context)
   at Microsoft.AspNetCore.Diagnostics.DeveloperExceptionPageMiddlewareImpl.Invoke(HttpContext context)
2024-05-21T19:57:29.0523326-03:00 0HN3PT5HKPJOG:00000002 [INF] Request finished "HTTP/1.1" "GET" "http"://"localhost:5113""""/favicon.ico""" - 500 null "text/plain; charset=utf-8" 9.2612ms (74253ad3)
2024-05-21T20:01:05.0318481-03:00  [INF] Now listening on: "http://localhost:5113" (d826f4b8)
2024-05-21T20:01:05.1011732-03:00  [INF] Application started. Press Ctrl+C to shut down. (dcaefe54)
2024-05-21T20:01:05.1017754-03:00  [INF] Hosting environment: "Development" (bc5a1a4e)
2024-05-21T20:01:05.1018329-03:00  [INF] Content root path: "C:\Aula Juliano\Aula-Juliano\Trabalho Final" (cc26f24e)
2024-05-21T20:01:05.3059456-03:00 0HN3PT7IC910L:00000001 [INF] Request starting "HTTP/1.1" "GET" "http"://"localhost:5113""""/swagger""" - null null (d509f86a)
2024-05-21T20:01:05.4028155-03:00 0HN3PT7IC910L:00000001 [INF] Request finished "HTTP/1.1" "GET" "http"://"localhost:5113""""/swagger""" - 301 0 null 98.1509ms (74253ad3)
2024-05-21T20:01:05.4051337-03:00 0HN3PT7IC910L:00000002 [INF] Request starting "HTTP/1.1" "GET" "http"://"localhost:5113""""/swagger/index.html""" - null null (d509f86a)
2024-05-21T20:01:05.4444437-03:00 0HN3PT7IC910L:00000002 [INF] Request finished "HTTP/1.1" "GET" "http"://"localhost:5113""""/swagger/index.html""" - 200 null "text/html;charset=utf-8" 39.2101ms (74253ad3)
2024-05-21T20:01:05.6164775-03:00 0HN3PT7IC910L:00000003 [INF] Request starting "HTTP/1.1" "GET" "http"://"localhost:5113""""/_framework/aspnetcore-browser-refresh.js""" - null null (d509f86a)
2024-05-21T20:01:05.6185846-03:00 0HN3PT7IC910L:00000003 [INF] Request finished "HTTP/1.1" "GET" "http"://"localhost:5113""""/_framework/aspnetcore-browser-refresh.js""" - 200 13764 "application/javascript; charset=utf-8" 2.0755ms (74253ad3)
2024-05-21T20:01:05.6258972-03:00 0HN3PT7IC910L:00000004 [INF] Request starting "HTTP/1.1" "GET" "http"://"localhost:5113""""/_vs/browserLink""" - null null (d509f86a)
2024-05-21T20:01:05.6486793-03:00 0HN3PT7IC910L:00000004 [INF] Request finished "HTTP/1.1" "GET" "http"://"localhost:5113""""/_vs/browserLink""" - 200 null "text/javascript; charset=UTF-8" 22.7428ms (74253ad3)
2024-05-21T20:01:05.8235046-03:00 0HN3PT7IC910L:00000005 [INF] Request starting "HTTP/1.1" "GET" "http"://"localhost:5113""""/swagger/v1/swagger.json""" - null null (d509f86a)
2024-05-21T20:01:05.8431847-03:00 0HN3PT7IC910M:00000001 [INF] Request starting "HTTP/1.1" "GET" "http"://"localhost:5113""""/swagger/favicon-32x32.png""" - null null (d509f86a)
2024-05-21T20:01:05.8522879-03:00 0HN3PT7IC910M:00000001 [INF] Sending file. Request path: '"/favicon-32x32.png"'. Physical path: '"N/A"' (27b0a520)
2024-05-21T20:01:05.8525017-03:00 0HN3PT7IC910M:00000001 [INF] Request finished "HTTP/1.1" "GET" "http"://"localhost:5113""""/swagger/favicon-32x32.png""" - 200 628 "image/png" 9.2788ms (74253ad3)
2024-05-21T20:01:05.9062635-03:00 0HN3PT7IC910L:00000005 [INF] Request finished "HTTP/1.1" "GET" "http"://"localhost:5113""""/swagger/v1/swagger.json""" - 200 null "application/json;charset=utf-8" 82.7011ms (74253ad3)
2024-05-21T20:01:48.0764531-03:00 0HN3PT7IC910L:00000006 [INF] Request starting "HTTP/1.1" "GET" "http"://"localhost:5113""""/swagger/index.html""" - null null (d509f86a)
2024-05-21T20:01:48.0799807-03:00 0HN3PT7IC910L:00000006 [INF] Request finished "HTTP/1.1" "GET" "http"://"localhost:5113""""/swagger/index.html""" - 200 null "text/html;charset=utf-8" 3.565ms (74253ad3)
2024-05-21T20:01:48.2052010-03:00 0HN3PT7IC910L:00000007 [INF] Request starting "HTTP/1.1" "GET" "http"://"localhost:5113""""/_framework/aspnetcore-browser-refresh.js""" - null null (d509f86a)
2024-05-21T20:01:48.2053335-03:00 0HN3PT7IC910M:00000002 [INF] Request starting "HTTP/1.1" "GET" "http"://"localhost:5113""""/_vs/browserLink""" - null null (d509f86a)
2024-05-21T20:01:48.2055896-03:00 0HN3PT7IC910L:00000007 [INF] Request finished "HTTP/1.1" "GET" "http"://"localhost:5113""""/_framework/aspnetcore-browser-refresh.js""" - 200 13764 "application/javascript; charset=utf-8" 0.3786ms (74253ad3)
2024-05-21T20:01:48.2322328-03:00 0HN3PT7IC910M:00000002 [INF] Request finished "HTTP/1.1" "GET" "http"://"localhost:5113""""/_vs/browserLink""" - 200 null "text/javascript; charset=UTF-8" 26.8752ms (74253ad3)
2024-05-21T20:01:48.4900656-03:00 0HN3PT7IC910M:00000003 [INF] Request starting "HTTP/1.1" "GET" "http"://"localhost:5113""""/swagger/v1/swagger.json""" - null null (d509f86a)
2024-05-21T20:01:48.5086656-03:00 0HN3PT7IC910M:00000003 [INF] Request finished "HTTP/1.1" "GET" "http"://"localhost:5113""""/swagger/v1/swagger.json""" - 200 null "application/json;charset=utf-8" 18.529ms (74253ad3)
2024-05-21T20:06:26.3437002-03:00  [INF] Now listening on: "http://localhost:5113" (d826f4b8)
2024-05-21T20:06:26.4156691-03:00  [INF] Application started. Press Ctrl+C to shut down. (dcaefe54)
2024-05-21T20:06:26.4165280-03:00  [INF] Hosting environment: "Development" (bc5a1a4e)
2024-05-21T20:06:26.4166164-03:00  [INF] Content root path: "C:\Aula Juliano\Aula-Juliano\Trabalho Final" (cc26f24e)
2024-05-21T20:06:26.7211147-03:00 0HN3PTAI42KQQ:00000001 [INF] Request starting "HTTP/1.1" "GET" "http"://"localhost:5113""""/swagger/index.html""" - null null (d509f86a)
2024-05-21T20:06:26.8715267-03:00 0HN3PTAI42KQQ:00000001 [INF] Request finished "HTTP/1.1" "GET" "http"://"localhost:5113""""/swagger/index.html""" - 200 null "text/html;charset=utf-8" 152.2041ms (74253ad3)
2024-05-21T20:06:26.9631566-03:00 0HN3PTAI42KQR:00000001 [INF] Request starting "HTTP/1.1" "GET" "http"://"localhost:5113""""/_vs/browserLink""" - null null (d509f86a)
2024-05-21T20:06:26.9638007-03:00 0HN3PTAI42KQQ:00000002 [INF] Request starting "HTTP/1.1" "GET" "http"://"localhost:5113""""/_framework/aspnetcore-browser-refresh.js""" - null null (d509f86a)
2024-05-21T20:06:26.9697226-03:00 0HN3PTAI42KQQ:00000002 [INF] Request finished "HTTP/1.1" "GET" "http"://"localhost:5113""""/_framework/aspnetcore-browser-refresh.js""" - 200 13764 "application/javascript; charset=utf-8" 6.3525ms (74253ad3)
2024-05-21T20:06:27.0051435-03:00 0HN3PTAI42KQR:00000001 [INF] Request finished "HTTP/1.1" "GET" "http"://"localhost:5113""""/_vs/browserLink""" - 200 null "text/javascript; charset=UTF-8" 42.0303ms (74253ad3)
2024-05-21T20:06:27.1184419-03:00 0HN3PTAI42KQR:00000002 [INF] Request starting "HTTP/1.1" "GET" "http"://"localhost:5113""""/swagger/v1/swagger.json""" - null null (d509f86a)
2024-05-21T20:06:27.2154570-03:00 0HN3PTAI42KQR:00000002 [INF] Request finished "HTTP/1.1" "GET" "http"://"localhost:5113""""/swagger/v1/swagger.json""" - 200 null "application/json;charset=utf-8" 96.9486ms (74253ad3)
2024-05-21T20:28:57.8956472-03:00  [INF] Now listening on: "http://localhost:5113" (d826f4b8)
2024-05-21T20:28:57.9868171-03:00  [INF] Application started. Press Ctrl+C to shut down. (dcaefe54)
2024-05-21T20:28:57.9884231-03:00  [INF] Hosting environment: "Development" (bc5a1a4e)
2024-05-21T20:28:57.9886997-03:00  [INF] Content root path: "C:\Aula Juliano\Aula-Juliano\Trabalho Final" (cc26f24e)
2024-05-21T20:29:01.7050560-03:00 0HN3PTN4TA0JM:00000001 [INF] Request starting "HTTP/1.1" "GET" "http"://"localhost:5113""""/swagger/index.html""" - null null (d509f86a)
2024-05-21T20:29:03.6593224-03:00 0HN3PTN4TA0JM:00000001 [INF] Request finished "HTTP/1.1" "GET" "http"://"localhost:5113""""/swagger/index.html""" - 200 null "text/html;charset=utf-8" 1956.8722ms (74253ad3)
2024-05-21T20:29:03.8153087-03:00 0HN3PTN4TA0JN:00000001 [INF] Request starting "HTTP/1.1" "GET" "http"://"localhost:5113""""/_framework/aspnetcore-browser-refresh.js""" - null null (d509f86a)
2024-05-21T20:29:03.8150585-03:00 0HN3PTN4TA0JO:00000001 [INF] Request starting "HTTP/1.1" "GET" "http"://"localhost:5113""""/_vs/browserLink""" - null null (d509f86a)
2024-05-21T20:29:03.8187866-03:00 0HN3PTN4TA0JN:00000001 [INF] Request finished "HTTP/1.1" "GET" "http"://"localhost:5113""""/_framework/aspnetcore-browser-refresh.js""" - 200 13764 "application/javascript; charset=utf-8" 3.3026ms (74253ad3)
2024-05-21T20:29:03.9841784-03:00 0HN3PTN4TA0JO:00000001 [INF] Request finished "HTTP/1.1" "GET" "http"://"localhost:5113""""/_vs/browserLink""" - 200 null "text/javascript; charset=UTF-8" 168.5538ms (74253ad3)
2024-05-21T20:29:04.5563940-03:00 0HN3PTN4TA0JP:00000001 [INF] Request starting "HTTP/1.1" "GET" "http"://"localhost:5113""""/swagger/v1/swagger.json""" - null null (d509f86a)
2024-05-21T20:29:04.8527848-03:00 0HN3PTN4TA0JP:00000001 [INF] Request finished "HTTP/1.1" "GET" "http"://"localhost:5113""""/swagger/v1/swagger.json""" - 200 null "application/json;charset=utf-8" 296.3171ms (74253ad3)
2024-05-21T20:35:12.4933695-03:00  [INF] Now listening on: "http://localhost:5113" (d826f4b8)
2024-05-21T20:35:12.5669271-03:00  [INF] Application started. Press Ctrl+C to shut down. (dcaefe54)
2024-05-21T20:35:12.5674975-03:00  [INF] Hosting environment: "Development" (bc5a1a4e)
2024-05-21T20:35:12.5675437-03:00  [INF] Content root path: "C:\Aula Juliano\Aula-Juliano\Trabalho Final" (cc26f24e)
2024-05-21T20:35:12.6753616-03:00 0HN3PTQKHNJKB:00000001 [INF] Request starting "HTTP/1.1" "GET" "http"://"localhost:5113""""/swagger/index.html""" - null null (d509f86a)
2024-05-21T20:35:12.8030120-03:00 0HN3PTQKHNJKB:00000001 [INF] Request finished "HTTP/1.1" "GET" "http"://"localhost:5113""""/swagger/index.html""" - 200 null "text/html;charset=utf-8" 128.2321ms (74253ad3)
2024-05-21T20:35:12.8386549-03:00 0HN3PTQKHNJKB:00000002 [INF] Request starting "HTTP/1.1" "GET" "http"://"localhost:5113""""/_framework/aspnetcore-browser-refresh.js""" - null null (d509f86a)
2024-05-21T20:35:12.8416187-03:00 0HN3PTQKHNJKB:00000002 [INF] Request finished "HTTP/1.1" "GET" "http"://"localhost:5113""""/_framework/aspnetcore-browser-refresh.js""" - 200 13764 "application/javascript; charset=utf-8" 3.2787ms (74253ad3)
2024-05-21T20:35:12.8492137-03:00 0HN3PTQKHNJKB:00000003 [INF] Request starting "HTTP/1.1" "GET" "http"://"localhost:5113""""/_vs/browserLink""" - null null (d509f86a)
2024-05-21T20:35:12.8757826-03:00 0HN3PTQKHNJKB:00000003 [INF] Request finished "HTTP/1.1" "GET" "http"://"localhost:5113""""/_vs/browserLink""" - 200 null "text/javascript; charset=UTF-8" 26.5253ms (74253ad3)
2024-05-21T20:35:12.9485762-03:00 0HN3PTQKHNJKB:00000004 [INF] Request starting "HTTP/1.1" "GET" "http"://"localhost:5113""""/swagger/v1/swagger.json""" - null null (d509f86a)
2024-05-21T20:35:13.0354351-03:00 0HN3PTQKHNJKB:00000004 [INF] Request finished "HTTP/1.1" "GET" "http"://"localhost:5113""""/swagger/v1/swagger.json""" - 200 null "application/json;charset=utf-8" 86.8237ms (74253ad3)
2024-05-21T20:35:35.7182311-03:00  [INF] Now listening on: "http://localhost:5113" (d826f4b8)
2024-05-21T20:35:35.7858401-03:00  [INF] Application started. Press Ctrl+C to shut down. (dcaefe54)
2024-05-21T20:35:35.7865931-03:00  [INF] Hosting environment: "Development" (bc5a1a4e)
2024-05-21T20:35:35.7866397-03:00  [INF] Content root path: "C:\Aula Juliano\Aula-Juliano\Trabalho Final" (cc26f24e)
2024-05-21T20:35:37.8004976-03:00 0HN3PTQRG4T22:00000001 [INF] Request starting "HTTP/1.1" "GET" "http"://"localhost:5113""""/swagger/index.html""" - null null (d509f86a)
2024-05-21T20:35:39.3352045-03:00 0HN3PTQRG4T22:00000001 [INF] Request finished "HTTP/1.1" "GET" "http"://"localhost:5113""""/swagger/index.html""" - 200 null "text/html;charset=utf-8" 1540.5164ms (74253ad3)
2024-05-21T20:35:39.5406434-03:00 0HN3PTQRG4T22:00000002 [INF] Request starting "HTTP/1.1" "GET" "http"://"localhost:5113""""/_framework/aspnetcore-browser-refresh.js""" - null null (d509f86a)
2024-05-21T20:35:39.5406246-03:00 0HN3PTQRG4T21:00000001 [INF] Request starting "HTTP/1.1" "GET" "http"://"localhost:5113""""/_vs/browserLink""" - null null (d509f86a)
2024-05-21T20:35:39.5426558-03:00 0HN3PTQRG4T22:00000002 [INF] Request finished "HTTP/1.1" "GET" "http"://"localhost:5113""""/_framework/aspnetcore-browser-refresh.js""" - 200 13764 "application/javascript; charset=utf-8" 1.8656ms (74253ad3)
2024-05-21T20:35:39.6401180-03:00 0HN3PTQRG4T21:00000001 [INF] Request finished "HTTP/1.1" "GET" "http"://"localhost:5113""""/_vs/browserLink""" - 200 null "text/javascript; charset=UTF-8" 99.2031ms (74253ad3)
2024-05-21T20:35:39.8294411-03:00 0HN3PTQRG4T23:00000001 [INF] Request starting "HTTP/1.1" "GET" "http"://"localhost:5113""""/swagger/v1/swagger.json""" - null null (d509f86a)
2024-05-21T20:35:40.0231738-03:00 0HN3PTQRG4T23:00000001 [INF] Request finished "HTTP/1.1" "GET" "http"://"localhost:5113""""/swagger/v1/swagger.json""" - 200 null "application/json;charset=utf-8" 193.7487ms (74253ad3)
