2024-05-31T18:11:07.2661354-03:00  [INF] Now listening on: "http://localhost:5113" (d826f4b8)
2024-05-31T18:11:07.3354000-03:00  [INF] Application started. Press Ctrl+C to shut down. (dcaefe54)
2024-05-31T18:11:07.3369198-03:00  [INF] Hosting environment: "Development" (bc5a1a4e)
2024-05-31T18:11:07.3370682-03:00  [INF] Content root path: "/home/engel/repositorios/Trabalho-Final-Paradigmas-main/Trabalho Final" (cc26f24e)
2024-05-31T18:11:22.4325485-03:00 0HN41MOSJKS0T:00000001 [INF] Request starting "HTTP/1.1" "GET" "http"://"localhost:5113""""/swagger/index.html""" - null null (d509f86a)
2024-05-31T18:11:22.6401890-03:00 0HN41MOSJKS0T:00000001 [INF] Request finished "HTTP/1.1" "GET" "http"://"localhost:5113""""/swagger/index.html""" - 200 null "text/html;charset=utf-8" 209.5681ms (74253ad3)
2024-05-31T18:11:22.6872465-03:00 0HN41MOSJKS0T:00000002 [INF] Request starting "HTTP/1.1" "GET" "http"://"localhost:5113""""/swagger/swagger-ui.css""" - null null (d509f86a)
2024-05-31T18:11:22.7188436-03:00 0HN41MOSJKS0T:00000002 [INF] Sending file. Request path: '"/swagger-ui.css"'. Physical path: '"N/A"' (27b0a520)
2024-05-31T18:11:22.7192752-03:00 0HN41MOSJKS0T:00000002 [INF] Request finished "HTTP/1.1" "GET" "http"://"localhost:5113""""/swagger/swagger-ui.css""" - 499 144929 "text/css" 32.0606ms (74253ad3)
2024-05-31T18:11:22.8846499-03:00 0HN41MOSJKS0U:00000001 [INF] Request starting "HTTP/1.1" "GET" "http"://"localhost:5113""""/swagger/favicon-16x16.png""" - null null (d509f86a)
2024-05-31T18:11:22.8916640-03:00 0HN41MOSJKS0U:00000001 [INF] Sending file. Request path: '"/favicon-16x16.png"'. Physical path: '"N/A"' (27b0a520)
2024-05-31T18:11:22.8945015-03:00 0HN41MOSJKS0U:00000001 [INF] Request finished "HTTP/1.1" "GET" "http"://"localhost:5113""""/swagger/favicon-16x16.png""" - 499 665 "image/png" 9.7682ms (74253ad3)
2024-05-31T18:11:22.9428658-03:00 0HN41MOSJKS0V:00000001 [INF] Request starting "HTTP/1.1" "GET" "http"://"localhost:5113""""/swagger/v1/swagger.json""" - null null (d509f86a)
2024-05-31T18:11:23.1261993-03:00 0HN41MOSJKS0V:00000001 [INF] Request finished "HTTP/1.1" "GET" "http"://"localhost:5113""""/swagger/v1/swagger.json""" - 200 null "application/json;charset=utf-8" 183.2944ms (74253ad3)
2024-05-31T18:14:27.5272153-03:00 0HN41MOSJKS10:00000001 [INF] Request starting "HTTP/1.1" "GET" "http"://"localhost:5113""""/api/Products""" - null null (d509f86a)
2024-05-31T18:14:27.5383935-03:00 0HN41MOSJKS10:00000001 [INF] Executing endpoint '"ApiWebDB.Controllers.ProductsController.Get (Trabalho Final)"' (500cc934)
2024-05-31T18:14:27.5605627-03:00 0HN41MOSJKS10:00000001 [INF] Route matched with "{action = \"Get\", controller = \"Products\"}". Executing controller action with signature "Microsoft.AspNetCore.Mvc.ActionResult`1[System.Collections.Generic.IEnumerable`1[ApiWebDB.BaseDados.Models2.TbProduct]] Get()" on controller "ApiWebDB.Controllers.ProductsController" ("Trabalho Final"). (122b2fdf)
2024-05-31T18:14:29.1981336-03:00 0HN41MOSJKS10:00000001 [INF] Executed DbCommand ("26"ms) [Parameters=[""], CommandType='Text', CommandTimeout='30']"
""SELECT t.id, t.barcode, t.barcodetype, t.costprice, t.description, t.price, t.stock
FROM tb_products AS t" (0723d8ff)
2024-05-31T18:14:29.2258290-03:00 0HN41MOSJKS10:00000001 [INF] Executing "OkObjectResult", writing value of type '"System.Collections.Generic.List`1[[ApiWebDB.BaseDados.Models2.TbProduct, Trabalho Final, Version=1.0.0.0, Culture=neutral, PublicKeyToken=null]]"'. (605b4265)
2024-05-31T18:14:29.2546316-03:00 0HN41MOSJKS10:00000001 [INF] Executed action "ApiWebDB.Controllers.ProductsController.Get (Trabalho Final)" in 1689.176ms (afa2e885)
2024-05-31T18:14:29.2547774-03:00 0HN41MOSJKS10:00000001 [INF] Executed endpoint '"ApiWebDB.Controllers.ProductsController.Get (Trabalho Final)"' (99874f2b)
2024-05-31T18:14:29.2657992-03:00 0HN41MOSJKS10:00000001 [INF] Request finished "HTTP/1.1" "GET" "http"://"localhost:5113""""/api/Products""" - 200 null "application/json; charset=utf-8" 1738.5913ms (74253ad3)
2024-05-31T18:42:26.7749521-03:00  [INF] Application is shutting down... (90f52c38)
2024-05-31T18:42:53.6921713-03:00  [INF] Now listening on: "http://localhost:5113" (d826f4b8)
2024-05-31T18:42:53.7469772-03:00  [INF] Application started. Press Ctrl+C to shut down. (dcaefe54)
2024-05-31T18:42:53.7484547-03:00  [INF] Hosting environment: "Development" (bc5a1a4e)
2024-05-31T18:42:53.7485579-03:00  [INF] Content root path: "/home/engel/repositorios/Trabalho-Final-Paradigmas-main/Trabalho Final" (cc26f24e)
2024-05-31T18:50:45.4113771-03:00 0HN41NESQQKFQ:00000001 [INF] Request starting "HTTP/1.1" "POST" "http"://"localhost:5113""""/api/Products""" - "application/json" 163 (d509f86a)
2024-05-31T18:50:45.4717365-03:00 0HN41NESQQKFQ:00000001 [INF] Executing endpoint '"ApiWebDB.Controllers.ProductsController.Post (Trabalho Final)"' (500cc934)
2024-05-31T18:50:45.4959677-03:00 0HN41NESQQKFQ:00000001 [INF] Route matched with "{action = \"Post\", controller = \"Products\"}". Executing controller action with signature "Microsoft.AspNetCore.Mvc.ActionResult`1[ApiWebDB.BaseDados.Models2.TbProduct] Post(ApiWebDB.DTO.ProductDTO)" on controller "ApiWebDB.Controllers.ProductsController" ("Trabalho Final"). (122b2fdf)
2024-05-31T18:50:47.2761691-03:00 0HN41NESQQKFQ:00000001 [INF] Executed DbCommand ("72"ms) [Parameters=["@p0='?', @p1='?', @p2='?' (DbType = Decimal), @p3='?', @p4='?' (DbType = Decimal), @p5='?' (DbType = Int32)"], CommandType='Text', CommandTimeout='30']"
""INSERT INTO tb_products (barcode, barcodetype, costprice, description, price, stock)
VALUES (@p0, @p1, @p2, @p3, @p4, @p5)
RETURNING id;" (0723d8ff)
2024-05-31T18:50:47.3842708-03:00 0HN41NESQQKFQ:00000001 [INF] Executed DbCommand ("8"ms) [Parameters=["@p0='?' (DbType = DateTime2), @p1='?' (DbType = Int32), @p2='?' (DbType = Int32)"], CommandType='Text', CommandTimeout='30']"
""INSERT INTO tb_stock_logs (createdat, productid, qty)
VALUES (@p0, @p1, @p2)
RETURNING id;" (0723d8ff)
2024-05-31T18:50:47.4043063-03:00 0HN41NESQQKFQ:00000001 [INF] Executing "CreatedAtActionResult", writing value of type '"ApiWebDB.BaseDados.Models2.TbProduct"'. (605b4265)
2024-05-31T18:50:47.4854980-03:00 0HN41NESQQKFQ:00000001 [INF] Executed action "ApiWebDB.Controllers.ProductsController.Post (Trabalho Final)" in 1984.5161ms (afa2e885)
2024-05-31T18:50:47.4856335-03:00 0HN41NESQQKFQ:00000001 [INF] Executed endpoint '"ApiWebDB.Controllers.ProductsController.Post (Trabalho Final)"' (99874f2b)
2024-05-31T18:50:47.5005514-03:00 0HN41NESQQKFQ:00000001 [INF] Request finished "HTTP/1.1" "POST" "http"://"localhost:5113""""/api/Products""" - 201 null "application/json; charset=utf-8" 2090.8679ms (74253ad3)
2024-05-31T18:50:55.7859212-03:00 0HN41NESQQKFQ:00000002 [INF] Request starting "HTTP/1.1" "GET" "http"://"localhost:5113""""/api/Products""" - null null (d509f86a)
2024-05-31T18:50:55.7936343-03:00 0HN41NESQQKFQ:00000002 [INF] Executing endpoint '"ApiWebDB.Controllers.ProductsController.Get (Trabalho Final)"' (500cc934)
2024-05-31T18:50:55.7967729-03:00 0HN41NESQQKFQ:00000002 [INF] Route matched with "{action = \"Get\", controller = \"Products\"}". Executing controller action with signature "Microsoft.AspNetCore.Mvc.ActionResult`1[System.Collections.Generic.IEnumerable`1[ApiWebDB.BaseDados.Models2.TbProduct]] Get()" on controller "ApiWebDB.Controllers.ProductsController" ("Trabalho Final"). (122b2fdf)
2024-05-31T18:50:56.0411755-03:00 0HN41NESQQKFQ:00000002 [INF] Executed DbCommand ("1"ms) [Parameters=[""], CommandType='Text', CommandTimeout='30']"
""SELECT t.id, t.barcode, t.barcodetype, t.costprice, t.description, t.price, t.stock
FROM tb_products AS t" (0723d8ff)
2024-05-31T18:50:56.0529034-03:00 0HN41NESQQKFQ:00000002 [INF] Executing "OkObjectResult", writing value of type '"System.Collections.Generic.List`1[[ApiWebDB.BaseDados.Models2.TbProduct, Trabalho Final, Version=1.0.0.0, Culture=neutral, PublicKeyToken=null]]"'. (605b4265)
2024-05-31T18:50:56.0556026-03:00 0HN41NESQQKFQ:00000002 [INF] Executed action "ApiWebDB.Controllers.ProductsController.Get (Trabalho Final)" in 258.62ms (afa2e885)
2024-05-31T18:50:56.0557322-03:00 0HN41NESQQKFQ:00000002 [INF] Executed endpoint '"ApiWebDB.Controllers.ProductsController.Get (Trabalho Final)"' (99874f2b)
2024-05-31T18:50:56.0563268-03:00 0HN41NESQQKFQ:00000002 [INF] Request finished "HTTP/1.1" "GET" "http"://"localhost:5113""""/api/Products""" - 200 null "application/json; charset=utf-8" 270.3581ms (74253ad3)
2024-05-31T22:17:42.8960236-03:00  [INF] Now listening on: "http://localhost:5113" (d826f4b8)
2024-05-31T22:17:43.0244553-03:00  [INF] Application started. Press Ctrl+C to shut down. (dcaefe54)
2024-05-31T22:17:43.0288954-03:00  [INF] Hosting environment: "Development" (bc5a1a4e)
2024-05-31T22:17:43.0388515-03:00  [INF] Content root path: "/home/engel/repositorios/Trabalho-Final-Paradigmas-main/Trabalho Final" (cc26f24e)
2024-05-31T22:25:39.5350826-03:00 0HN41R6VHJ526:00000001 [INF] Request starting "HTTP/1.1" "GET" "http"://"localhost:5113""""/swagger/index.html""" - null null (d509f86a)
2024-05-31T22:25:39.8457359-03:00 0HN41R6VHJ526:00000001 [INF] Request finished "HTTP/1.1" "GET" "http"://"localhost:5113""""/swagger/index.html""" - 200 null "text/html;charset=utf-8" 314.6737ms (74253ad3)
2024-05-31T22:25:39.9439369-03:00 0HN41R6VHJ526:00000002 [INF] Request starting "HTTP/1.1" "GET" "http"://"localhost:5113""""/swagger/swagger-ui.css""" - null null (d509f86a)
2024-05-31T22:25:39.9900765-03:00 0HN41R6VHJ526:00000002 [INF] Sending file. Request path: '"/swagger-ui.css"'. Physical path: '"N/A"' (27b0a520)
2024-05-31T22:25:40.0023628-03:00 0HN41R6VHJ526:00000002 [INF] Request finished "HTTP/1.1" "GET" "http"://"localhost:5113""""/swagger/swagger-ui.css""" - 499 144929 "text/css" 58.3548ms (74253ad3)
2024-05-31T22:25:40.4659971-03:00 0HN41R6VHJ527:00000001 [INF] Request starting "HTTP/1.1" "GET" "http"://"localhost:5113""""/swagger/favicon-16x16.png""" - null null (d509f86a)
2024-05-31T22:25:40.4730978-03:00 0HN41R6VHJ527:00000001 [INF] Sending file. Request path: '"/favicon-16x16.png"'. Physical path: '"N/A"' (27b0a520)
2024-05-31T22:25:40.4733407-03:00 0HN41R6VHJ527:00000001 [INF] Request finished "HTTP/1.1" "GET" "http"://"localhost:5113""""/swagger/favicon-16x16.png""" - 200 665 "image/png" 7.3519ms (74253ad3)
2024-05-31T22:25:40.5629456-03:00 0HN41R6VHJ527:00000002 [INF] Request starting "HTTP/1.1" "GET" "http"://"localhost:5113""""/swagger/v1/swagger.json""" - null null (d509f86a)
2024-05-31T22:25:40.9572801-03:00 0HN41R6VHJ527:00000002 [INF] Request finished "HTTP/1.1" "GET" "http"://"localhost:5113""""/swagger/v1/swagger.json""" - 200 null "application/json;charset=utf-8" 394.3075ms (74253ad3)
2024-05-31T22:33:38.1442591-03:00 0HN41R6VHJ528:00000001 [INF] Request starting "HTTP/1.1" "DELETE" "http"://"localhost:5113""""/api/Products/1""" - null null (d509f86a)
2024-05-31T22:33:38.1546748-03:00 0HN41R6VHJ528:00000001 [INF] Executing endpoint '"ApiWebDB.Controllers.ProductsController.Delete (Trabalho Final)"' (500cc934)
2024-05-31T22:33:38.1833243-03:00 0HN41R6VHJ528:00000001 [INF] Route matched with "{action = \"Delete\", controller = \"Products\"}". Executing controller action with signature "Microsoft.AspNetCore.Mvc.ActionResult Delete(Int32)" on controller "ApiWebDB.Controllers.ProductsController" ("Trabalho Final"). (122b2fdf)
2024-05-31T22:33:40.2955189-03:00 0HN41R6VHJ528:00000001 [INF] Executed DbCommand ("79"ms) [Parameters=["@__p_0='?' (DbType = Int32)"], CommandType='Text', CommandTimeout='30']"
""SELECT t.id, t.barcode, t.barcodetype, t.costprice, t.description, t.price, t.stock
FROM tb_products AS t
WHERE t.id = @__p_0
LIMIT 1" (0723d8ff)
2024-05-31T22:33:40.5173324-03:00 0HN41R6VHJ528:00000001 [INF] Executed DbCommand ("4"ms) [Parameters=["@p0='?' (DbType = Int32)"], CommandType='Text', CommandTimeout='30']"
""DELETE FROM tb_products
WHERE id = @p0;" (0723d8ff)
2024-05-31T22:33:40.5338782-03:00 0HN41R6VHJ528:00000001 [INF] Executing StatusCodeResult, setting HTTP status code 204 (3fe03d2f)
2024-05-31T22:33:40.5405142-03:00 0HN41R6VHJ528:00000001 [INF] Executed action "ApiWebDB.Controllers.ProductsController.Delete (Trabalho Final)" in 2350.6104ms (afa2e885)
2024-05-31T22:33:40.5407325-03:00 0HN41R6VHJ528:00000001 [INF] Executed endpoint '"ApiWebDB.Controllers.ProductsController.Delete (Trabalho Final)"' (99874f2b)
2024-05-31T22:33:40.5563076-03:00 0HN41R6VHJ528:00000001 [INF] Request finished "HTTP/1.1" "DELETE" "http"://"localhost:5113""""/api/Products/1""" - 204 null null 2412.0607ms (74253ad3)
2024-05-31T22:33:48.9324946-03:00 0HN41R6VHJ528:00000002 [INF] Request starting "HTTP/1.1" "GET" "http"://"localhost:5113""""/api/Products""" - null null (d509f86a)
2024-05-31T22:33:48.9350076-03:00 0HN41R6VHJ528:00000002 [INF] Executing endpoint '"ApiWebDB.Controllers.ProductsController.Get (Trabalho Final)"' (500cc934)
2024-05-31T22:33:48.9394221-03:00 0HN41R6VHJ528:00000002 [INF] Route matched with "{action = \"Get\", controller = \"Products\"}". Executing controller action with signature "Microsoft.AspNetCore.Mvc.ActionResult`1[System.Collections.Generic.IEnumerable`1[ApiWebDB.BaseDados.Models2.TbProduct]] Get()" on controller "ApiWebDB.Controllers.ProductsController" ("Trabalho Final"). (122b2fdf)
2024-05-31T22:33:48.9646257-03:00 0HN41R6VHJ528:00000002 [INF] Executed DbCommand ("1"ms) [Parameters=[""], CommandType='Text', CommandTimeout='30']"
""SELECT t.id, t.barcode, t.barcodetype, t.costprice, t.description, t.price, t.stock
FROM tb_products AS t" (0723d8ff)
2024-05-31T22:33:48.9684316-03:00 0HN41R6VHJ528:00000002 [INF] Executing "OkObjectResult", writing value of type '"System.Collections.Generic.List`1[[ApiWebDB.BaseDados.Models2.TbProduct, Trabalho Final, Version=1.0.0.0, Culture=neutral, PublicKeyToken=null]]"'. (605b4265)
2024-05-31T22:33:49.0047077-03:00 0HN41R6VHJ528:00000002 [INF] Executed action "ApiWebDB.Controllers.ProductsController.Get (Trabalho Final)" in 65.0582ms (afa2e885)
2024-05-31T22:33:49.0048314-03:00 0HN41R6VHJ528:00000002 [INF] Executed endpoint '"ApiWebDB.Controllers.ProductsController.Get (Trabalho Final)"' (99874f2b)
2024-05-31T22:33:49.0054174-03:00 0HN41R6VHJ528:00000002 [INF] Request finished "HTTP/1.1" "GET" "http"://"localhost:5113""""/api/Products""" - 200 null "application/json; charset=utf-8" 73.2492ms (74253ad3)
2024-05-31T23:05:54.3036141-03:00  [INF] Application is shutting down... (90f52c38)
2024-05-31T23:06:09.1251940-03:00  [INF] Now listening on: "http://localhost:5113" (d826f4b8)
2024-05-31T23:06:09.1872616-03:00  [INF] Application started. Press Ctrl+C to shut down. (dcaefe54)
2024-05-31T23:06:09.1891278-03:00  [INF] Hosting environment: "Development" (bc5a1a4e)
2024-05-31T23:06:09.1893207-03:00  [INF] Content root path: "/home/engel/repositorios/Trabalho-Final-Paradigmas-main/Trabalho Final" (cc26f24e)
2024-05-31T23:06:38.7514121-03:00 0HN41RTSFD2R3:00000001 [INF] Request starting "HTTP/1.1" "GET" "http"://"localhost:5113""""/api/Products""" - null null (d509f86a)
2024-05-31T23:06:38.8883621-03:00 0HN41RTSFD2R3:00000001 [INF] Executing endpoint '"ApiWebDB.Controllers.ProductsController.Get (Trabalho Final)"' (500cc934)
2024-05-31T23:06:38.9205776-03:00 0HN41RTSFD2R3:00000001 [INF] Route matched with "{action = \"Get\", controller = \"Products\"}". Executing controller action with signature "Microsoft.AspNetCore.Mvc.ActionResult`1[System.Collections.Generic.IEnumerable`1[ApiWebDB.BaseDados.Models2.TbProduct]] Get()" on controller "ApiWebDB.Controllers.ProductsController" ("Trabalho Final"). (122b2fdf)
2024-05-31T23:06:41.0115467-03:00 0HN41RTSFD2R3:00000001 [INF] Executed DbCommand ("41"ms) [Parameters=[""], CommandType='Text', CommandTimeout='30']"
""SELECT t.id, t.barcode, t.barcodetype, t.costprice, t.description, t.price, t.stock
FROM tb_products AS t" (0723d8ff)
2024-05-31T23:06:41.0554604-03:00 0HN41RTSFD2R3:00000001 [INF] Executing "OkObjectResult", writing value of type '"System.Collections.Generic.List`1[[ApiWebDB.BaseDados.Models2.TbProduct, Trabalho Final, Version=1.0.0.0, Culture=neutral, PublicKeyToken=null]]"'. (605b4265)
2024-05-31T23:06:41.1844546-03:00 0HN41RTSFD2R3:00000001 [INF] Executed action "ApiWebDB.Controllers.ProductsController.Get (Trabalho Final)" in 2257.4469ms (afa2e885)
2024-05-31T23:06:41.1845795-03:00 0HN41RTSFD2R3:00000001 [INF] Executed endpoint '"ApiWebDB.Controllers.ProductsController.Get (Trabalho Final)"' (99874f2b)
2024-05-31T23:06:41.1996750-03:00 0HN41RTSFD2R3:00000001 [INF] Request finished "HTTP/1.1" "GET" "http"://"localhost:5113""""/api/Products""" - 200 null "application/json; charset=utf-8" 2452.942ms (74253ad3)
2024-05-31T23:07:04.8630652-03:00 0HN41RTSFD2R3:00000002 [INF] Request starting "HTTP/1.1" "POST" "http"://"localhost:5113""""/api/Products""" - "application/json" 136 (d509f86a)
2024-05-31T23:07:04.8697518-03:00 0HN41RTSFD2R3:00000002 [INF] Executing endpoint '"ApiWebDB.Controllers.ProductsController.Post (Trabalho Final)"' (500cc934)
2024-05-31T23:07:04.8871874-03:00 0HN41RTSFD2R3:00000002 [INF] Route matched with "{action = \"Post\", controller = \"Products\"}". Executing controller action with signature "Microsoft.AspNetCore.Mvc.ActionResult`1[ApiWebDB.BaseDados.Models2.TbProduct] Post(ApiWebDB.DTO.ProductDTO)" on controller "ApiWebDB.Controllers.ProductsController" ("Trabalho Final"). (122b2fdf)
2024-05-31T23:07:04.9470222-03:00 0HN41RTSFD2R3:00000002 [INF] Executed action "ApiWebDB.Controllers.ProductsController.Post (Trabalho Final)" in 59.0191ms (afa2e885)
2024-05-31T23:07:04.9482934-03:00 0HN41RTSFD2R3:00000002 [INF] Executed endpoint '"ApiWebDB.Controllers.ProductsController.Post (Trabalho Final)"' (99874f2b)
2024-05-31T23:07:04.9736892-03:00 0HN41RTSFD2R3:00000002 [ERR] An unhandled exception has occurred while executing the request. (48a46595)
ApiWebDB.Services.Exceptions.InvalidEntityException: Código de barras inválido ou não informdado.
   at ApiWebDB.Services.Validate.ProductValidator.Validate(TbProduct product) in /home/engel/repositorios/Trabalho-Final-Paradigmas-main/Trabalho Final/Services/Validate/ProductValidator.cs:line 60
   at TrabalhoFinal.Services.ProductService.Insert(ProductDTO dto) in /home/engel/repositorios/Trabalho-Final-Paradigmas-main/Trabalho Final/Services/ProductService.cs:line 66
   at ApiWebDB.Controllers.ProductsController.Post(ProductDTO dto) in /home/engel/repositorios/Trabalho-Final-Paradigmas-main/Trabalho Final/Controllers/ProductsController.cs:line 77
   at lambda_method10(Closure, Object, Object[])
   at Microsoft.AspNetCore.Mvc.Infrastructure.ActionMethodExecutor.SyncObjectResultExecutor.Execute(ActionContext actionContext, IActionResultTypeMapper mapper, ObjectMethodExecutor executor, Object controller, Object[] arguments)
   at Microsoft.AspNetCore.Mvc.Infrastructure.ControllerActionInvoker.InvokeActionMethodAsync()
   at Microsoft.AspNetCore.Mvc.Infrastructure.ControllerActionInvoker.Next(State& next, Scope& scope, Object& state, Boolean& isCompleted)
   at Microsoft.AspNetCore.Mvc.Infrastructure.ControllerActionInvoker.InvokeNextActionFilterAsync()
--- End of stack trace from previous location ---
   at Microsoft.AspNetCore.Mvc.Infrastructure.ControllerActionInvoker.Rethrow(ActionExecutedContextSealed context)
   at Microsoft.AspNetCore.Mvc.Infrastructure.ControllerActionInvoker.Next(State& next, Scope& scope, Object& state, Boolean& isCompleted)
   at Microsoft.AspNetCore.Mvc.Infrastructure.ControllerActionInvoker.InvokeInnerFilterAsync()
--- End of stack trace from previous location ---
   at Microsoft.AspNetCore.Mvc.Infrastructure.ResourceInvoker.<InvokeFilterPipelineAsync>g__Awaited|20_0(ResourceInvoker invoker, Task lastTask, State next, Scope scope, Object state, Boolean isCompleted)
   at Microsoft.AspNetCore.Mvc.Infrastructure.ResourceInvoker.<InvokeAsync>g__Logged|17_1(ResourceInvoker invoker)
   at Microsoft.AspNetCore.Mvc.Infrastructure.ResourceInvoker.<InvokeAsync>g__Logged|17_1(ResourceInvoker invoker)
   at Microsoft.AspNetCore.Routing.EndpointMiddleware.<Invoke>g__AwaitRequestTask|7_0(Endpoint endpoint, Task requestTask, ILogger logger)
   at Microsoft.AspNetCore.Authorization.AuthorizationMiddleware.Invoke(HttpContext context)
   at Swashbuckle.AspNetCore.SwaggerUI.SwaggerUIMiddleware.Invoke(HttpContext httpContext)
   at Swashbuckle.AspNetCore.Swagger.SwaggerMiddleware.Invoke(HttpContext httpContext, ISwaggerProvider swaggerProvider)
   at Microsoft.AspNetCore.Authentication.AuthenticationMiddleware.Invoke(HttpContext context)
   at Microsoft.AspNetCore.Diagnostics.DeveloperExceptionPageMiddlewareImpl.Invoke(HttpContext context)
2024-05-31T23:07:04.9818490-03:00 0HN41RTSFD2R3:00000002 [INF] Request finished "HTTP/1.1" "POST" "http"://"localhost:5113""""/api/Products""" - 500 null "text/plain; charset=utf-8" 118.7721ms (74253ad3)
2024-05-31T23:14:34.9281706-03:00 0HN41RTSFD2R4:00000001 [INF] Request starting "HTTP/1.1" "POST" "http"://"localhost:5113""""/api/Products""" - "application/json" 163 (d509f86a)
2024-05-31T23:14:34.9308437-03:00 0HN41RTSFD2R4:00000001 [INF] Executing endpoint '"ApiWebDB.Controllers.ProductsController.Post (Trabalho Final)"' (500cc934)
2024-05-31T23:14:34.9315023-03:00 0HN41RTSFD2R4:00000001 [INF] Route matched with "{action = \"Post\", controller = \"Products\"}". Executing controller action with signature "Microsoft.AspNetCore.Mvc.ActionResult`1[ApiWebDB.BaseDados.Models2.TbProduct] Post(ApiWebDB.DTO.ProductDTO)" on controller "ApiWebDB.Controllers.ProductsController" ("Trabalho Final"). (122b2fdf)
2024-05-31T23:14:35.7595829-03:00 0HN41RTSFD2R4:00000001 [INF] Executed DbCommand ("68"ms) [Parameters=["@p0='?', @p1='?', @p2='?' (DbType = Decimal), @p3='?', @p4='?' (DbType = Decimal), @p5='?' (DbType = Int32)"], CommandType='Text', CommandTimeout='30']"
""INSERT INTO tb_products (barcode, barcodetype, costprice, description, price, stock)
VALUES (@p0, @p1, @p2, @p3, @p4, @p5)
RETURNING id;" (0723d8ff)
2024-05-31T23:14:35.9150282-03:00 0HN41RTSFD2R4:00000001 [INF] Executed DbCommand ("11"ms) [Parameters=["@p0='?' (DbType = DateTime2), @p1='?' (DbType = Int32), @p2='?' (DbType = Int32)"], CommandType='Text', CommandTimeout='30']"
""INSERT INTO tb_stock_logs (createdat, productid, qty)
VALUES (@p0, @p1, @p2)
RETURNING id;" (0723d8ff)
2024-05-31T23:14:35.9335089-03:00 0HN41RTSFD2R4:00000001 [INF] Executing "CreatedAtActionResult", writing value of type '"ApiWebDB.BaseDados.Models2.TbProduct"'. (605b4265)
2024-05-31T23:14:35.9915518-03:00 0HN41RTSFD2R4:00000001 [INF] Executed action "ApiWebDB.Controllers.ProductsController.Post (Trabalho Final)" in 1059.5849ms (afa2e885)
2024-05-31T23:14:35.9922324-03:00 0HN41RTSFD2R4:00000001 [INF] Executed endpoint '"ApiWebDB.Controllers.ProductsController.Post (Trabalho Final)"' (99874f2b)
2024-05-31T23:14:35.9931364-03:00 0HN41RTSFD2R4:00000001 [INF] Request finished "HTTP/1.1" "POST" "http"://"localhost:5113""""/api/Products""" - 201 null "application/json; charset=utf-8" 1064.9348ms (74253ad3)
2024-05-31T23:14:42.8812492-03:00 0HN41RTSFD2R4:00000002 [INF] Request starting "HTTP/1.1" "POST" "http"://"localhost:5113""""/api/Products""" - "application/json" 162 (d509f86a)
2024-05-31T23:14:42.8816546-03:00 0HN41RTSFD2R4:00000002 [INF] Executing endpoint '"ApiWebDB.Controllers.ProductsController.Post (Trabalho Final)"' (500cc934)
2024-05-31T23:14:42.8817887-03:00 0HN41RTSFD2R4:00000002 [INF] Route matched with "{action = \"Post\", controller = \"Products\"}". Executing controller action with signature "Microsoft.AspNetCore.Mvc.ActionResult`1[ApiWebDB.BaseDados.Models2.TbProduct] Post(ApiWebDB.DTO.ProductDTO)" on controller "ApiWebDB.Controllers.ProductsController" ("Trabalho Final"). (122b2fdf)
2024-05-31T23:14:42.8896482-03:00 0HN41RTSFD2R4:00000002 [INF] Executed action "ApiWebDB.Controllers.ProductsController.Post (Trabalho Final)" in 7.6613ms (afa2e885)
2024-05-31T23:14:42.8901610-03:00 0HN41RTSFD2R4:00000002 [INF] Executed endpoint '"ApiWebDB.Controllers.ProductsController.Post (Trabalho Final)"' (99874f2b)
2024-05-31T23:14:42.8921577-03:00 0HN41RTSFD2R4:00000002 [ERR] An unhandled exception has occurred while executing the request. (48a46595)
ApiWebDB.Services.Exceptions.InvalidEntityException: Código de barras é inválido.
   at ApiWebDB.Services.Validate.ProductValidator.Validate(TbProduct product) in /home/engel/repositorios/Trabalho-Final-Paradigmas-main/Trabalho Final/Services/Validate/ProductValidator.cs:line 36
   at TrabalhoFinal.Services.ProductService.Insert(ProductDTO dto) in /home/engel/repositorios/Trabalho-Final-Paradigmas-main/Trabalho Final/Services/ProductService.cs:line 66
   at ApiWebDB.Controllers.ProductsController.Post(ProductDTO dto) in /home/engel/repositorios/Trabalho-Final-Paradigmas-main/Trabalho Final/Controllers/ProductsController.cs:line 77
   at lambda_method10(Closure, Object, Object[])
   at Microsoft.AspNetCore.Mvc.Infrastructure.ActionMethodExecutor.SyncObjectResultExecutor.Execute(ActionContext actionContext, IActionResultTypeMapper mapper, ObjectMethodExecutor executor, Object controller, Object[] arguments)
   at Microsoft.AspNetCore.Mvc.Infrastructure.ControllerActionInvoker.InvokeActionMethodAsync()
   at Microsoft.AspNetCore.Mvc.Infrastructure.ControllerActionInvoker.Next(State& next, Scope& scope, Object& state, Boolean& isCompleted)
   at Microsoft.AspNetCore.Mvc.Infrastructure.ControllerActionInvoker.InvokeNextActionFilterAsync()
--- End of stack trace from previous location ---
   at Microsoft.AspNetCore.Mvc.Infrastructure.ControllerActionInvoker.Rethrow(ActionExecutedContextSealed context)
   at Microsoft.AspNetCore.Mvc.Infrastructure.ControllerActionInvoker.Next(State& next, Scope& scope, Object& state, Boolean& isCompleted)
   at Microsoft.AspNetCore.Mvc.Infrastructure.ControllerActionInvoker.InvokeInnerFilterAsync()
--- End of stack trace from previous location ---
   at Microsoft.AspNetCore.Mvc.Infrastructure.ResourceInvoker.<InvokeFilterPipelineAsync>g__Awaited|20_0(ResourceInvoker invoker, Task lastTask, State next, Scope scope, Object state, Boolean isCompleted)
   at Microsoft.AspNetCore.Mvc.Infrastructure.ResourceInvoker.<InvokeAsync>g__Logged|17_1(ResourceInvoker invoker)
   at Microsoft.AspNetCore.Mvc.Infrastructure.ResourceInvoker.<InvokeAsync>g__Logged|17_1(ResourceInvoker invoker)
   at Microsoft.AspNetCore.Routing.EndpointMiddleware.<Invoke>g__AwaitRequestTask|7_0(Endpoint endpoint, Task requestTask, ILogger logger)
   at Microsoft.AspNetCore.Authorization.AuthorizationMiddleware.Invoke(HttpContext context)
   at Swashbuckle.AspNetCore.SwaggerUI.SwaggerUIMiddleware.Invoke(HttpContext httpContext)
   at Swashbuckle.AspNetCore.Swagger.SwaggerMiddleware.Invoke(HttpContext httpContext, ISwaggerProvider swaggerProvider)
   at Microsoft.AspNetCore.Authentication.AuthenticationMiddleware.Invoke(HttpContext context)
   at Microsoft.AspNetCore.Diagnostics.DeveloperExceptionPageMiddlewareImpl.Invoke(HttpContext context)
2024-05-31T23:14:42.8956240-03:00 0HN41RTSFD2R4:00000002 [INF] Request finished "HTTP/1.1" "POST" "http"://"localhost:5113""""/api/Products""" - 500 null "text/plain; charset=utf-8" 14.3476ms (74253ad3)
2024-05-31T23:14:56.1955524-03:00 0HN41RTSFD2R4:00000003 [INF] Request starting "HTTP/1.1" "POST" "http"://"localhost:5113""""/api/Products""" - "application/json" 163 (d509f86a)
2024-05-31T23:14:56.1958750-03:00 0HN41RTSFD2R4:00000003 [INF] Executing endpoint '"ApiWebDB.Controllers.ProductsController.Post (Trabalho Final)"' (500cc934)
2024-05-31T23:14:56.1960099-03:00 0HN41RTSFD2R4:00000003 [INF] Route matched with "{action = \"Post\", controller = \"Products\"}". Executing controller action with signature "Microsoft.AspNetCore.Mvc.ActionResult`1[ApiWebDB.BaseDados.Models2.TbProduct] Post(ApiWebDB.DTO.ProductDTO)" on controller "ApiWebDB.Controllers.ProductsController" ("Trabalho Final"). (122b2fdf)
2024-05-31T23:14:56.2990384-03:00 0HN41RTSFD2R4:00000003 [INF] Executed DbCommand ("1"ms) [Parameters=["@p0='?', @p1='?', @p2='?' (DbType = Decimal), @p3='?', @p4='?' (DbType = Decimal), @p5='?' (DbType = Int32)"], CommandType='Text', CommandTimeout='30']"
""INSERT INTO tb_products (barcode, barcodetype, costprice, description, price, stock)
VALUES (@p0, @p1, @p2, @p3, @p4, @p5)
RETURNING id;" (0723d8ff)
2024-05-31T23:14:56.3020673-03:00 0HN41RTSFD2R4:00000003 [INF] Executed DbCommand ("1"ms) [Parameters=["@p0='?' (DbType = DateTime2), @p1='?' (DbType = Int32), @p2='?' (DbType = Int32)"], CommandType='Text', CommandTimeout='30']"
""INSERT INTO tb_stock_logs (createdat, productid, qty)
VALUES (@p0, @p1, @p2)
RETURNING id;" (0723d8ff)
2024-05-31T23:14:56.3027698-03:00 0HN41RTSFD2R4:00000003 [INF] Executing "CreatedAtActionResult", writing value of type '"ApiWebDB.BaseDados.Models2.TbProduct"'. (605b4265)
2024-05-31T23:14:56.3035001-03:00 0HN41RTSFD2R4:00000003 [INF] Executed action "ApiWebDB.Controllers.ProductsController.Post (Trabalho Final)" in 107.4111ms (afa2e885)
2024-05-31T23:14:56.3037201-03:00 0HN41RTSFD2R4:00000003 [INF] Executed endpoint '"ApiWebDB.Controllers.ProductsController.Post (Trabalho Final)"' (99874f2b)
2024-05-31T23:14:56.3038923-03:00 0HN41RTSFD2R4:00000003 [INF] Request finished "HTTP/1.1" "POST" "http"://"localhost:5113""""/api/Products""" - 201 null "application/json; charset=utf-8" 108.3701ms (74253ad3)
2024-05-31T23:25:05.8611495-03:00 0HN41RTSFD2R5:00000001 [INF] Request starting "HTTP/1.1" "GET" "http"://"localhost:5113""""/api/Products/barcode/1234567890123""" - null null (d509f86a)
2024-05-31T23:25:05.8647747-03:00 0HN41RTSFD2R5:00000001 [INF] Executing endpoint '"ApiWebDB.Controllers.ProductsController.GetByBarcode (Trabalho Final)"' (500cc934)
2024-05-31T23:25:05.8694985-03:00 0HN41RTSFD2R5:00000001 [INF] Route matched with "{action = \"GetByBarcode\", controller = \"Products\"}". Executing controller action with signature "Microsoft.AspNetCore.Mvc.ActionResult`1[ApiWebDB.BaseDados.Models2.TbProduct] GetByBarcode(System.String)" on controller "ApiWebDB.Controllers.ProductsController" ("Trabalho Final"). (122b2fdf)
2024-05-31T23:25:06.2891348-03:00 0HN41RTSFD2R5:00000001 [INF] Executed DbCommand ("3"ms) [Parameters=["@__barcode_0='?'"], CommandType='Text', CommandTimeout='30']"
""SELECT t.id, t.barcode, t.barcodetype, t.costprice, t.description, t.price, t.stock
FROM tb_products AS t
WHERE t.barcode = @__barcode_0
LIMIT 1" (0723d8ff)
2024-05-31T23:25:06.3019957-03:00 0HN41RTSFD2R5:00000001 [INF] Executing "OkObjectResult", writing value of type '"ApiWebDB.BaseDados.Models2.TbProduct"'. (605b4265)
2024-05-31T23:25:06.3023890-03:00 0HN41RTSFD2R5:00000001 [INF] Executed action "ApiWebDB.Controllers.ProductsController.GetByBarcode (Trabalho Final)" in 432.8083ms (afa2e885)
2024-05-31T23:25:06.3024454-03:00 0HN41RTSFD2R5:00000001 [INF] Executed endpoint '"ApiWebDB.Controllers.ProductsController.GetByBarcode (Trabalho Final)"' (99874f2b)
2024-05-31T23:25:06.3025935-03:00 0HN41RTSFD2R5:00000001 [INF] Request finished "HTTP/1.1" "GET" "http"://"localhost:5113""""/api/Products/barcode/1234567890123""" - 200 null "application/json; charset=utf-8" 441.7294ms (74253ad3)
2024-05-31T23:25:33.1867334-03:00 0HN41RTSFD2R5:00000002 [INF] Request starting "HTTP/1.1" "PUT" "http"://"localhost:5113""""/api/Products/2/adjust-stock""" - "application/json" 3 (d509f86a)
2024-05-31T23:25:33.1915819-03:00 0HN41RTSFD2R5:00000002 [INF] Executing endpoint '"ApiWebDB.Controllers.ProductsController.AdjustStock (Trabalho Final)"' (500cc934)
2024-05-31T23:25:33.1962330-03:00 0HN41RTSFD2R5:00000002 [INF] Route matched with "{action = \"AdjustStock\", controller = \"Products\"}". Executing controller action with signature "Microsoft.AspNetCore.Mvc.ActionResult AdjustStock(Int32, Int32)" on controller "ApiWebDB.Controllers.ProductsController" ("Trabalho Final"). (122b2fdf)
2024-05-31T23:25:33.2323986-03:00 0HN41RTSFD2R5:00000002 [INF] Executed DbCommand ("1"ms) [Parameters=["@__p_0='?' (DbType = Int32)"], CommandType='Text', CommandTimeout='30']"
""SELECT t.id, t.barcode, t.barcodetype, t.costprice, t.description, t.price, t.stock
FROM tb_products AS t
WHERE t.id = @__p_0
LIMIT 1" (0723d8ff)
2024-05-31T23:25:33.2420265-03:00 0HN41RTSFD2R5:00000002 [INF] Executed DbCommand ("4"ms) [Parameters=["@p6='?' (DbType = Int32), @p0='?', @p1='?', @p2='?' (DbType = Decimal), @p3='?', @p4='?' (DbType = Decimal), @p5='?' (DbType = Int32)"], CommandType='Text', CommandTimeout='30']"
""UPDATE tb_products SET barcode = @p0, barcodetype = @p1, costprice = @p2, description = @p3, price = @p4, stock = @p5
WHERE id = @p6;" (0723d8ff)
2024-05-31T23:25:33.2460220-03:00 0HN41RTSFD2R5:00000002 [INF] Executed DbCommand ("2"ms) [Parameters=["@p0='?' (DbType = DateTime2), @p1='?' (DbType = Int32), @p2='?' (DbType = Int32)"], CommandType='Text', CommandTimeout='30']"
""INSERT INTO tb_stock_logs (createdat, productid, qty)
VALUES (@p0, @p1, @p2)
RETURNING id;" (0723d8ff)
2024-05-31T23:25:33.2527505-03:00 0HN41RTSFD2R5:00000002 [INF] Executing StatusCodeResult, setting HTTP status code 204 (3fe03d2f)
2024-05-31T23:25:33.2529018-03:00 0HN41RTSFD2R5:00000002 [INF] Executed action "ApiWebDB.Controllers.ProductsController.AdjustStock (Trabalho Final)" in 56.5376ms (afa2e885)
2024-05-31T23:25:33.2529580-03:00 0HN41RTSFD2R5:00000002 [INF] Executed endpoint '"ApiWebDB.Controllers.ProductsController.AdjustStock (Trabalho Final)"' (99874f2b)
2024-05-31T23:25:33.2534344-03:00 0HN41RTSFD2R5:00000002 [INF] Request finished "HTTP/1.1" "PUT" "http"://"localhost:5113""""/api/Products/2/adjust-stock""" - 204 null null 66.4609ms (74253ad3)
2024-05-31T23:25:46.8699095-03:00 0HN41RTSFD2R5:00000003 [INF] Request starting "HTTP/1.1" "GET" "http"://"localhost:5113""""/api/Promotions""" - null null (d509f86a)
2024-05-31T23:25:46.8701463-03:00 0HN41RTSFD2R5:00000003 [INF] Executing endpoint '"ApiWebDB.Controllers.PromotionsController.Get (Trabalho Final)"' (500cc934)
2024-05-31T23:25:46.8726753-03:00 0HN41RTSFD2R5:00000003 [INF] Route matched with "{action = \"Get\", controller = \"Promotions\"}". Executing controller action with signature "Microsoft.AspNetCore.Mvc.ActionResult`1[System.Collections.Generic.IEnumerable`1[ApiWebDB.BaseDados.Models2.TbPromotion]] Get()" on controller "ApiWebDB.Controllers.PromotionsController" ("Trabalho Final"). (122b2fdf)
2024-05-31T23:25:46.9620844-03:00 0HN41RTSFD2R5:00000003 [INF] Executed DbCommand ("1"ms) [Parameters=[""], CommandType='Text', CommandTimeout='30']"
""SELECT t.id, t.enddate, t.productid, t.promotiontype, t.startdate, t.value, t0.id, t0.barcode, t0.barcodetype, t0.costprice, t0.description, t0.price, t0.stock
FROM tb_promotions AS t
INNER JOIN tb_products AS t0 ON t.productid = t0.id" (0723d8ff)
2024-05-31T23:25:46.9624701-03:00 0HN41RTSFD2R5:00000003 [INF] Executing "OkObjectResult", writing value of type '"System.Collections.Generic.List`1[[ApiWebDB.BaseDados.Models2.TbPromotion, Trabalho Final, Version=1.0.0.0, Culture=neutral, PublicKeyToken=null]]"'. (605b4265)
2024-05-31T23:25:46.9631113-03:00 0HN41RTSFD2R5:00000003 [INF] Executed action "ApiWebDB.Controllers.PromotionsController.Get (Trabalho Final)" in 90.3095ms (afa2e885)
2024-05-31T23:25:46.9631613-03:00 0HN41RTSFD2R5:00000003 [INF] Executed endpoint '"ApiWebDB.Controllers.PromotionsController.Get (Trabalho Final)"' (99874f2b)
2024-05-31T23:25:46.9633581-03:00 0HN41RTSFD2R5:00000003 [INF] Request finished "HTTP/1.1" "GET" "http"://"localhost:5113""""/api/Promotions""" - 200 null "application/json; charset=utf-8" 93.4514ms (74253ad3)
2024-05-31T23:32:45.4650672-03:00 0HN41RTSFD2R6:00000001 [INF] Request starting "HTTP/1.1" "POST" "http"://"localhost:5113""""/api/Promotions""" - "application/json" 158 (d509f86a)
2024-05-31T23:32:45.4653955-03:00 0HN41RTSFD2R6:00000001 [INF] Executing endpoint '"ApiWebDB.Controllers.PromotionsController.Post (Trabalho Final)"' (500cc934)
2024-05-31T23:32:45.4721583-03:00 0HN41RTSFD2R6:00000001 [INF] Route matched with "{action = \"Post\", controller = \"Promotions\"}". Executing controller action with signature "Microsoft.AspNetCore.Mvc.ActionResult`1[ApiWebDB.BaseDados.Models2.TbPromotion] Post(ApiWebDB.DTO.PromotionDTO)" on controller "ApiWebDB.Controllers.PromotionsController" ("Trabalho Final"). (122b2fdf)
2024-05-31T23:32:46.1090025-03:00 0HN41RTSFD2R6:00000001 [ERR] Failed executing DbCommand ("21"ms) [Parameters=["@p0='?' (DbType = DateTime2), @p1='?' (DbType = Int32), @p2='?' (DbType = Int32), @p3='?' (DbType = DateTime2), @p4='?' (DbType = Decimal)"], CommandType='Text', CommandTimeout='30']"
""INSERT INTO tb_promotions (enddate, productid, promotiontype, startdate, value)
VALUES (@p0, @p1, @p2, @p3, @p4)
RETURNING id;" (627a98df)
2024-05-31T23:32:46.2105881-03:00 0HN41RTSFD2R6:00000001 [ERR] An exception occurred in the database while saving changes for context type '"Trabalho_Final.BaseDados.TfDbContext"'."
""Microsoft.EntityFrameworkCore.DbUpdateException: An error occurred while saving the entity changes. See the inner exception for details.
 ---> System.ArgumentException: Cannot write DateTime with Kind=UTC to PostgreSQL type 'timestamp without time zone', consider using 'timestamp with time zone'. Note that it's not possible to mix DateTimes with different Kinds in an array, range, or multirange. (Parameter 'value')
   at Npgsql.Internal.Converters.DateTimeConverterResolver`1.Get(DateTime value, Nullable`1 expectedPgTypeId, Boolean validateOnly)
   at Npgsql.Internal.Converters.DateTimeConverterResolver.<>c.<CreateResolver>b__0_0(DateTimeConverterResolver`1 resolver, DateTime value, Nullable`1 expectedPgTypeId)
   at Npgsql.Internal.Converters.DateTimeConverterResolver`1.Get(T value, Nullable`1 expectedPgTypeId)
   at Npgsql.Internal.PgConverterResolver`1.GetAsObjectInternal(PgTypeInfo typeInfo, Object value, Nullable`1 expectedPgTypeId)
   at Npgsql.Internal.PgResolverTypeInfo.GetResolutionAsObject(Object value, Nullable`1 expectedPgTypeId)
   at Npgsql.Internal.PgTypeInfo.GetObjectResolution(Object value)
   at Npgsql.NpgsqlParameter.ResolveConverter(PgTypeInfo typeInfo)
   at Npgsql.NpgsqlParameter.ResolveTypeInfo(PgSerializerOptions options)
   at Npgsql.NpgsqlParameterCollection.ProcessParameters(PgSerializerOptions options, Boolean validateValues, CommandType commandType)
   at Npgsql.NpgsqlCommand.ExecuteReader(Boolean async, CommandBehavior behavior, CancellationToken cancellationToken)
   at Npgsql.NpgsqlCommand.ExecuteReader(Boolean async, CommandBehavior behavior, CancellationToken cancellationToken)
   at Npgsql.NpgsqlCommand.ExecuteReader(CommandBehavior behavior)
   at Npgsql.NpgsqlCommand.ExecuteDbDataReader(CommandBehavior behavior)
   at Microsoft.EntityFrameworkCore.Storage.RelationalCommand.ExecuteReader(RelationalCommandParameterObject parameterObject)
   at Microsoft.EntityFrameworkCore.Update.ReaderModificationCommandBatch.Execute(IRelationalConnection connection)
   --- End of inner exception stack trace ---
   at Microsoft.EntityFrameworkCore.Update.ReaderModificationCommandBatch.Execute(IRelationalConnection connection)
   at Microsoft.EntityFrameworkCore.Update.Internal.BatchExecutor.Execute(IEnumerable`1 commandBatches, IRelationalConnection connection)
   at Microsoft.EntityFrameworkCore.Storage.RelationalDatabase.SaveChanges(IList`1 entries)
   at Microsoft.EntityFrameworkCore.ChangeTracking.Internal.StateManager.SaveChanges(IList`1 entriesToSave)
   at Microsoft.EntityFrameworkCore.ChangeTracking.Internal.StateManager.SaveChanges(StateManager stateManager, Boolean acceptAllChangesOnSuccess)
   at Microsoft.EntityFrameworkCore.ChangeTracking.Internal.StateManager.<>c.<SaveChanges>b__112_0(DbContext _, ValueTuple`2 t)
   at Npgsql.EntityFrameworkCore.PostgreSQL.Storage.Internal.NpgsqlExecutionStrategy.Execute[TState,TResult](TState state, Func`3 operation, Func`3 verifySucceeded)
   at Microsoft.EntityFrameworkCore.ChangeTracking.Internal.StateManager.SaveChanges(Boolean acceptAllChangesOnSuccess)
   at Microsoft.EntityFrameworkCore.DbContext.SaveChanges(Boolean acceptAllChangesOnSuccess)" (170f029e)
Microsoft.EntityFrameworkCore.DbUpdateException: An error occurred while saving the entity changes. See the inner exception for details.
 ---> System.ArgumentException: Cannot write DateTime with Kind=UTC to PostgreSQL type 'timestamp without time zone', consider using 'timestamp with time zone'. Note that it's not possible to mix DateTimes with different Kinds in an array, range, or multirange. (Parameter 'value')
   at Npgsql.Internal.Converters.DateTimeConverterResolver`1.Get(DateTime value, Nullable`1 expectedPgTypeId, Boolean validateOnly)
   at Npgsql.Internal.Converters.DateTimeConverterResolver.<>c.<CreateResolver>b__0_0(DateTimeConverterResolver`1 resolver, DateTime value, Nullable`1 expectedPgTypeId)
   at Npgsql.Internal.Converters.DateTimeConverterResolver`1.Get(T value, Nullable`1 expectedPgTypeId)
   at Npgsql.Internal.PgConverterResolver`1.GetAsObjectInternal(PgTypeInfo typeInfo, Object value, Nullable`1 expectedPgTypeId)
   at Npgsql.Internal.PgResolverTypeInfo.GetResolutionAsObject(Object value, Nullable`1 expectedPgTypeId)
   at Npgsql.Internal.PgTypeInfo.GetObjectResolution(Object value)
   at Npgsql.NpgsqlParameter.ResolveConverter(PgTypeInfo typeInfo)
   at Npgsql.NpgsqlParameter.ResolveTypeInfo(PgSerializerOptions options)
   at Npgsql.NpgsqlParameterCollection.ProcessParameters(PgSerializerOptions options, Boolean validateValues, CommandType commandType)
   at Npgsql.NpgsqlCommand.ExecuteReader(Boolean async, CommandBehavior behavior, CancellationToken cancellationToken)
   at Npgsql.NpgsqlCommand.ExecuteReader(Boolean async, CommandBehavior behavior, CancellationToken cancellationToken)
   at Npgsql.NpgsqlCommand.ExecuteReader(CommandBehavior behavior)
   at Npgsql.NpgsqlCommand.ExecuteDbDataReader(CommandBehavior behavior)
   at Microsoft.EntityFrameworkCore.Storage.RelationalCommand.ExecuteReader(RelationalCommandParameterObject parameterObject)
   at Microsoft.EntityFrameworkCore.Update.ReaderModificationCommandBatch.Execute(IRelationalConnection connection)
   --- End of inner exception stack trace ---
   at Microsoft.EntityFrameworkCore.Update.ReaderModificationCommandBatch.Execute(IRelationalConnection connection)
   at Microsoft.EntityFrameworkCore.Update.Internal.BatchExecutor.Execute(IEnumerable`1 commandBatches, IRelationalConnection connection)
   at Microsoft.EntityFrameworkCore.Storage.RelationalDatabase.SaveChanges(IList`1 entries)
   at Microsoft.EntityFrameworkCore.ChangeTracking.Internal.StateManager.SaveChanges(IList`1 entriesToSave)
   at Microsoft.EntityFrameworkCore.ChangeTracking.Internal.StateManager.SaveChanges(StateManager stateManager, Boolean acceptAllChangesOnSuccess)
   at Microsoft.EntityFrameworkCore.ChangeTracking.Internal.StateManager.<>c.<SaveChanges>b__112_0(DbContext _, ValueTuple`2 t)
   at Npgsql.EntityFrameworkCore.PostgreSQL.Storage.Internal.NpgsqlExecutionStrategy.Execute[TState,TResult](TState state, Func`3 operation, Func`3 verifySucceeded)
   at Microsoft.EntityFrameworkCore.ChangeTracking.Internal.StateManager.SaveChanges(Boolean acceptAllChangesOnSuccess)
   at Microsoft.EntityFrameworkCore.DbContext.SaveChanges(Boolean acceptAllChangesOnSuccess)
2024-05-31T23:32:46.2135565-03:00 0HN41RTSFD2R6:00000001 [INF] Executed action "ApiWebDB.Controllers.PromotionsController.Post (Trabalho Final)" in 741.256ms (afa2e885)
2024-05-31T23:32:46.2144158-03:00 0HN41RTSFD2R6:00000001 [INF] Executed endpoint '"ApiWebDB.Controllers.PromotionsController.Post (Trabalho Final)"' (99874f2b)
2024-05-31T23:32:46.2212134-03:00 0HN41RTSFD2R6:00000001 [ERR] An unhandled exception has occurred while executing the request. (48a46595)
Microsoft.EntityFrameworkCore.DbUpdateException: An error occurred while saving the entity changes. See the inner exception for details.
 ---> System.ArgumentException: Cannot write DateTime with Kind=UTC to PostgreSQL type 'timestamp without time zone', consider using 'timestamp with time zone'. Note that it's not possible to mix DateTimes with different Kinds in an array, range, or multirange. (Parameter 'value')
   at Npgsql.Internal.Converters.DateTimeConverterResolver`1.Get(DateTime value, Nullable`1 expectedPgTypeId, Boolean validateOnly)
   at Npgsql.Internal.Converters.DateTimeConverterResolver.<>c.<CreateResolver>b__0_0(DateTimeConverterResolver`1 resolver, DateTime value, Nullable`1 expectedPgTypeId)
   at Npgsql.Internal.Converters.DateTimeConverterResolver`1.Get(T value, Nullable`1 expectedPgTypeId)
   at Npgsql.Internal.PgConverterResolver`1.GetAsObjectInternal(PgTypeInfo typeInfo, Object value, Nullable`1 expectedPgTypeId)
   at Npgsql.Internal.PgResolverTypeInfo.GetResolutionAsObject(Object value, Nullable`1 expectedPgTypeId)
   at Npgsql.Internal.PgTypeInfo.GetObjectResolution(Object value)
   at Npgsql.NpgsqlParameter.ResolveConverter(PgTypeInfo typeInfo)
   at Npgsql.NpgsqlParameter.ResolveTypeInfo(PgSerializerOptions options)
   at Npgsql.NpgsqlParameterCollection.ProcessParameters(PgSerializerOptions options, Boolean validateValues, CommandType commandType)
   at Npgsql.NpgsqlCommand.ExecuteReader(Boolean async, CommandBehavior behavior, CancellationToken cancellationToken)
   at Npgsql.NpgsqlCommand.ExecuteReader(Boolean async, CommandBehavior behavior, CancellationToken cancellationToken)
   at Npgsql.NpgsqlCommand.ExecuteReader(CommandBehavior behavior)
   at Npgsql.NpgsqlCommand.ExecuteDbDataReader(CommandBehavior behavior)
   at Microsoft.EntityFrameworkCore.Storage.RelationalCommand.ExecuteReader(RelationalCommandParameterObject parameterObject)
   at Microsoft.EntityFrameworkCore.Update.ReaderModificationCommandBatch.Execute(IRelationalConnection connection)
   --- End of inner exception stack trace ---
   at Microsoft.EntityFrameworkCore.Update.ReaderModificationCommandBatch.Execute(IRelationalConnection connection)
   at Microsoft.EntityFrameworkCore.Update.Internal.BatchExecutor.Execute(IEnumerable`1 commandBatches, IRelationalConnection connection)
   at Microsoft.EntityFrameworkCore.Storage.RelationalDatabase.SaveChanges(IList`1 entries)
   at Microsoft.EntityFrameworkCore.ChangeTracking.Internal.StateManager.SaveChanges(IList`1 entriesToSave)
   at Microsoft.EntityFrameworkCore.ChangeTracking.Internal.StateManager.SaveChanges(StateManager stateManager, Boolean acceptAllChangesOnSuccess)
   at Microsoft.EntityFrameworkCore.ChangeTracking.Internal.StateManager.<>c.<SaveChanges>b__112_0(DbContext _, ValueTuple`2 t)
   at Npgsql.EntityFrameworkCore.PostgreSQL.Storage.Internal.NpgsqlExecutionStrategy.Execute[TState,TResult](TState state, Func`3 operation, Func`3 verifySucceeded)
   at Microsoft.EntityFrameworkCore.ChangeTracking.Internal.StateManager.SaveChanges(Boolean acceptAllChangesOnSuccess)
   at Microsoft.EntityFrameworkCore.DbContext.SaveChanges(Boolean acceptAllChangesOnSuccess)
   at Microsoft.EntityFrameworkCore.DbContext.SaveChanges()
   at TrabalhoFinal.Services.PromotionService.Insert(PromotionDTO dto) in /home/engel/repositorios/Trabalho-Final-Paradigmas-main/Trabalho Final/Services/PromotionService.cs:line 55
   at ApiWebDB.Controllers.PromotionsController.Post(PromotionDTO dto) in /home/engel/repositorios/Trabalho-Final-Paradigmas-main/Trabalho Final/Controllers/PromotionsController.cs:line 64
   at lambda_method191(Closure, Object, Object[])
   at Microsoft.AspNetCore.Mvc.Infrastructure.ActionMethodExecutor.SyncObjectResultExecutor.Execute(ActionContext actionContext, IActionResultTypeMapper mapper, ObjectMethodExecutor executor, Object controller, Object[] arguments)
   at Microsoft.AspNetCore.Mvc.Infrastructure.ControllerActionInvoker.InvokeActionMethodAsync()
   at Microsoft.AspNetCore.Mvc.Infrastructure.ControllerActionInvoker.Next(State& next, Scope& scope, Object& state, Boolean& isCompleted)
   at Microsoft.AspNetCore.Mvc.Infrastructure.ControllerActionInvoker.InvokeNextActionFilterAsync()
--- End of stack trace from previous location ---
   at Microsoft.AspNetCore.Mvc.Infrastructure.ControllerActionInvoker.Rethrow(ActionExecutedContextSealed context)
   at Microsoft.AspNetCore.Mvc.Infrastructure.ControllerActionInvoker.Next(State& next, Scope& scope, Object& state, Boolean& isCompleted)
   at Microsoft.AspNetCore.Mvc.Infrastructure.ControllerActionInvoker.InvokeInnerFilterAsync()
--- End of stack trace from previous location ---
   at Microsoft.AspNetCore.Mvc.Infrastructure.ResourceInvoker.<InvokeFilterPipelineAsync>g__Awaited|20_0(ResourceInvoker invoker, Task lastTask, State next, Scope scope, Object state, Boolean isCompleted)
   at Microsoft.AspNetCore.Mvc.Infrastructure.ResourceInvoker.<InvokeAsync>g__Logged|17_1(ResourceInvoker invoker)
   at Microsoft.AspNetCore.Mvc.Infrastructure.ResourceInvoker.<InvokeAsync>g__Logged|17_1(ResourceInvoker invoker)
   at Microsoft.AspNetCore.Routing.EndpointMiddleware.<Invoke>g__AwaitRequestTask|7_0(Endpoint endpoint, Task requestTask, ILogger logger)
   at Microsoft.AspNetCore.Authorization.AuthorizationMiddleware.Invoke(HttpContext context)
   at Swashbuckle.AspNetCore.SwaggerUI.SwaggerUIMiddleware.Invoke(HttpContext httpContext)
   at Swashbuckle.AspNetCore.Swagger.SwaggerMiddleware.Invoke(HttpContext httpContext, ISwaggerProvider swaggerProvider)
   at Microsoft.AspNetCore.Authentication.AuthenticationMiddleware.Invoke(HttpContext context)
   at Microsoft.AspNetCore.Diagnostics.DeveloperExceptionPageMiddlewareImpl.Invoke(HttpContext context)
2024-05-31T23:32:46.2312847-03:00 0HN41RTSFD2R6:00000001 [INF] Request finished "HTTP/1.1" "POST" "http"://"localhost:5113""""/api/Promotions""" - 500 null "text/plain; charset=utf-8" 766.6024ms (74253ad3)
2024-05-31T23:33:04.8022067-03:00 0HN41RTSFD2R6:00000002 [INF] Request starting "HTTP/1.1" "POST" "http"://"localhost:5113""""/api/Promotions""" - "application/json" 156 (d509f86a)
2024-05-31T23:33:04.8024302-03:00 0HN41RTSFD2R6:00000002 [INF] Executing endpoint '"ApiWebDB.Controllers.PromotionsController.Post (Trabalho Final)"' (500cc934)
2024-05-31T23:33:04.8026491-03:00 0HN41RTSFD2R6:00000002 [INF] Route matched with "{action = \"Post\", controller = \"Promotions\"}". Executing controller action with signature "Microsoft.AspNetCore.Mvc.ActionResult`1[ApiWebDB.BaseDados.Models2.TbPromotion] Post(ApiWebDB.DTO.PromotionDTO)" on controller "ApiWebDB.Controllers.PromotionsController" ("Trabalho Final"). (122b2fdf)
2024-05-31T23:33:04.8113500-03:00 0HN41RTSFD2R6:00000002 [ERR] Failed executing DbCommand ("1"ms) [Parameters=["@p0='?' (DbType = DateTime2), @p1='?' (DbType = Int32), @p2='?' (DbType = Int32), @p3='?' (DbType = DateTime2), @p4='?' (DbType = Decimal)"], CommandType='Text', CommandTimeout='30']"
""INSERT INTO tb_promotions (enddate, productid, promotiontype, startdate, value)
VALUES (@p0, @p1, @p2, @p3, @p4)
RETURNING id;" (627a98df)
2024-05-31T23:33:04.8188281-03:00 0HN41RTSFD2R6:00000002 [ERR] An exception occurred in the database while saving changes for context type '"Trabalho_Final.BaseDados.TfDbContext"'."
""Microsoft.EntityFrameworkCore.DbUpdateException: An error occurred while saving the entity changes. See the inner exception for details.
 ---> System.ArgumentException: Cannot write DateTime with Kind=UTC to PostgreSQL type 'timestamp without time zone', consider using 'timestamp with time zone'. Note that it's not possible to mix DateTimes with different Kinds in an array, range, or multirange. (Parameter 'value')
   at Npgsql.Internal.Converters.DateTimeConverterResolver`1.Get(DateTime value, Nullable`1 expectedPgTypeId, Boolean validateOnly)
   at Npgsql.Internal.Converters.DateTimeConverterResolver.<>c.<CreateResolver>b__0_0(DateTimeConverterResolver`1 resolver, DateTime value, Nullable`1 expectedPgTypeId)
   at Npgsql.Internal.Converters.DateTimeConverterResolver`1.Get(T value, Nullable`1 expectedPgTypeId)
   at Npgsql.Internal.PgConverterResolver`1.GetAsObjectInternal(PgTypeInfo typeInfo, Object value, Nullable`1 expectedPgTypeId)
   at Npgsql.Internal.PgResolverTypeInfo.GetResolutionAsObject(Object value, Nullable`1 expectedPgTypeId)
   at Npgsql.Internal.PgTypeInfo.GetObjectResolution(Object value)
   at Npgsql.NpgsqlParameter.ResolveConverter(PgTypeInfo typeInfo)
   at Npgsql.NpgsqlParameter.ResolveTypeInfo(PgSerializerOptions options)
   at Npgsql.NpgsqlParameterCollection.ProcessParameters(PgSerializerOptions options, Boolean validateValues, CommandType commandType)
   at Npgsql.NpgsqlCommand.ExecuteReader(Boolean async, CommandBehavior behavior, CancellationToken cancellationToken)
   at Npgsql.NpgsqlCommand.ExecuteReader(Boolean async, CommandBehavior behavior, CancellationToken cancellationToken)
   at Npgsql.NpgsqlCommand.ExecuteReader(CommandBehavior behavior)
   at Npgsql.NpgsqlCommand.ExecuteDbDataReader(CommandBehavior behavior)
   at Microsoft.EntityFrameworkCore.Storage.RelationalCommand.ExecuteReader(RelationalCommandParameterObject parameterObject)
   at Microsoft.EntityFrameworkCore.Update.ReaderModificationCommandBatch.Execute(IRelationalConnection connection)
   --- End of inner exception stack trace ---
   at Microsoft.EntityFrameworkCore.Update.ReaderModificationCommandBatch.Execute(IRelationalConnection connection)
   at Microsoft.EntityFrameworkCore.Update.Internal.BatchExecutor.Execute(IEnumerable`1 commandBatches, IRelationalConnection connection)
   at Microsoft.EntityFrameworkCore.Storage.RelationalDatabase.SaveChanges(IList`1 entries)
   at Microsoft.EntityFrameworkCore.ChangeTracking.Internal.StateManager.SaveChanges(IList`1 entriesToSave)
   at Microsoft.EntityFrameworkCore.ChangeTracking.Internal.StateManager.SaveChanges(StateManager stateManager, Boolean acceptAllChangesOnSuccess)
   at Microsoft.EntityFrameworkCore.ChangeTracking.Internal.StateManager.<>c.<SaveChanges>b__112_0(DbContext _, ValueTuple`2 t)
   at Npgsql.EntityFrameworkCore.PostgreSQL.Storage.Internal.NpgsqlExecutionStrategy.Execute[TState,TResult](TState state, Func`3 operation, Func`3 verifySucceeded)
   at Microsoft.EntityFrameworkCore.ChangeTracking.Internal.StateManager.SaveChanges(Boolean acceptAllChangesOnSuccess)
   at Microsoft.EntityFrameworkCore.DbContext.SaveChanges(Boolean acceptAllChangesOnSuccess)" (170f029e)
Microsoft.EntityFrameworkCore.DbUpdateException: An error occurred while saving the entity changes. See the inner exception for details.
 ---> System.ArgumentException: Cannot write DateTime with Kind=UTC to PostgreSQL type 'timestamp without time zone', consider using 'timestamp with time zone'. Note that it's not possible to mix DateTimes with different Kinds in an array, range, or multirange. (Parameter 'value')
   at Npgsql.Internal.Converters.DateTimeConverterResolver`1.Get(DateTime value, Nullable`1 expectedPgTypeId, Boolean validateOnly)
   at Npgsql.Internal.Converters.DateTimeConverterResolver.<>c.<CreateResolver>b__0_0(DateTimeConverterResolver`1 resolver, DateTime value, Nullable`1 expectedPgTypeId)
   at Npgsql.Internal.Converters.DateTimeConverterResolver`1.Get(T value, Nullable`1 expectedPgTypeId)
   at Npgsql.Internal.PgConverterResolver`1.GetAsObjectInternal(PgTypeInfo typeInfo, Object value, Nullable`1 expectedPgTypeId)
   at Npgsql.Internal.PgResolverTypeInfo.GetResolutionAsObject(Object value, Nullable`1 expectedPgTypeId)
   at Npgsql.Internal.PgTypeInfo.GetObjectResolution(Object value)
   at Npgsql.NpgsqlParameter.ResolveConverter(PgTypeInfo typeInfo)
   at Npgsql.NpgsqlParameter.ResolveTypeInfo(PgSerializerOptions options)
   at Npgsql.NpgsqlParameterCollection.ProcessParameters(PgSerializerOptions options, Boolean validateValues, CommandType commandType)
   at Npgsql.NpgsqlCommand.ExecuteReader(Boolean async, CommandBehavior behavior, CancellationToken cancellationToken)
   at Npgsql.NpgsqlCommand.ExecuteReader(Boolean async, CommandBehavior behavior, CancellationToken cancellationToken)
   at Npgsql.NpgsqlCommand.ExecuteReader(CommandBehavior behavior)
   at Npgsql.NpgsqlCommand.ExecuteDbDataReader(CommandBehavior behavior)
   at Microsoft.EntityFrameworkCore.Storage.RelationalCommand.ExecuteReader(RelationalCommandParameterObject parameterObject)
   at Microsoft.EntityFrameworkCore.Update.ReaderModificationCommandBatch.Execute(IRelationalConnection connection)
   --- End of inner exception stack trace ---
   at Microsoft.EntityFrameworkCore.Update.ReaderModificationCommandBatch.Execute(IRelationalConnection connection)
   at Microsoft.EntityFrameworkCore.Update.Internal.BatchExecutor.Execute(IEnumerable`1 commandBatches, IRelationalConnection connection)
   at Microsoft.EntityFrameworkCore.Storage.RelationalDatabase.SaveChanges(IList`1 entries)
   at Microsoft.EntityFrameworkCore.ChangeTracking.Internal.StateManager.SaveChanges(IList`1 entriesToSave)
   at Microsoft.EntityFrameworkCore.ChangeTracking.Internal.StateManager.SaveChanges(StateManager stateManager, Boolean acceptAllChangesOnSuccess)
   at Microsoft.EntityFrameworkCore.ChangeTracking.Internal.StateManager.<>c.<SaveChanges>b__112_0(DbContext _, ValueTuple`2 t)
   at Npgsql.EntityFrameworkCore.PostgreSQL.Storage.Internal.NpgsqlExecutionStrategy.Execute[TState,TResult](TState state, Func`3 operation, Func`3 verifySucceeded)
   at Microsoft.EntityFrameworkCore.ChangeTracking.Internal.StateManager.SaveChanges(Boolean acceptAllChangesOnSuccess)
   at Microsoft.EntityFrameworkCore.DbContext.SaveChanges(Boolean acceptAllChangesOnSuccess)
   at Microsoft.EntityFrameworkCore.DbContext.SaveChanges()
   at TrabalhoFinal.Services.PromotionService.Insert(PromotionDTO dto) in /home/engel/repositorios/Trabalho-Final-Paradigmas-main/Trabalho Final/Services/PromotionService.cs:line 55
   at ApiWebDB.Controllers.PromotionsController.Post(PromotionDTO dto) in /home/engel/repositorios/Trabalho-Final-Paradigmas-main/Trabalho Final/Controllers/PromotionsController.cs:line 64
   at lambda_method191(Closure, Object, Object[])
   at Microsoft.AspNetCore.Mvc.Infrastructure.ActionMethodExecutor.SyncObjectResultExecutor.Execute(ActionContext actionContext, IActionResultTypeMapper mapper, ObjectMethodExecutor executor, Object controller, Object[] arguments)
   at Microsoft.AspNetCore.Mvc.Infrastructure.ControllerActionInvoker.InvokeActionMethodAsync()
   at Microsoft.AspNetCore.Mvc.Infrastructure.ControllerActionInvoker.Next(State& next, Scope& scope, Object& state, Boolean& isCompleted)
   at Microsoft.AspNetCore.Mvc.Infrastructure.ControllerActionInvoker.InvokeNextActionFilterAsync()
--- End of stack trace from previous location ---
   at Microsoft.AspNetCore.Mvc.Infrastructure.ControllerActionInvoker.Rethrow(ActionExecutedContextSealed context)
   at Microsoft.AspNetCore.Mvc.Infrastructure.ControllerActionInvoker.Next(State& next, Scope& scope, Object& state, Boolean& isCompleted)
   at Microsoft.AspNetCore.Mvc.Infrastructure.ControllerActionInvoker.InvokeInnerFilterAsync()
--- End of stack trace from previous location ---
   at Microsoft.AspNetCore.Mvc.Infrastructure.ResourceInvoker.<InvokeFilterPipelineAsync>g__Awaited|20_0(ResourceInvoker invoker, Task lastTask, State next, Scope scope, Object state, Boolean isCompleted)
   at Microsoft.AspNetCore.Mvc.Infrastructure.ResourceInvoker.<InvokeAsync>g__Logged|17_1(ResourceInvoker invoker)
2024-05-31T23:33:04.8259443-03:00 0HN41RTSFD2R6:00000002 [INF] Executed action "ApiWebDB.Controllers.PromotionsController.Post (Trabalho Final)" in 23.1702ms (afa2e885)
2024-05-31T23:33:04.8264937-03:00 0HN41RTSFD2R6:00000002 [INF] Executed endpoint '"ApiWebDB.Controllers.PromotionsController.Post (Trabalho Final)"' (99874f2b)
2024-05-31T23:33:04.8317251-03:00 0HN41RTSFD2R6:00000002 [ERR] An unhandled exception has occurred while executing the request. (48a46595)
Microsoft.EntityFrameworkCore.DbUpdateException: An error occurred while saving the entity changes. See the inner exception for details.
 ---> System.ArgumentException: Cannot write DateTime with Kind=UTC to PostgreSQL type 'timestamp without time zone', consider using 'timestamp with time zone'. Note that it's not possible to mix DateTimes with different Kinds in an array, range, or multirange. (Parameter 'value')
   at Npgsql.Internal.Converters.DateTimeConverterResolver`1.Get(DateTime value, Nullable`1 expectedPgTypeId, Boolean validateOnly)
   at Npgsql.Internal.Converters.DateTimeConverterResolver.<>c.<CreateResolver>b__0_0(DateTimeConverterResolver`1 resolver, DateTime value, Nullable`1 expectedPgTypeId)
   at Npgsql.Internal.Converters.DateTimeConverterResolver`1.Get(T value, Nullable`1 expectedPgTypeId)
   at Npgsql.Internal.PgConverterResolver`1.GetAsObjectInternal(PgTypeInfo typeInfo, Object value, Nullable`1 expectedPgTypeId)
   at Npgsql.Internal.PgResolverTypeInfo.GetResolutionAsObject(Object value, Nullable`1 expectedPgTypeId)
   at Npgsql.Internal.PgTypeInfo.GetObjectResolution(Object value)
   at Npgsql.NpgsqlParameter.ResolveConverter(PgTypeInfo typeInfo)
   at Npgsql.NpgsqlParameter.ResolveTypeInfo(PgSerializerOptions options)
   at Npgsql.NpgsqlParameterCollection.ProcessParameters(PgSerializerOptions options, Boolean validateValues, CommandType commandType)
   at Npgsql.NpgsqlCommand.ExecuteReader(Boolean async, CommandBehavior behavior, CancellationToken cancellationToken)
   at Npgsql.NpgsqlCommand.ExecuteReader(Boolean async, CommandBehavior behavior, CancellationToken cancellationToken)
   at Npgsql.NpgsqlCommand.ExecuteReader(CommandBehavior behavior)
   at Npgsql.NpgsqlCommand.ExecuteDbDataReader(CommandBehavior behavior)
   at Microsoft.EntityFrameworkCore.Storage.RelationalCommand.ExecuteReader(RelationalCommandParameterObject parameterObject)
   at Microsoft.EntityFrameworkCore.Update.ReaderModificationCommandBatch.Execute(IRelationalConnection connection)
   --- End of inner exception stack trace ---
   at Microsoft.EntityFrameworkCore.Update.ReaderModificationCommandBatch.Execute(IRelationalConnection connection)
   at Microsoft.EntityFrameworkCore.Update.Internal.BatchExecutor.Execute(IEnumerable`1 commandBatches, IRelationalConnection connection)
   at Microsoft.EntityFrameworkCore.Storage.RelationalDatabase.SaveChanges(IList`1 entries)
   at Microsoft.EntityFrameworkCore.ChangeTracking.Internal.StateManager.SaveChanges(IList`1 entriesToSave)
   at Microsoft.EntityFrameworkCore.ChangeTracking.Internal.StateManager.SaveChanges(StateManager stateManager, Boolean acceptAllChangesOnSuccess)
   at Microsoft.EntityFrameworkCore.ChangeTracking.Internal.StateManager.<>c.<SaveChanges>b__112_0(DbContext _, ValueTuple`2 t)
   at Npgsql.EntityFrameworkCore.PostgreSQL.Storage.Internal.NpgsqlExecutionStrategy.Execute[TState,TResult](TState state, Func`3 operation, Func`3 verifySucceeded)
   at Microsoft.EntityFrameworkCore.ChangeTracking.Internal.StateManager.SaveChanges(Boolean acceptAllChangesOnSuccess)
   at Microsoft.EntityFrameworkCore.DbContext.SaveChanges(Boolean acceptAllChangesOnSuccess)
   at Microsoft.EntityFrameworkCore.DbContext.SaveChanges()
   at TrabalhoFinal.Services.PromotionService.Insert(PromotionDTO dto) in /home/engel/repositorios/Trabalho-Final-Paradigmas-main/Trabalho Final/Services/PromotionService.cs:line 55
   at ApiWebDB.Controllers.PromotionsController.Post(PromotionDTO dto) in /home/engel/repositorios/Trabalho-Final-Paradigmas-main/Trabalho Final/Controllers/PromotionsController.cs:line 64
   at lambda_method191(Closure, Object, Object[])
   at Microsoft.AspNetCore.Mvc.Infrastructure.ActionMethodExecutor.SyncObjectResultExecutor.Execute(ActionContext actionContext, IActionResultTypeMapper mapper, ObjectMethodExecutor executor, Object controller, Object[] arguments)
   at Microsoft.AspNetCore.Mvc.Infrastructure.ControllerActionInvoker.InvokeActionMethodAsync()
   at Microsoft.AspNetCore.Mvc.Infrastructure.ControllerActionInvoker.Next(State& next, Scope& scope, Object& state, Boolean& isCompleted)
   at Microsoft.AspNetCore.Mvc.Infrastructure.ControllerActionInvoker.InvokeNextActionFilterAsync()
--- End of stack trace from previous location ---
   at Microsoft.AspNetCore.Mvc.Infrastructure.ControllerActionInvoker.Rethrow(ActionExecutedContextSealed context)
   at Microsoft.AspNetCore.Mvc.Infrastructure.ControllerActionInvoker.Next(State& next, Scope& scope, Object& state, Boolean& isCompleted)
   at Microsoft.AspNetCore.Mvc.Infrastructure.ControllerActionInvoker.InvokeInnerFilterAsync()
--- End of stack trace from previous location ---
   at Microsoft.AspNetCore.Mvc.Infrastructure.ResourceInvoker.<InvokeFilterPipelineAsync>g__Awaited|20_0(ResourceInvoker invoker, Task lastTask, State next, Scope scope, Object state, Boolean isCompleted)
   at Microsoft.AspNetCore.Mvc.Infrastructure.ResourceInvoker.<InvokeAsync>g__Logged|17_1(ResourceInvoker invoker)
   at Microsoft.AspNetCore.Mvc.Infrastructure.ResourceInvoker.<InvokeAsync>g__Logged|17_1(ResourceInvoker invoker)
   at Microsoft.AspNetCore.Routing.EndpointMiddleware.<Invoke>g__AwaitRequestTask|7_0(Endpoint endpoint, Task requestTask, ILogger logger)
   at Microsoft.AspNetCore.Authorization.AuthorizationMiddleware.Invoke(HttpContext context)
   at Swashbuckle.AspNetCore.SwaggerUI.SwaggerUIMiddleware.Invoke(HttpContext httpContext)
   at Swashbuckle.AspNetCore.Swagger.SwaggerMiddleware.Invoke(HttpContext httpContext, ISwaggerProvider swaggerProvider)
   at Microsoft.AspNetCore.Authentication.AuthenticationMiddleware.Invoke(HttpContext context)
   at Microsoft.AspNetCore.Diagnostics.DeveloperExceptionPageMiddlewareImpl.Invoke(HttpContext context)
2024-05-31T23:33:04.8370722-03:00 0HN41RTSFD2R6:00000002 [INF] Request finished "HTTP/1.1" "POST" "http"://"localhost:5113""""/api/Promotions""" - 500 null "text/plain; charset=utf-8" 34.8505ms (74253ad3)
2024-05-31T23:36:59.3309791-03:00  [INF] Application is shutting down... (90f52c38)
2024-05-31T23:38:41.0180354-03:00  [INF] Now listening on: "http://localhost:5113" (d826f4b8)
2024-05-31T23:38:41.1628239-03:00  [INF] Application started. Press Ctrl+C to shut down. (dcaefe54)
2024-05-31T23:38:41.1647767-03:00  [INF] Hosting environment: "Development" (bc5a1a4e)
2024-05-31T23:38:41.1649281-03:00  [INF] Content root path: "/home/engel/repositorios/Trabalho-Final-Paradigmas-main/Trabalho Final" (cc26f24e)
2024-05-31T23:40:48.3006016-03:00 0HN41SGV9H1V6:00000001 [INF] Request starting "HTTP/1.1" "GET" "http"://"localhost:5113""""/swagger/index.html""" - null null (d509f86a)
2024-05-31T23:40:48.5974799-03:00 0HN41SGV9H1V6:00000001 [INF] Request finished "HTTP/1.1" "GET" "http"://"localhost:5113""""/swagger/index.html""" - 200 null "text/html;charset=utf-8" 299.5159ms (74253ad3)
2024-05-31T23:40:48.8301701-03:00 0HN41SGV9H1V6:00000002 [INF] Request starting "HTTP/1.1" "GET" "http"://"localhost:5113""""/swagger/favicon-16x16.png""" - null null (d509f86a)
2024-05-31T23:40:48.8658465-03:00 0HN41SGV9H1V6:00000002 [INF] Sending file. Request path: '"/favicon-16x16.png"'. Physical path: '"N/A"' (27b0a520)
2024-05-31T23:40:48.8666867-03:00 0HN41SGV9H1V6:00000002 [INF] Request finished "HTTP/1.1" "GET" "http"://"localhost:5113""""/swagger/favicon-16x16.png""" - 200 665 "image/png" 35.9985ms (74253ad3)
2024-05-31T23:40:48.9107511-03:00 0HN41SGV9H1V7:00000001 [INF] Request starting "HTTP/1.1" "GET" "http"://"localhost:5113""""/swagger/v1/swagger.json""" - null null (d509f86a)
2024-05-31T23:40:49.1926610-03:00 0HN41SGV9H1V7:00000001 [INF] Request finished "HTTP/1.1" "GET" "http"://"localhost:5113""""/swagger/v1/swagger.json""" - 200 null "application/json;charset=utf-8" 281.8723ms (74253ad3)
