2024-05-22T19:40:51.6420821-03:00  [INF] Now listening on: "http://localhost:5113" (d826f4b8)
2024-05-22T19:40:51.7373072-03:00  [INF] Application started. Press Ctrl+C to shut down. (dcaefe54)
2024-05-22T19:40:51.7381540-03:00  [INF] Hosting environment: "Development" (bc5a1a4e)
2024-05-22T19:40:51.7382313-03:00  [INF] Content root path: "C:\Aula Juliano\Aula-Juliano\Trabalho Final" (cc26f24e)
2024-05-22T19:40:52.3928212-03:00 0HN3QM0U1HGH4:00000001 [INF] Request starting "HTTP/1.1" "GET" "http"://"localhost:5113""""/swagger/index.html""" - null null (d509f86a)
2024-05-22T19:40:52.7791286-03:00 0HN3QM0U1HGH4:00000001 [INF] Request finished "HTTP/1.1" "GET" "http"://"localhost:5113""""/swagger/index.html""" - 200 null "text/html;charset=utf-8" 388.7058ms (74253ad3)
2024-05-22T19:40:53.2530666-03:00 0HN3QM0U1HGH4:00000002 [INF] Request starting "HTTP/1.1" "GET" "http"://"localhost:5113""""/_framework/aspnetcore-browser-refresh.js""" - null null (d509f86a)
2024-05-22T19:40:53.2530919-03:00 0HN3QM0U1HGH3:00000001 [INF] Request starting "HTTP/1.1" "GET" "http"://"localhost:5113""""/_vs/browserLink""" - null null (d509f86a)
2024-05-22T19:40:53.2563445-03:00 0HN3QM0U1HGH4:00000002 [INF] Request finished "HTTP/1.1" "GET" "http"://"localhost:5113""""/_framework/aspnetcore-browser-refresh.js""" - 200 13764 "application/javascript; charset=utf-8" 2.9938ms (74253ad3)
2024-05-22T19:40:53.3110216-03:00 0HN3QM0U1HGH3:00000001 [INF] Request finished "HTTP/1.1" "GET" "http"://"localhost:5113""""/_vs/browserLink""" - 200 null "text/javascript; charset=UTF-8" 57.9609ms (74253ad3)
2024-05-22T19:40:53.4416058-03:00 0HN3QM0U1HGH3:00000002 [INF] Request starting "HTTP/1.1" "GET" "http"://"localhost:5113""""/swagger/v1/swagger.json""" - null null (d509f86a)
2024-05-22T19:40:53.5715444-03:00 0HN3QM0U1HGH3:00000002 [INF] Request finished "HTTP/1.1" "GET" "http"://"localhost:5113""""/swagger/v1/swagger.json""" - 200 null "application/json;charset=utf-8" 129.8153ms (74253ad3)
2024-05-22T19:46:47.7010929-03:00  [INF] Now listening on: "http://localhost:5113" (d826f4b8)
2024-05-22T19:46:47.7698338-03:00  [INF] Application started. Press Ctrl+C to shut down. (dcaefe54)
2024-05-22T19:46:47.7707453-03:00  [INF] Hosting environment: "Development" (bc5a1a4e)
2024-05-22T19:46:47.7708192-03:00  [INF] Content root path: "C:\Aula Juliano\Aula-Juliano\Trabalho Final" (cc26f24e)
2024-05-22T19:46:48.0339195-03:00 0HN3QM482AJ8L:00000001 [INF] Request starting "HTTP/1.1" "GET" "http"://"localhost:5113""""/swagger/index.html""" - null null (d509f86a)
2024-05-22T19:46:48.1717646-03:00 0HN3QM482AJ8L:00000001 [INF] Request finished "HTTP/1.1" "GET" "http"://"localhost:5113""""/swagger/index.html""" - 200 null "text/html;charset=utf-8" 141.2168ms (74253ad3)
2024-05-22T19:46:48.2543166-03:00 0HN3QM482AJ8L:00000002 [INF] Request starting "HTTP/1.1" "GET" "http"://"localhost:5113""""/_framework/aspnetcore-browser-refresh.js""" - null null (d509f86a)
2024-05-22T19:46:48.2553562-03:00 0HN3QM482AJ8K:00000001 [INF] Request starting "HTTP/1.1" "GET" "http"://"localhost:5113""""/_vs/browserLink""" - null null (d509f86a)
2024-05-22T19:46:48.2574304-03:00 0HN3QM482AJ8L:00000002 [INF] Request finished "HTTP/1.1" "GET" "http"://"localhost:5113""""/_framework/aspnetcore-browser-refresh.js""" - 200 13764 "application/javascript; charset=utf-8" 2.7016ms (74253ad3)
2024-05-22T19:46:48.2936347-03:00 0HN3QM482AJ8K:00000001 [INF] Request finished "HTTP/1.1" "GET" "http"://"localhost:5113""""/_vs/browserLink""" - 200 null "text/javascript; charset=UTF-8" 38.1379ms (74253ad3)
2024-05-22T19:46:48.4047385-03:00 0HN3QM482AJ8K:00000002 [INF] Request starting "HTTP/1.1" "GET" "http"://"localhost:5113""""/swagger/v1/swagger.json""" - null null (d509f86a)
2024-05-22T19:46:48.4250548-03:00 0HN3QM482AJ8K:00000002 [INF] Request finished "HTTP/1.1" "GET" "http"://"localhost:5113""""/swagger/v1/swagger.json""" - 200 null "application/json;charset=utf-8" 20.1577ms (74253ad3)
2024-05-22T19:47:44.9192874-03:00 0HN3QM482AJ8M:00000001 [INF] Request starting "HTTP/1.1" "GET" "http"://"localhost:5113""""/swagger/favicon-32x32.png""" - null null (d509f86a)
2024-05-22T19:47:44.9306387-03:00 0HN3QM482AJ8M:00000001 [INF] Sending file. Request path: '"/favicon-32x32.png"'. Physical path: '"N/A"' (27b0a520)
2024-05-22T19:47:44.9308088-03:00 0HN3QM482AJ8M:00000001 [INF] Request finished "HTTP/1.1" "GET" "http"://"localhost:5113""""/swagger/favicon-32x32.png""" - 200 628 "image/png" 11.5782ms (74253ad3)
2024-05-22T19:54:38.8921928-03:00  [INF] Now listening on: "http://localhost:5113" (d826f4b8)
2024-05-22T19:54:38.9627972-03:00  [INF] Application started. Press Ctrl+C to shut down. (dcaefe54)
2024-05-22T19:54:38.9634898-03:00  [INF] Hosting environment: "Development" (bc5a1a4e)
2024-05-22T19:54:38.9635355-03:00  [INF] Content root path: "C:\Aula Juliano\Aula-Juliano\Trabalho Final" (cc26f24e)
2024-05-22T19:54:39.3128424-03:00 0HN3QM8KGKGOS:00000001 [INF] Request starting "HTTP/1.1" "GET" "http"://"localhost:5113""""/swagger/index.html""" - null null (d509f86a)
2024-05-22T19:54:39.4827439-03:00 0HN3QM8KGKGOS:00000001 [INF] Request finished "HTTP/1.1" "GET" "http"://"localhost:5113""""/swagger/index.html""" - 200 null "text/html;charset=utf-8" 172.8364ms (74253ad3)
2024-05-22T19:54:39.5717169-03:00 0HN3QM8KGKGOT:00000001 [INF] Request starting "HTTP/1.1" "GET" "http"://"localhost:5113""""/_vs/browserLink""" - null null (d509f86a)
2024-05-22T19:54:39.5717097-03:00 0HN3QM8KGKGOS:00000002 [INF] Request starting "HTTP/1.1" "GET" "http"://"localhost:5113""""/_framework/aspnetcore-browser-refresh.js""" - null null (d509f86a)
2024-05-22T19:54:39.5747930-03:00 0HN3QM8KGKGOS:00000002 [INF] Request finished "HTTP/1.1" "GET" "http"://"localhost:5113""""/_framework/aspnetcore-browser-refresh.js""" - 200 13764 "application/javascript; charset=utf-8" 2.1167ms (74253ad3)
2024-05-22T19:54:39.6172084-03:00 0HN3QM8KGKGOT:00000001 [INF] Request finished "HTTP/1.1" "GET" "http"://"localhost:5113""""/_vs/browserLink""" - 200 null "text/javascript; charset=UTF-8" 45.499ms (74253ad3)
2024-05-22T19:54:39.7008013-03:00 0HN3QM8KGKGOT:00000002 [INF] Request starting "HTTP/1.1" "GET" "http"://"localhost:5113""""/swagger/v1/swagger.json""" - null null (d509f86a)
2024-05-22T19:54:39.8004104-03:00 0HN3QM8KGKGOT:00000002 [INF] Request finished "HTTP/1.1" "GET" "http"://"localhost:5113""""/swagger/v1/swagger.json""" - 200 null "application/json;charset=utf-8" 99.5842ms (74253ad3)
2024-05-22T20:02:01.0389056-03:00  [INF] Now listening on: "http://localhost:5113" (d826f4b8)
2024-05-22T20:02:01.1099870-03:00  [INF] Application started. Press Ctrl+C to shut down. (dcaefe54)
2024-05-22T20:02:01.1109755-03:00  [INF] Hosting environment: "Development" (bc5a1a4e)
2024-05-22T20:02:01.1110134-03:00  [INF] Content root path: "C:\Aula Juliano\Aula-Juliano\Trabalho Final" (cc26f24e)
2024-05-22T20:02:01.3502711-03:00 0HN3QMCO8CBAR:00000001 [INF] Request starting "HTTP/1.1" "GET" "http"://"localhost:5113""""/swagger/index.html""" - null null (d509f86a)
2024-05-22T20:02:01.4868549-03:00 0HN3QMCO8CBAR:00000001 [INF] Request finished "HTTP/1.1" "GET" "http"://"localhost:5113""""/swagger/index.html""" - 200 null "text/html;charset=utf-8" 137.9101ms (74253ad3)
2024-05-22T20:02:01.5807130-03:00 0HN3QMCO8CBAR:00000002 [INF] Request starting "HTTP/1.1" "GET" "http"://"localhost:5113""""/_framework/aspnetcore-browser-refresh.js""" - null null (d509f86a)
2024-05-22T20:02:01.5811774-03:00 0HN3QMCO8CBAS:00000001 [INF] Request starting "HTTP/1.1" "GET" "http"://"localhost:5113""""/_vs/browserLink""" - null null (d509f86a)
2024-05-22T20:02:01.5829388-03:00 0HN3QMCO8CBAR:00000002 [INF] Request finished "HTTP/1.1" "GET" "http"://"localhost:5113""""/_framework/aspnetcore-browser-refresh.js""" - 200 13764 "application/javascript; charset=utf-8" 2.7815ms (74253ad3)
2024-05-22T20:02:01.6058538-03:00 0HN3QMCO8CBAS:00000001 [INF] Request finished "HTTP/1.1" "GET" "http"://"localhost:5113""""/_vs/browserLink""" - 200 null "text/javascript; charset=UTF-8" 24.633ms (74253ad3)
2024-05-22T20:02:01.7068726-03:00 0HN3QMCO8CBAS:00000002 [INF] Request starting "HTTP/1.1" "GET" "http"://"localhost:5113""""/swagger/v1/swagger.json""" - null null (d509f86a)
2024-05-22T20:02:01.8199507-03:00 0HN3QMCO8CBAS:00000002 [INF] Request finished "HTTP/1.1" "GET" "http"://"localhost:5113""""/swagger/v1/swagger.json""" - 200 null "application/json;charset=utf-8" 113.0782ms (74253ad3)
2024-05-22T20:04:55.5355226-03:00  [INF] Now listening on: "http://localhost:5113" (d826f4b8)
2024-05-22T20:04:55.6017415-03:00  [INF] Application started. Press Ctrl+C to shut down. (dcaefe54)
2024-05-22T20:04:55.6027017-03:00  [INF] Hosting environment: "Development" (bc5a1a4e)
2024-05-22T20:04:55.6027437-03:00  [INF] Content root path: "C:\Aula Juliano\Aula-Juliano\Trabalho Final" (cc26f24e)
2024-05-22T20:04:55.8486471-03:00 0HN3QMEC8FUTH:00000001 [INF] Request starting "HTTP/1.1" "GET" "http"://"localhost:5113""""/swagger/index.html""" - null null (d509f86a)
2024-05-22T20:04:55.9792735-03:00 0HN3QMEC8FUTH:00000001 [INF] Request finished "HTTP/1.1" "GET" "http"://"localhost:5113""""/swagger/index.html""" - 200 null "text/html;charset=utf-8" 133.3327ms (74253ad3)
2024-05-22T20:04:56.0597916-03:00 0HN3QMEC8FUTH:00000002 [INF] Request starting "HTTP/1.1" "GET" "http"://"localhost:5113""""/_framework/aspnetcore-browser-refresh.js""" - null null (d509f86a)
2024-05-22T20:04:56.0597917-03:00 0HN3QMEC8FUTI:00000001 [INF] Request starting "HTTP/1.1" "GET" "http"://"localhost:5113""""/_vs/browserLink""" - null null (d509f86a)
2024-05-22T20:04:56.0623294-03:00 0HN3QMEC8FUTH:00000002 [INF] Request finished "HTTP/1.1" "GET" "http"://"localhost:5113""""/_framework/aspnetcore-browser-refresh.js""" - 200 13764 "application/javascript; charset=utf-8" 1.8084ms (74253ad3)
2024-05-22T20:04:56.0887148-03:00 0HN3QMEC8FUTI:00000001 [INF] Request finished "HTTP/1.1" "GET" "http"://"localhost:5113""""/_vs/browserLink""" - 200 null "text/javascript; charset=UTF-8" 28.9535ms (74253ad3)
2024-05-22T20:04:56.1906272-03:00 0HN3QMEC8FUTI:00000002 [INF] Request starting "HTTP/1.1" "GET" "http"://"localhost:5113""""/swagger/v1/swagger.json""" - null null (d509f86a)
2024-05-22T20:04:56.2954872-03:00 0HN3QMEC8FUTI:00000002 [INF] Request finished "HTTP/1.1" "GET" "http"://"localhost:5113""""/swagger/v1/swagger.json""" - 200 null "application/json;charset=utf-8" 104.8424ms (74253ad3)
2024-05-22T20:07:02.3233420-03:00  [INF] Now listening on: "http://localhost:5113" (d826f4b8)
2024-05-22T20:07:02.3931904-03:00  [INF] Application started. Press Ctrl+C to shut down. (dcaefe54)
2024-05-22T20:07:02.3940081-03:00  [INF] Hosting environment: "Development" (bc5a1a4e)
2024-05-22T20:07:02.3940696-03:00  [INF] Content root path: "C:\Aula Juliano\Aula-Juliano\Trabalho Final" (cc26f24e)
2024-05-22T20:07:02.6387533-03:00 0HN3QMFI1P3I5:00000001 [INF] Request starting "HTTP/1.1" "GET" "http"://"localhost:5113""""/swagger/index.html""" - null null (d509f86a)
2024-05-22T20:07:02.7694368-03:00 0HN3QMFI1P3I5:00000001 [INF] Request finished "HTTP/1.1" "GET" "http"://"localhost:5113""""/swagger/index.html""" - 200 null "text/html;charset=utf-8" 131.7786ms (74253ad3)
2024-05-22T20:07:02.8489941-03:00 0HN3QMFI1P3I6:00000001 [INF] Request starting "HTTP/1.1" "GET" "http"://"localhost:5113""""/_vs/browserLink""" - null null (d509f86a)
2024-05-22T20:07:02.8489943-03:00 0HN3QMFI1P3I5:00000002 [INF] Request starting "HTTP/1.1" "GET" "http"://"localhost:5113""""/_framework/aspnetcore-browser-refresh.js""" - null null (d509f86a)
2024-05-22T20:07:02.8507704-03:00 0HN3QMFI1P3I5:00000002 [INF] Request finished "HTTP/1.1" "GET" "http"://"localhost:5113""""/_framework/aspnetcore-browser-refresh.js""" - 200 13764 "application/javascript; charset=utf-8" 1.6992ms (74253ad3)
2024-05-22T20:07:02.8753818-03:00 0HN3QMFI1P3I6:00000001 [INF] Request finished "HTTP/1.1" "GET" "http"://"localhost:5113""""/_vs/browserLink""" - 200 null "text/javascript; charset=UTF-8" 26.3756ms (74253ad3)
2024-05-22T20:07:02.9725506-03:00 0HN3QMFI1P3I6:00000002 [INF] Request starting "HTTP/1.1" "GET" "http"://"localhost:5113""""/swagger/v1/swagger.json""" - null null (d509f86a)
2024-05-22T20:07:03.0755637-03:00 0HN3QMFI1P3I6:00000002 [INF] Request finished "HTTP/1.1" "GET" "http"://"localhost:5113""""/swagger/v1/swagger.json""" - 200 null "application/json;charset=utf-8" 102.9813ms (74253ad3)
