2024-04-30T19:46:59.5217956-03:00  [INF] Now listening on: "http://localhost:5093" (d826f4b8)
2024-04-30T19:46:59.6902644-03:00  [INF] Application started. Press Ctrl+C to shut down. (dcaefe54)
2024-04-30T19:46:59.6914570-03:00  [INF] Hosting environment: "Development" (bc5a1a4e)
2024-04-30T19:46:59.6915381-03:00  [INF] Content root path: "C:\Users\Sr.Orlandi\Documents\GitHub\Paradgmas-de-Programa-o\Trab_T2\ApiWebDB" (cc26f24e)
2024-04-30T19:47:01.8152036-03:00 0HN39CTP461CI:00000001 [INF] Request starting "HTTP/1.1" "GET" "http"://"localhost:5093""""/swagger""" - null null (d509f86a)
2024-04-30T19:47:01.8152014-03:00 0HN39CTP461CJ:00000001 [INF] Request starting "HTTP/1.1" "GET" "http"://"localhost:5093""""/swagger/index.html""" - null null (d509f86a)
2024-04-30T19:47:02.2316359-03:00 0HN39CTP461CI:00000001 [INF] Request finished "HTTP/1.1" "GET" "http"://"localhost:5093""""/swagger""" - 499 null null 418.9391ms (74253ad3)
2024-04-30T19:47:02.3667933-03:00 0HN39CTP461CJ:00000001 [INF] Request finished "HTTP/1.1" "GET" "http"://"localhost:5093""""/swagger/index.html""" - 200 null "text/html;charset=utf-8" 554.6824ms (74253ad3)
2024-04-30T19:47:02.4786088-03:00 0HN39CTP461CJ:00000002 [INF] Request starting "HTTP/1.1" "GET" "http"://"localhost:5093""""/_framework/aspnetcore-browser-refresh.js""" - null null (d509f86a)
2024-04-30T19:47:02.4815776-03:00 0HN39CTP461CK:00000001 [INF] Request starting "HTTP/1.1" "GET" "http"://"localhost:5093""""/swagger/swagger-ui.css""" - null null (d509f86a)
2024-04-30T19:47:02.4835688-03:00 0HN39CTP461CJ:00000002 [INF] Request finished "HTTP/1.1" "GET" "http"://"localhost:5093""""/_framework/aspnetcore-browser-refresh.js""" - 200 13752 "application/javascript; charset=utf-8" 5.0986ms (74253ad3)
2024-04-30T19:47:02.4843533-03:00 0HN39CTP461CJ:00000003 [INF] Request starting "HTTP/1.1" "GET" "http"://"localhost:5093""""/swagger/swagger-ui-bundle.js""" - null null (d509f86a)
2024-04-30T19:47:02.4862636-03:00 0HN39CTP461CL:00000001 [INF] Request starting "HTTP/1.1" "GET" "http"://"localhost:5093""""/swagger/swagger-ui-standalone-preset.js""" - null null (d509f86a)
2024-04-30T19:47:02.4893804-03:00 0HN39CTP461CM:00000001 [INF] Request starting "HTTP/1.1" "GET" "http"://"localhost:5093""""/_vs/browserLink""" - null null (d509f86a)
2024-04-30T19:47:02.4961554-03:00 0HN39CTP461CK:00000001 [INF] The file "/swagger-ui.css" was not modified (f1f8d725)
2024-04-30T19:47:02.4961650-03:00 0HN39CTP461CJ:00000003 [INF] The file "/swagger-ui-bundle.js" was not modified (f1f8d725)
2024-04-30T19:47:02.4965945-03:00 0HN39CTP461CL:00000001 [INF] The file "/swagger-ui-standalone-preset.js" was not modified (f1f8d725)
2024-04-30T19:47:02.4972578-03:00 0HN39CTP461CK:00000001 [INF] Request finished "HTTP/1.1" "GET" "http"://"localhost:5093""""/swagger/swagger-ui.css""" - 304 null "text/css" 15.6395ms (74253ad3)
2024-04-30T19:47:02.4972577-03:00 0HN39CTP461CL:00000001 [INF] Request finished "HTTP/1.1" "GET" "http"://"localhost:5093""""/swagger/swagger-ui-standalone-preset.js""" - 304 null "text/javascript" 11.001ms (74253ad3)
2024-04-30T19:47:02.4972632-03:00 0HN39CTP461CJ:00000003 [INF] Request finished "HTTP/1.1" "GET" "http"://"localhost:5093""""/swagger/swagger-ui-bundle.js""" - 304 null "text/javascript" 12.8379ms (74253ad3)
2024-04-30T19:47:02.6434248-03:00 0HN39CTP461CM:00000001 [INF] Request finished "HTTP/1.1" "GET" "http"://"localhost:5093""""/_vs/browserLink""" - 200 null "text/javascript; charset=UTF-8" 156.8012ms (74253ad3)
2024-04-30T19:47:02.8226221-03:00 0HN39CTP461CM:00000002 [INF] Request starting "HTTP/1.1" "GET" "http"://"localhost:5093""""/swagger/v1/swagger.json""" - null null (d509f86a)
2024-04-30T19:47:03.0007595-03:00 0HN39CTP461CM:00000002 [INF] Request finished "HTTP/1.1" "GET" "http"://"localhost:5093""""/swagger/v1/swagger.json""" - 200 null "application/json;charset=utf-8" 178.1372ms (74253ad3)
