2024-05-21T19:32:14.4869298-03:00  [INF] Now listening on: "http://localhost:5093" (d826f4b8)
2024-05-21T19:32:14.6531275-03:00  [INF] Application started. Press Ctrl+C to shut down. (dcaefe54)
2024-05-21T19:32:14.6565824-03:00  [INF] Hosting environment: "Development" (bc5a1a4e)
2024-05-21T19:32:14.6584535-03:00  [INF] Content root path: "C:\Users\Sr.Orlandi\Documents\GitHub\Paradgmas-de-Programa-o\Trab_T2\ApiWebDB" (cc26f24e)
2024-05-21T19:32:16.7290462-03:00 0HN3PSNEJPBC8:00000001 [INF] Request starting "HTTP/1.1" "GET" "http"://"localhost:5093""""/swagger/index.html""" - null null (d509f86a)
2024-05-21T19:32:16.7290490-03:00 0HN3PSNEJPBC7:00000001 [INF] Request starting "HTTP/1.1" "GET" "http"://"localhost:5093""""/swagger""" - null null (d509f86a)
2024-05-21T19:32:17.2621303-03:00 0HN3PSNEJPBC7:00000001 [INF] Request finished "HTTP/1.1" "GET" "http"://"localhost:5093""""/swagger""" - 499 null null 539.2464ms (74253ad3)
2024-05-21T19:32:17.6556863-03:00 0HN3PSNEJPBC8:00000001 [INF] Request finished "HTTP/1.1" "GET" "http"://"localhost:5093""""/swagger/index.html""" - 200 null "text/html;charset=utf-8" 938.4904ms (74253ad3)
2024-05-21T19:32:17.7245396-03:00 0HN3PSNEJPBC8:00000002 [INF] Request starting "HTTP/1.1" "GET" "http"://"localhost:5093""""/_framework/aspnetcore-browser-refresh.js""" - null null (d509f86a)
2024-05-21T19:32:17.7312136-03:00 0HN3PSNEJPBC9:00000001 [INF] Request starting "HTTP/1.1" "GET" "http"://"localhost:5093""""/swagger/swagger-ui.css""" - null null (d509f86a)
2024-05-21T19:32:17.7334195-03:00 0HN3PSNEJPBC8:00000002 [INF] Request finished "HTTP/1.1" "GET" "http"://"localhost:5093""""/_framework/aspnetcore-browser-refresh.js""" - 200 13752 "application/javascript; charset=utf-8" 9.1962ms (74253ad3)
2024-05-21T19:32:17.7351477-03:00 0HN3PSNEJPBCA:00000001 [INF] Request starting "HTTP/1.1" "GET" "http"://"localhost:5093""""/swagger/swagger-ui-bundle.js""" - null null (d509f86a)
2024-05-21T19:32:17.7354792-03:00 0HN3PSNEJPBCB:00000001 [INF] Request starting "HTTP/1.1" "GET" "http"://"localhost:5093""""/swagger/swagger-ui-standalone-preset.js""" - null null (d509f86a)
2024-05-21T19:32:17.7368725-03:00 0HN3PSNEJPBCC:00000001 [INF] Request starting "HTTP/1.1" "GET" "http"://"localhost:5093""""/_vs/browserLink""" - null null (d509f86a)
2024-05-21T19:32:17.7586416-03:00 0HN3PSNEJPBC9:00000001 [INF] The file "/swagger-ui.css" was not modified (f1f8d725)
2024-05-21T19:32:17.7586404-03:00 0HN3PSNEJPBCB:00000001 [INF] The file "/swagger-ui-standalone-preset.js" was not modified (f1f8d725)
2024-05-21T19:32:17.7586404-03:00 0HN3PSNEJPBCA:00000001 [INF] The file "/swagger-ui-bundle.js" was not modified (f1f8d725)
2024-05-21T19:32:17.7605129-03:00 0HN3PSNEJPBC9:00000001 [INF] Request finished "HTTP/1.1" "GET" "http"://"localhost:5093""""/swagger/swagger-ui.css""" - 304 null "text/css" 29.1558ms (74253ad3)
2024-05-21T19:32:17.7605091-03:00 0HN3PSNEJPBCA:00000001 [INF] Request finished "HTTP/1.1" "GET" "http"://"localhost:5093""""/swagger/swagger-ui-bundle.js""" - 304 null "text/javascript" 25.3908ms (74253ad3)
2024-05-21T19:32:17.7605421-03:00 0HN3PSNEJPBCB:00000001 [INF] Request finished "HTTP/1.1" "GET" "http"://"localhost:5093""""/swagger/swagger-ui-standalone-preset.js""" - 304 null "text/javascript" 24.7834ms (74253ad3)
2024-05-21T19:32:18.0064191-03:00 0HN3PSNEJPBCC:00000001 [INF] Request finished "HTTP/1.1" "GET" "http"://"localhost:5093""""/_vs/browserLink""" - 200 null "text/javascript; charset=UTF-8" 269.8371ms (74253ad3)
2024-05-21T19:32:18.3078024-03:00 0HN3PSNEJPBCC:00000002 [INF] Request starting "HTTP/1.1" "GET" "http"://"localhost:5093""""/swagger/v1/swagger.json""" - null null (d509f86a)
2024-05-21T19:32:18.5975136-03:00 0HN3PSNEJPBCC:00000002 [INF] Request finished "HTTP/1.1" "GET" "http"://"localhost:5093""""/swagger/v1/swagger.json""" - 200 null "application/json;charset=utf-8" 291.3314ms (74253ad3)
